#
# There is insufficient memory for the Java Runtime Environment to continue.
# Native memory allocation (mmap) failed to map 264241152 bytes for committing reserved memory.
# Possible reasons:
#   The system is out of physical RAM or swap space
#   The process is running with CompressedOops enabled, and the Java Heap may be blocking the growth of the native heap
# Possible solutions:
#   Reduce memory load on the system
#   Increase physical memory or swap space
#   Check if swap backing store is full
#   Decrease Java heap size (-Xmx/-Xms)
#   Decrease number of Java threads
#   Decrease Java thread stack sizes (-Xss)
#   Set larger code cache with -XX:ReservedCodeCacheSize=
# This output file may be truncated or incomplete.
#
#  Out of Memory Error (os_linux.cpp:2893), pid=32350, tid=32350
#
# JRE version:  (11.0.4+11) (build )
# Java VM: OpenJDK 64-Bit Server VM (11.0.4+11-post-Ubuntu-1ubuntu218.04.3, mixed mode, aot, sharing, tiered, compressed oops, g1 gc, linux-amd64)
# Core dump will be written. Default location: Core dumps may be processed with "/usr/share/apport/apport %p %s %c %d %P" (or dumping to /home/dsuser04/DataScience/stats/core.32350)
#

---------------  S U M M A R Y ------------

Command Line: -Xmx512m -Xrs vfprintf exit -XX:+UnlockExperimentalVMOptions -XX:+DisablePrimordialThreadGuardPages 

Host: Intel(R) Xeon(R) CPU E5-2630 v4 @ 2.20GHz, 16 cores, 15G, Ubuntu 18.04.3 LTS
Time: Wed Dec  4 18:06:43 2019 IST elapsed time: 0 seconds (0d 0h 0m 0s)

---------------  T H R E A D  ---------------

Current thread (0x00007fcda010e800):  JavaThread "Unknown thread" [_thread_in_vm, id=32350, stack(0x00007fff066d6000,0x00007fff067d6000)]

Stack: [0x00007fff066d6000,0x00007fff067d6000],  sp=0x00007fff067828c0,  free space=690k
Native frames: (J=compiled Java code, A=aot compiled Java code, j=interpreted, Vv=VM code, C=native code)
V  [libjvm.so+0xde4547]
V  [libjvm.so+0xde519b]
V  [libjvm.so+0x6511a5]
V  [libjvm.so+0xbbed38]
V  [libjvm.so+0xbb5ebd]
V  [libjvm.so+0x76f53f]
V  [libjvm.so+0x76f7ae]
V  [libjvm.so+0x77b820]
V  [libjvm.so+0x7f6969]
V  [libjvm.so+0x7f75c2]
V  [libjvm.so+0x7f7a29]
V  [libjvm.so+0x72de6f]
V  [libjvm.so+0x72e55d]
V  [libjvm.so+0xd9ea32]
V  [libjvm.so+0xd9ecc6]
V  [libjvm.so+0x80f907]
V  [libjvm.so+0xd7d627]
V  [libjvm.so+0x8c8611]  JNI_CreateJavaVM+0x51


---------------  P R O C E S S  ---------------

Threads class SMR info:
_java_thread_list=0x00007fcda1b1d220, length=0, elements={
}

Java Threads: ( => current thread )

Other Threads:
  0x00007fcda207d800 GCTaskThread "GC Thread#0" [stack: 0x00007fcdceba5000,0x00007fcdceca5000] [id=32399]
  0x00007fcda24bd000 ConcurrentGCThread "G1 Main Marker" [stack: 0x00007fcdb2d3b000,0x00007fcdb2e3b000] [id=32400]
  0x00007fcda20b8000 ConcurrentGCThread "G1 Conc#0" [stack: 0x00007fcd80856000,0x00007fcd80956000] [id=32402]

[error occurred during error reporting (printing all threads), id 0xb, SIGSEGV (0xb) at pc=0x00007fcd9e066040]

VM state:not at safepoint (not fully initialized)

VM Mutex/Monitor currently owned by a thread:  ([mutex/lock_event])
[0x00007fcda00abb50] Heap_lock - owner thread: 0x00007fcda010e800

Heap address: 0x00000000e0000000, size: 512 MB, Compressed Oops mode: Non-zero based: 0x00000000e0000000
Narrow klass base: 0x0000000000000000, Narrow klass shift: 0

GC Heap History (0 events):
No events

Deoptimization events (0 events):
No events

Classes redefined (0 events):
No events

Internal exceptions (0 events):
No events

Events (0 events):
No events


Dynamic libraries:
efc00000-100000000 ---p 00000000 00:00 0 
55d80c156000-55d80c157000 r-xp 00000000 08:01 22288054                   /usr/lib/R/bin/exec/R
55d80c356000-55d80c357000 r--p 00000000 08:01 22288054                   /usr/lib/R/bin/exec/R
55d80c357000-55d80c358000 rw-p 00001000 08:01 22288054                   /usr/lib/R/bin/exec/R
55d80d93b000-55d814c2e000 rw-p 00000000 00:00 0                          [heap]
7fcd72000000-7fcd74000000 rw-p 00000000 00:00 0 
7fcd74000000-7fcd74021000 rw-p 00000000 00:00 0 
7fcd74021000-7fcd78000000 ---p 00000000 00:00 0 
7fcd78000000-7fcd78021000 rw-p 00000000 00:00 0 
7fcd78021000-7fcd7c000000 ---p 00000000 00:00 0 
7fcd7c000000-7fcd7c021000 rw-p 00000000 00:00 0 
7fcd7c021000-7fcd80000000 ---p 00000000 00:00 0 
7fcd80854000-7fcd80855000 ---p 00000000 00:00 0 
7fcd80855000-7fcd80956000 rw-p 00000000 00:00 0 
7fcd80956000-7fcd80bc6000 rwxp 00000000 00:00 0 
7fcd80bc6000-7fcd81094000 ---p 00000000 00:00 0 
7fcd81094000-7fcd81304000 rwxp 00000000 00:00 0 
7fcd81304000-7fcd884f5000 ---p 00000000 00:00 0 
7fcd884f5000-7fcd88765000 rwxp 00000000 00:00 0 
7fcd88765000-7fcd8f956000 ---p 00000000 00:00 0 
7fcd8f956000-7fcd98000000 r--s 00000000 08:01 22287407                   /usr/lib/jvm/java-11-openjdk-amd64/lib/modules
7fcd98000000-7fcd99f3c000 rw-p 00000000 00:00 0 
7fcd99f3c000-7fcd9c000000 ---p 00000000 00:00 0 
7fcd9c0d7000-7fcd9d0d7000 ---p 00000000 00:00 0 
7fcd9d0d7000-7fcd9d0dc000 r-xp 00000000 08:01 22287389                   /usr/lib/jvm/java-11-openjdk-amd64/lib/libjimage.so
7fcd9d0dc000-7fcd9d2db000 ---p 00005000 08:01 22287389                   /usr/lib/jvm/java-11-openjdk-amd64/lib/libjimage.so
7fcd9d2db000-7fcd9d2dc000 r--p 00004000 08:01 22287389                   /usr/lib/jvm/java-11-openjdk-amd64/lib/libjimage.so
7fcd9d2dc000-7fcd9d2dd000 rw-p 00005000 08:01 22287389                   /usr/lib/jvm/java-11-openjdk-amd64/lib/libjimage.so
7fcd9d2dd000-7fcd9d2e4000 r-xp 00000000 08:01 22287406                   /usr/lib/jvm/java-11-openjdk-amd64/lib/libzip.so
7fcd9d2e4000-7fcd9d4e3000 ---p 00007000 08:01 22287406                   /usr/lib/jvm/java-11-openjdk-amd64/lib/libzip.so
7fcd9d4e3000-7fcd9d4e4000 r--p 00006000 08:01 22287406                   /usr/lib/jvm/java-11-openjdk-amd64/lib/libzip.so
7fcd9d4e4000-7fcd9d4e5000 rw-p 00007000 08:01 22287406                   /usr/lib/jvm/java-11-openjdk-amd64/lib/libzip.so
7fcd9d4e5000-7fcd9d50e000 r-xp 00000000 08:01 22287385                   /usr/lib/jvm/java-11-openjdk-amd64/lib/libjava.so
7fcd9d50e000-7fcd9d70d000 ---p 00029000 08:01 22287385                   /usr/lib/jvm/java-11-openjdk-amd64/lib/libjava.so
7fcd9d70d000-7fcd9d70e000 r--p 00028000 08:01 22287385                   /usr/lib/jvm/java-11-openjdk-amd64/lib/libjava.so
7fcd9d70e000-7fcd9d710000 rw-p 00029000 08:01 22287385                   /usr/lib/jvm/java-11-openjdk-amd64/lib/libjava.so
7fcd9d710000-7fcd9d71d000 r-xp 00000000 08:01 22287405                   /usr/lib/jvm/java-11-openjdk-amd64/lib/libverify.so
7fcd9d71d000-7fcd9d91c000 ---p 0000d000 08:01 22287405                   /usr/lib/jvm/java-11-openjdk-amd64/lib/libverify.so
7fcd9d91c000-7fcd9d91e000 r--p 0000c000 08:01 22287405                   /usr/lib/jvm/java-11-openjdk-amd64/lib/libverify.so
7fcd9d91e000-7fcd9d91f000 rw-p 0000e000 08:01 22287405                   /usr/lib/jvm/java-11-openjdk-amd64/lib/libverify.so
7fcd9d91f000-7fcd9e9eb000 r-xp 00000000 08:01 22287412                   /usr/lib/jvm/java-11-openjdk-amd64/lib/server/libjvm.so
7fcd9e9eb000-7fcd9ebea000 ---p 010cc000 08:01 22287412                   /usr/lib/jvm/java-11-openjdk-amd64/lib/server/libjvm.so
7fcd9ebea000-7fcd9eca7000 r--p 010cb000 08:01 22287412                   /usr/lib/jvm/java-11-openjdk-amd64/lib/server/libjvm.so
7fcd9eca7000-7fcd9ece0000 rw-p 01188000 08:01 22287412                   /usr/lib/jvm/java-11-openjdk-amd64/lib/server/libjvm.so
7fcd9ece0000-7fcd9ed36000 rw-p 00000000 00:00 0 
7fcd9ed36000-7fcd9ed46000 r-xp 00000000 08:01 1837676                    /usr/lib/R/library/rJava/libs/rJava.so
7fcd9ed46000-7fcd9ef45000 ---p 00010000 08:01 1837676                    /usr/lib/R/library/rJava/libs/rJava.so
7fcd9ef45000-7fcd9ef46000 r--p 0000f000 08:01 1837676                    /usr/lib/R/library/rJava/libs/rJava.so
7fcd9ef46000-7fcd9ef47000 rw-p 00010000 08:01 1837676                    /usr/lib/R/library/rJava/libs/rJava.so
7fcd9ef47000-7fcd9ef4d000 r-xp 00000000 08:01 1051409                    /usr/lib/R/library/Hmisc/libs/Hmisc.so
7fcd9ef4d000-7fcd9f14c000 ---p 00006000 08:01 1051409                    /usr/lib/R/library/Hmisc/libs/Hmisc.so
7fcd9f14c000-7fcd9f14d000 r--p 00005000 08:01 1051409                    /usr/lib/R/library/Hmisc/libs/Hmisc.so
7fcd9f14d000-7fcd9f14e000 rw-p 00006000 08:01 1051409                    /usr/lib/R/library/Hmisc/libs/Hmisc.so
7fcd9f14e000-7fcd9f1bd000 r-xp 00000000 08:01 23206155                   /usr/local/lib/R/site-library/stringi/libs/stringi.so
7fcd9f1bd000-7fcd9f3bc000 ---p 0006f000 08:01 23206155                   /usr/local/lib/R/site-library/stringi/libs/stringi.so
7fcd9f3bc000-7fcd9f3be000 r--p 0006e000 08:01 23206155                   /usr/local/lib/R/site-library/stringi/libs/stringi.so
7fcd9f3be000-7fcd9f3bf000 rw-p 00070000 08:01 23206155                   /usr/local/lib/R/site-library/stringi/libs/stringi.so
7fcd9f3bf000-7fcd9f3cf000 r-xp 00000000 08:01 921384                     /usr/lib/R/library/checkmate/libs/checkmate.so
7fcd9f3cf000-7fcd9f5ce000 ---p 00010000 08:01 921384                     /usr/lib/R/library/checkmate/libs/checkmate.so
7fcd9f5ce000-7fcd9f5cf000 r--p 0000f000 08:01 921384                     /usr/lib/R/library/checkmate/libs/checkmate.so
7fcd9f5cf000-7fcd9f5d0000 rw-p 00010000 08:01 921384                     /usr/lib/R/library/checkmate/libs/checkmate.so
7fcd9f5d0000-7fcd9f5dc000 r-xp 00000000 08:01 23202426                   /usr/lib/R/library/rpart/libs/rpart.so
7fcd9f5dc000-7fcd9f7db000 ---p 0000c000 08:01 23202426                   /usr/lib/R/library/rpart/libs/rpart.so
7fcd9f7db000-7fcd9f7dc000 r--p 0000b000 08:01 23202426                   /usr/lib/R/library/rpart/libs/rpart.so
7fcd9f7dc000-7fcd9f7dd000 rw-p 0000c000 08:01 23202426                   /usr/lib/R/library/rpart/libs/rpart.so
7fcd9f7dd000-7fcd9f7e1000 r-xp 00000000 08:01 23201197                   /usr/lib/R/library/nnet/libs/nnet.so
7fcd9f7e1000-7fcd9f9e0000 ---p 00004000 08:01 23201197                   /usr/lib/R/library/nnet/libs/nnet.so
7fcd9f9e0000-7fcd9f9e1000 r--p 00003000 08:01 23201197                   /usr/lib/R/library/nnet/libs/nnet.so
7fcd9f9e1000-7fcd9f9e2000 rw-p 00004000 08:01 23201197                   /usr/lib/R/library/nnet/libs/nnet.so
7fcd9f9e2000-7fcd9f9f2000 r-xp 00000000 08:01 23072847                   /usr/lib/R/library/cluster/libs/cluster.so
7fcd9f9f2000-7fcd9fbf1000 ---p 00010000 08:01 23072847                   /usr/lib/R/library/cluster/libs/cluster.so
7fcd9fbf1000-7fcd9fbf2000 r--p 0000f000 08:01 23072847                   /usr/lib/R/library/cluster/libs/cluster.so
7fcd9fbf2000-7fcd9fbf3000 rw-p 00010000 08:01 23072847                   /usr/lib/R/library/cluster/libs/cluster.so
7fcd9fbf3000-7fcd9fbfa000 r-xp 00000000 08:01 789684                     /usr/lib/R/library/acepack/libs/acepack.so
7fcd9fbfa000-7fcd9fdf9000 ---p 00007000 08:01 789684                     /usr/lib/R/library/acepack/libs/acepack.so
7fcd9fdf9000-7fcd9fdfa000 r--p 00006000 08:01 789684                     /usr/lib/R/library/acepack/libs/acepack.so
7fcd9fdfa000-7fcd9fdfb000 rw-p 00007000 08:01 789684                     /usr/lib/R/library/acepack/libs/acepack.so
7fcd9fdfb000-7fcd9fdfe000 r-xp 00000000 08:01 25298379                   /usr/local/lib/R/site-library/lazyeval/libs/lazyeval.so
7fcd9fdfe000-7fcd9fffe000 ---p 00003000 08:01 25298379                   /usr/local/lib/R/site-library/lazyeval/libs/lazyeval.so
7fcd9fffe000-7fcd9ffff000 r--p 00003000 08:01 25298379                   /usr/local/lib/R/site-library/lazyeval/libs/lazyeval.so
7fcd9ffff000-7fcda0000000 rw-p 00004000 08:01 25298379                   /usr/local/lib/R/site-library/lazyeval/libs/lazyeval.so
7fcda0000000-7fcda4000000 rw-p 00000000 00:00 0 
7fcda4037000-7fcda4049000 r-xp 00000000 08:01 25428653                   /usr/local/lib/R/site-library/scales/libs/scales.so
7fcda4049000-7fcda4249000 ---p 00012000 08:01 25428653                   /usr/local/lib/R/site-library/scales/libs/scales.so
7fcda4249000-7fcda424a000 r--p 00012000 08:01 25428653                   /usr/local/lib/R/site-library/scales/libs/scales.so
7fcda424a000-7fcda424b000 rw-p 00013000 08:01 25428653                   /usr/local/lib/R/site-library/scales/libs/scales.so
7fcda424b000-7fcda4256000 r-xp 00000000 08:01 23205239                   /usr/local/lib/R/site-library/colorspace/libs/colorspace.so
7fcda4256000-7fcda4455000 ---p 0000b000 08:01 23205239                   /usr/local/lib/R/site-library/colorspace/libs/colorspace.so
7fcda4455000-7fcda4456000 r--p 0000a000 08:01 23205239                   /usr/local/lib/R/site-library/colorspace/libs/colorspace.so
7fcda4456000-7fcda4457000 rw-p 0000b000 08:01 23205239                   /usr/local/lib/R/site-library/colorspace/libs/colorspace.so
7fcda4457000-7fcda447e000 r-xp 00000000 08:01 23201961                   /usr/lib/R/library/survival/libs/survival.so
7fcda447e000-7fcda467e000 ---p 00027000 08:01 23201961                   /usr/lib/R/library/survival/libs/survival.so
7fcda467e000-7fcda467f000 r--p 00027000 08:01 23201961                   /usr/lib/R/library/survival/libs/survival.so
7fcda467f000-7fcda4680000 rw-p 00028000 08:01 23201961                   /usr/lib/R/library/survival/libs/survival.so
7fcda4680000-7fcda473b000 r-xp 00000000 08:01 23073181                   /usr/lib/R/library/Matrix/libs/Matrix.so
7fcda473b000-7fcda493b000 ---p 000bb000 08:01 23073181                   /usr/lib/R/library/Matrix/libs/Matrix.so
7fcda493b000-7fcda493c000 r--p 000bb000 08:01 23073181                   /usr/lib/R/library/Matrix/libs/Matrix.so
7fcda493c000-7fcda493f000 rw-p 000bc000 08:01 23073181                   /usr/lib/R/library/Matrix/libs/Matrix.so
7fcda493f000-7fcda4bed000 rw-p 00000000 00:00 0 
7fcda4bed000-7fcda4bf0000 r-xp 00000000 08:01 23073083                   /usr/lib/R/library/lattice/libs/lattice.so
7fcda4bf0000-7fcda4def000 ---p 00003000 08:01 23073083                   /usr/lib/R/library/lattice/libs/lattice.so
7fcda4def000-7fcda4df0000 r--p 00002000 08:01 23073083                   /usr/lib/R/library/lattice/libs/lattice.so
7fcda4df0000-7fcda4df1000 rw-p 00003000 08:01 23073083                   /usr/lib/R/library/lattice/libs/lattice.so
7fcda4df1000-7fcda4e10000 r-xp 00000000 08:01 22809277                   /usr/lib/R/library/grid/libs/grid.so
7fcda4e10000-7fcda5010000 ---p 0001f000 08:01 22809277                   /usr/lib/R/library/grid/libs/grid.so
7fcda5010000-7fcda5011000 r--p 0001f000 08:01 22809277                   /usr/lib/R/library/grid/libs/grid.so
7fcda5011000-7fcda5012000 rw-p 00020000 08:01 22809277                   /usr/lib/R/library/grid/libs/grid.so
7fcda5012000-7fcda5014000 r-xp 00000000 08:01 22938611                   /usr/lib/R/library/splines/libs/splines.so
7fcda5014000-7fcda5213000 ---p 00002000 08:01 22938611                   /usr/lib/R/library/splines/libs/splines.so
7fcda5213000-7fcda5214000 r--p 00001000 08:01 22938611                   /usr/lib/R/library/splines/libs/splines.so
7fcda5214000-7fcda5215000 rw-p 00002000 08:01 22938611                   /usr/lib/R/library/splines/libs/splines.so
7fcda5215000-7fcda53ef000 r-xp 00000000 08:01 25428954                   /usr/local/lib/R/site-library/dplyr/libs/dplyr.so
7fcda53ef000-7fcda55ef000 ---p 001da000 08:01 25428954                   /usr/local/lib/R/site-library/dplyr/libs/dplyr.so
7fcda55ef000-7fcda55f4000 r--p 001da000 08:01 25428954                   /usr/local/lib/R/site-library/dplyr/libs/dplyr.so
7fcda55f4000-7fcda55f5000 rw-p 001df000 08:01 25428954                   /usr/local/lib/R/site-library/dplyr/libs/dplyr.so
7fcda55f5000-7fcda55fa000 rw-p 00000000 00:00 0 
7fcda55fa000-7fcda560f000 r-xp 00000000 08:01 25428731                   /usr/local/lib/R/site-library/tidyselect/libs/tidyselect.so
7fcda560f000-7fcda580e000 ---p 00015000 08:01 25428731                   /usr/local/lib/R/site-library/tidyselect/libs/tidyselect.so
7fcda580e000-7fcda580f000 r--p 00014000 08:01 25428731                   /usr/local/lib/R/site-library/tidyselect/libs/tidyselect.so
7fcda580f000-7fcda5810000 rw-p 00015000 08:01 25428731                   /usr/local/lib/R/site-library/tidyselect/libs/tidyselect.so
7fcda5810000-7fcda5818000 r-xp 00000000 08:01 25428390                   /usr/local/lib/R/site-library/purrr/libs/purrr.so
7fcda5818000-7fcda5a17000 ---p 00008000 08:01 25428390                   /usr/local/lib/R/site-library/purrr/libs/purrr.so
7fcda5a17000-7fcda5a18000 r--p 00007000 08:01 25428390                   /usr/local/lib/R/site-library/purrr/libs/purrr.so
7fcda5a18000-7fcda5a19000 rw-p 00008000 08:01 25428390                   /usr/local/lib/R/site-library/purrr/libs/purrr.so
7fcda5a19000-7fcda5a1b000 r-xp 00000000 08:01 25428015                   /usr/local/lib/R/site-library/glue/libs/glue.so
7fcda5a1b000-7fcda5c1a000 ---p 00002000 08:01 25428015                   /usr/local/lib/R/site-library/glue/libs/glue.so
7fcda5c1a000-7fcda5c1b000 r--p 00001000 08:01 25428015                   /usr/local/lib/R/site-library/glue/libs/glue.so
7fcda5c1b000-7fcda5c1c000 rw-p 00002000 08:01 25428015                   /usr/local/lib/R/site-library/glue/libs/glue.so
7fcda5c1c000-7fcda5c2e000 r-xp 00000000 08:01 786812                     /usr/lib/R/library/e1071/libs/e1071.so
7fcda5c2e000-7fcda5e2d000 ---p 00012000 08:01 786812                     /usr/lib/R/library/e1071/libs/e1071.so
7fcda5e2d000-7fcda5e2e000 r--p 00011000 08:01 786812                     /usr/lib/R/library/e1071/libs/e1071.so
7fcda5e2e000-7fcda5e2f000 rw-p 00012000 08:01 786812                     /usr/lib/R/library/e1071/libs/e1071.so
7fcda5e2f000-7fcda5e32000 r-xp 00000000 08:01 23071853                   /usr/lib/R/library/class/libs/class.so
7fcda5e32000-7fcda6031000 ---p 00003000 08:01 23071853                   /usr/lib/R/library/class/libs/class.so
7fcda6031000-7fcda6032000 r--p 00002000 08:01 23071853                   /usr/lib/R/library/class/libs/class.so
7fcda6032000-7fcda6033000 rw-p 00003000 08:01 23071853                   /usr/lib/R/library/class/libs/class.so
7fcda6033000-7fcda6084000 r-xp 00000000 08:01 918028                     /usr/lib/R/library/readxl/libs/readxl.so
7fcda6084000-7fcda6284000 ---p 00051000 08:01 918028                     /usr/lib/R/library/readxl/libs/readxl.so
7fcda6284000-7fcda6285000 r--p 00051000 08:01 918028                     /usr/lib/R/library/readxl/libs/readxl.so
7fcda6285000-7fcda6287000 rw-p 00052000 08:01 918028                     /usr/lib/R/library/readxl/libs/readxl.so
7fcda6287000-7fcda6288000 rw-p 00000000 00:00 0 
7fcda6288000-7fcda62e9000 r-xp 00000000 08:01 790863                     /usr/lib/R/library/openxlsx/libs/openxlsx.so
7fcda62e9000-7fcda64e9000 ---p 00061000 08:01 790863                     /usr/lib/R/library/openxlsx/libs/openxlsx.so
7fcda64e9000-7fcda64ea000 r--p 00061000 08:01 790863                     /usr/lib/R/library/openxlsx/libs/openxlsx.so
7fcda64ea000-7fcda64eb000 rw-p 00062000 08:01 790863                     /usr/lib/R/library/openxlsx/libs/openxlsx.so
7fcda64eb000-7fcda64ec000 rw-p 00000000 00:00 0 
7fcda64ec000-7fcda6504000 r-xp 00000000 08:01 1450198                    /usr/local/lib/R/site-library/zip/libs/zip.so
7fcda6504000-7fcda6703000 ---p 00018000 08:01 1450198                    /usr/local/lib/R/site-library/zip/libs/zip.so
7fcda6703000-7fcda6704000 r--p 00017000 08:01 1450198                    /usr/local/lib/R/site-library/zip/libs/zip.so
7fcda6704000-7fcda6705000 rw-p 00018000 08:01 1450198                    /usr/local/lib/R/site-library/zip/libs/zip.so
7fcda6705000-7fcda675f000 r-xp 00000000 08:01 920231                     /usr/lib/R/library/haven/libs/haven.so
7fcda675f000-7fcda695f000 ---p 0005a000 08:01 920231                     /usr/lib/R/library/haven/libs/haven.so
7fcda695f000-7fcda6960000 r--p 0005a000 08:01 920231                     /usr/lib/R/library/haven/libs/haven.so
7fcda6960000-7fcda6962000 rw-p 0005b000 08:01 920231                     /usr/lib/R/library/haven/libs/haven.so
7fcda6962000-7fcda6963000 rw-p 00000000 00:00 0 
7fcda6963000-7fcda6965000 r-xp 00000000 08:01 25428868                   /usr/local/lib/R/site-library/tibble/libs/tibble.so
7fcda6965000-7fcda6b65000 ---p 00002000 08:01 25428868                   /usr/local/lib/R/site-library/tibble/libs/tibble.so
7fcda6b65000-7fcda6b66000 r--p 00002000 08:01 25428868                   /usr/local/lib/R/site-library/tibble/libs/tibble.so
7fcda6b66000-7fcda6b67000 rw-p 00003000 08:01 25428868                   /usr/local/lib/R/site-library/tibble/libs/tibble.so
7fcda6b67000-7fcda6b68000 r-xp 00000000 08:01 23204182                   /usr/local/lib/R/site-library/backports/libs/backports.so
7fcda6b68000-7fcda6d67000 ---p 00001000 08:01 23204182                   /usr/local/lib/R/site-library/backports/libs/backports.so
7fcda6d67000-7fcda6d68000 r--p 00000000 08:01 23204182                   /usr/local/lib/R/site-library/backports/libs/backports.so
7fcda6d68000-7fcda6d69000 rw-p 00001000 08:01 23204182                   /usr/local/lib/R/site-library/backports/libs/backports.so
7fcda6d69000-7fcda6d88000 r-xp 00000000 08:01 25428572                   /usr/local/lib/R/site-library/vctrs/libs/vctrs.so
7fcda6d88000-7fcda6f88000 ---p 0001f000 08:01 25428572                   /usr/local/lib/R/site-library/vctrs/libs/vctrs.so
7fcda6f88000-7fcda6f89000 r--p 0001f000 08:01 25428572                   /usr/local/lib/R/site-library/vctrs/libs/vctrs.so
7fcda6f89000-7fcda6f8a000 rw-p 00020000 08:01 25428572                   /usr/local/lib/R/site-library/vctrs/libs/vctrs.so
7fcda6f8a000-7fcda6fa2000 r-xp 00000000 08:01 23072979                   /usr/lib/R/library/foreign/libs/foreign.so
7fcda6fa2000-7fcda71a1000 ---p 00018000 08:01 23072979                   /usr/lib/R/library/foreign/libs/foreign.so
7fcda71a1000-7fcda71a2000 r--p 00017000 08:01 23072979                   /usr/lib/R/library/foreign/libs/foreign.so
7fcda71a2000-7fcda71a3000 rw-p 00018000 08:01 23072979                   /usr/lib/R/library/foreign/libs/foreign.so
7fcda71a3000-7fcda7203000 r-xp 00000000 08:01 23203171                   /usr/local/lib/R/site-library/data.table/libs/datatable.so
7fcda7203000-7fcda7403000 ---p 00060000 08:01 23203171                   /usr/local/lib/R/site-library/data.table/libs/datatable.so
7fcda7403000-7fcda7404000 r--p 00060000 08:01 23203171                   /usr/local/lib/R/site-library/data.table/libs/datatable.so
7fcda7404000-7fcda7405000 rw-p 00061000 08:01 23203171                   /usr/local/lib/R/site-library/data.table/libs/datatable.so
7fcda7405000-7fcda7406000 rw-p 00000000 00:00 0 
7fcda7406000-7fcda740f000 r-xp 00000000 08:01 12849816                   /lib/x86_64-linux-gnu/libcrypt-2.27.so
7fcda740f000-7fcda760e000 ---p 00009000 08:01 12849816                   /lib/x86_64-linux-gnu/libcrypt-2.27.so
7fcda760e000-7fcda760f000 r--p 00008000 08:01 12849816                   /lib/x86_64-linux-gnu/libcrypt-2.27.so
7fcda760f000-7fcda7610000 rw-p 00009000 08:01 12849816                   /lib/x86_64-linux-gnu/libcrypt-2.27.so
7fcda7610000-7fcda763e000 rw-p 00000000 00:00 0 
7fcda763e000-7fcda7742000 r-xp 00000000 08:01 22028373                   /usr/lib/x86_64-linux-gnu/libsqlite3.so.0.8.6
7fcda7742000-7fcda7941000 ---p 00104000 08:01 22028373                   /usr/lib/x86_64-linux-gnu/libsqlite3.so.0.8.6
7fcda7941000-7fcda7944000 r--p 00103000 08:01 22028373                   /usr/lib/x86_64-linux-gnu/libsqlite3.so.0.8.6
7fcda7944000-7fcda7946000 rw-p 00106000 08:01 22028373                   /usr/lib/x86_64-linux-gnu/libsqlite3.so.0.8.6
7fcda7946000-7fcda7947000 rw-p 00000000 00:00 0 
7fcda7947000-7fcda798d000 r-xp 00000000 08:01 22028313                   /usr/lib/x86_64-linux-gnu/libhx509.so.5.0.0
7fcda798d000-7fcda7b8c000 ---p 00046000 08:01 22028313                   /usr/lib/x86_64-linux-gnu/libhx509.so.5.0.0
7fcda7b8c000-7fcda7b8f000 r--p 00045000 08:01 22028313                   /usr/lib/x86_64-linux-gnu/libhx509.so.5.0.0
7fcda7b8f000-7fcda7b90000 rw-p 00048000 08:01 22028313                   /usr/lib/x86_64-linux-gnu/libhx509.so.5.0.0
7fcda7b90000-7fcda7b91000 rw-p 00000000 00:00 0 
7fcda7b91000-7fcda7b9f000 r-xp 00000000 08:01 22028297                   /usr/lib/x86_64-linux-gnu/libheimbase.so.1.0.0
7fcda7b9f000-7fcda7d9e000 ---p 0000e000 08:01 22028297                   /usr/lib/x86_64-linux-gnu/libheimbase.so.1.0.0
7fcda7d9e000-7fcda7d9f000 r--p 0000d000 08:01 22028297                   /usr/lib/x86_64-linux-gnu/libheimbase.so.1.0.0
7fcda7d9f000-7fcda7da0000 rw-p 0000e000 08:01 22028297                   /usr/lib/x86_64-linux-gnu/libheimbase.so.1.0.0
7fcda7da0000-7fcda7dc8000 r-xp 00000000 08:01 22028853                   /usr/lib/x86_64-linux-gnu/libwind.so.0.0.0
7fcda7dc8000-7fcda7fc7000 ---p 00028000 08:01 22028853                   /usr/lib/x86_64-linux-gnu/libwind.so.0.0.0
7fcda7fc7000-7fcda7fc8000 r--p 00027000 08:01 22028853                   /usr/lib/x86_64-linux-gnu/libwind.so.0.0.0
7fcda7fc8000-7fcda7fc9000 rw-p 00028000 08:01 22028853                   /usr/lib/x86_64-linux-gnu/libwind.so.0.0.0
7fcda7fc9000-7fcda7fde000 r-xp 00000000 08:01 22028653                   /usr/lib/x86_64-linux-gnu/libroken.so.18.1.0
7fcda7fde000-7fcda81dd000 ---p 00015000 08:01 22028653                   /usr/lib/x86_64-linux-gnu/libroken.so.18.1.0
7fcda81dd000-7fcda81de000 r--p 00014000 08:01 22028653                   /usr/lib/x86_64-linux-gnu/libroken.so.18.1.0
7fcda81de000-7fcda81df000 rw-p 00015000 08:01 22028653                   /usr/lib/x86_64-linux-gnu/libroken.so.18.1.0
7fcda81df000-7fcda8212000 r-xp 00000000 08:01 22028295                   /usr/lib/x86_64-linux-gnu/libhcrypto.so.4.1.0
7fcda8212000-7fcda8411000 ---p 00033000 08:01 22028295                   /usr/lib/x86_64-linux-gnu/libhcrypto.so.4.1.0
7fcda8411000-7fcda8413000 r--p 00032000 08:01 22028295                   /usr/lib/x86_64-linux-gnu/libhcrypto.so.4.1.0
7fcda8413000-7fcda8414000 rw-p 00034000 08:01 22028295                   /usr/lib/x86_64-linux-gnu/libhcrypto.so.4.1.0
7fcda8414000-7fcda8415000 rw-p 00000000 00:00 0 
7fcda8415000-7fcda84b3000 r-xp 00000000 08:01 22027812                   /usr/lib/x86_64-linux-gnu/libasn1.so.8.0.0
7fcda84b3000-7fcda86b3000 ---p 0009e000 08:01 22027812                   /usr/lib/x86_64-linux-gnu/libasn1.so.8.0.0
7fcda86b3000-7fcda86b4000 r--p 0009e000 08:01 22027812                   /usr/lib/x86_64-linux-gnu/libasn1.so.8.0.0
7fcda86b4000-7fcda86b7000 rw-p 0009f000 08:01 22027812                   /usr/lib/x86_64-linux-gnu/libasn1.so.8.0.0
7fcda86b7000-7fcda873e000 r-xp 00000000 08:01 22028398                   /usr/lib/x86_64-linux-gnu/libkrb5.so.26.0.0
7fcda873e000-7fcda893d000 ---p 00087000 08:01 22028398                   /usr/lib/x86_64-linux-gnu/libkrb5.so.26.0.0
7fcda893d000-7fcda8941000 r--p 00086000 08:01 22028398                   /usr/lib/x86_64-linux-gnu/libkrb5.so.26.0.0
7fcda8941000-7fcda8943000 rw-p 0008a000 08:01 22028398                   /usr/lib/x86_64-linux-gnu/libkrb5.so.26.0.0
7fcda8943000-7fcda8944000 rw-p 00000000 00:00 0 
7fcda8944000-7fcda894c000 r-xp 00000000 08:01 22028299                   /usr/lib/x86_64-linux-gnu/libheimntlm.so.0.1.0
7fcda894c000-7fcda8b4b000 ---p 00008000 08:01 22028299                   /usr/lib/x86_64-linux-gnu/libheimntlm.so.0.1.0
7fcda8b4b000-7fcda8b4c000 r--p 00007000 08:01 22028299                   /usr/lib/x86_64-linux-gnu/libheimntlm.so.0.1.0
7fcda8b4c000-7fcda8b4d000 rw-p 00008000 08:01 22028299                   /usr/lib/x86_64-linux-gnu/libheimntlm.so.0.1.0
7fcda8b4d000-7fcda8b50000 r-xp 00000000 08:01 12849860                   /lib/x86_64-linux-gnu/libkeyutils.so.1.5
7fcda8b50000-7fcda8d4f000 ---p 00003000 08:01 12849860                   /lib/x86_64-linux-gnu/libkeyutils.so.1.5
7fcda8d4f000-7fcda8d50000 r--p 00002000 08:01 12849860                   /lib/x86_64-linux-gnu/libkeyutils.so.1.5
7fcda8d50000-7fcda8d51000 rw-p 00003000 08:01 12849860                   /lib/x86_64-linux-gnu/libkeyutils.so.1.5
7fcda8d51000-7fcda8d62000 r-xp 00000000 08:01 22028741                   /usr/lib/x86_64-linux-gnu/libtasn1.so.6.5.5
7fcda8d62000-7fcda8f62000 ---p 00011000 08:01 22028741                   /usr/lib/x86_64-linux-gnu/libtasn1.so.6.5.5
7fcda8f62000-7fcda8f63000 r--p 00011000 08:01 22028741                   /usr/lib/x86_64-linux-gnu/libtasn1.so.6.5.5
7fcda8f63000-7fcda8f64000 rw-p 00012000 08:01 22028741                   /usr/lib/x86_64-linux-gnu/libtasn1.so.6.5.5
7fcda8f64000-7fcda907e000 r-xp 00000000 08:01 22028536                   /usr/lib/x86_64-linux-gnu/libp11-kit.so.0.3.0
7fcda907e000-7fcda927e000 ---p 0011a000 08:01 22028536                   /usr/lib/x86_64-linux-gnu/libp11-kit.so.0.3.0
7fcda927e000-7fcda9288000 r--p 0011a000 08:01 22028536                   /usr/lib/x86_64-linux-gnu/libp11-kit.so.0.3.0
7fcda9288000-7fcda9292000 rw-p 00124000 08:01 22028536                   /usr/lib/x86_64-linux-gnu/libp11-kit.so.0.3.0
7fcda9292000-7fcda9293000 rw-p 00000000 00:00 0 
7fcda9293000-7fcda92d0000 r-xp 00000000 08:01 22028227                   /usr/lib/x86_64-linux-gnu/libgssapi.so.3.0.0
7fcda92d0000-7fcda94d0000 ---p 0003d000 08:01 22028227                   /usr/lib/x86_64-linux-gnu/libgssapi.so.3.0.0
7fcda94d0000-7fcda94d2000 r--p 0003d000 08:01 22028227                   /usr/lib/x86_64-linux-gnu/libgssapi.so.3.0.0
7fcda94d2000-7fcda94d4000 rw-p 0003f000 08:01 22028227                   /usr/lib/x86_64-linux-gnu/libgssapi.so.3.0.0
7fcda94d4000-7fcda94ed000 r-xp 00000000 08:01 22028677                   /usr/lib/x86_64-linux-gnu/libsasl2.so.2.0.25
7fcda94ed000-7fcda96ed000 ---p 00019000 08:01 22028677                   /usr/lib/x86_64-linux-gnu/libsasl2.so.2.0.25
7fcda96ed000-7fcda96ee000 r--p 00019000 08:01 22028677                   /usr/lib/x86_64-linux-gnu/libsasl2.so.2.0.25
7fcda96ee000-7fcda96ef000 rw-p 0001a000 08:01 22028677                   /usr/lib/x86_64-linux-gnu/libsasl2.so.2.0.25
7fcda96ef000-7fcda9706000 r-xp 00000000 08:01 12849945                   /lib/x86_64-linux-gnu/libresolv-2.27.so
7fcda9706000-7fcda9906000 ---p 00017000 08:01 12849945                   /lib/x86_64-linux-gnu/libresolv-2.27.so
7fcda9906000-7fcda9907000 r--p 00017000 08:01 12849945                   /lib/x86_64-linux-gnu/libresolv-2.27.so
7fcda9907000-7fcda9908000 rw-p 00018000 08:01 12849945                   /lib/x86_64-linux-gnu/libresolv-2.27.so
7fcda9908000-7fcda990a000 rw-p 00000000 00:00 0 
7fcda990a000-7fcda9914000 r-xp 00000000 08:01 22022647                   /usr/lib/x86_64-linux-gnu/libkrb5support.so.0.1
7fcda9914000-7fcda9b13000 ---p 0000a000 08:01 22022647                   /usr/lib/x86_64-linux-gnu/libkrb5support.so.0.1
7fcda9b13000-7fcda9b14000 r--p 00009000 08:01 22022647                   /usr/lib/x86_64-linux-gnu/libkrb5support.so.0.1
7fcda9b14000-7fcda9b15000 rw-p 0000a000 08:01 22022647                   /usr/lib/x86_64-linux-gnu/libkrb5support.so.0.1
7fcda9b15000-7fcda9b18000 r-xp 00000000 08:01 12845253                   /lib/x86_64-linux-gnu/libcom_err.so.2.1
7fcda9b18000-7fcda9d17000 ---p 00003000 08:01 12845253                   /lib/x86_64-linux-gnu/libcom_err.so.2.1
7fcda9d17000-7fcda9d18000 r--p 00002000 08:01 12845253                   /lib/x86_64-linux-gnu/libcom_err.so.2.1
7fcda9d18000-7fcda9d19000 rw-p 00003000 08:01 12845253                   /lib/x86_64-linux-gnu/libcom_err.so.2.1
7fcda9d19000-7fcda9d47000 r-xp 00000000 08:01 22022262                   /usr/lib/x86_64-linux-gnu/libk5crypto.so.3.1
7fcda9d47000-7fcda9f47000 ---p 0002e000 08:01 22022262                   /usr/lib/x86_64-linux-gnu/libk5crypto.so.3.1
7fcda9f47000-7fcda9f49000 r--p 0002e000 08:01 22022262                   /usr/lib/x86_64-linux-gnu/libk5crypto.so.3.1
7fcda9f49000-7fcda9f4a000 rw-p 00030000 08:01 22022262                   /usr/lib/x86_64-linux-gnu/libk5crypto.so.3.1
7fcda9f4a000-7fcda9f4b000 rw-p 00000000 00:00 0 
7fcda9f4b000-7fcdaa011000 r-xp 00000000 08:01 22022789                   /usr/lib/x86_64-linux-gnu/libkrb5.so.3.3
7fcdaa011000-7fcdaa211000 ---p 000c6000 08:01 22022789                   /usr/lib/x86_64-linux-gnu/libkrb5.so.3.3
7fcdaa211000-7fcdaa21f000 r--p 000c6000 08:01 22022789                   /usr/lib/x86_64-linux-gnu/libkrb5.so.3.3
7fcdaa21f000-7fcdaa221000 rw-p 000d4000 08:01 22022789                   /usr/lib/x86_64-linux-gnu/libkrb5.so.3.3
7fcdaa221000-7fcdaa2a0000 r-xp 00000000 08:01 22028174                   /usr/lib/x86_64-linux-gnu/libgmp.so.10.3.2
7fcdaa2a0000-7fcdaa4a0000 ---p 0007f000 08:01 22028174                   /usr/lib/x86_64-linux-gnu/libgmp.so.10.3.2
7fcdaa4a0000-7fcdaa4a1000 r--p 0007f000 08:01 22028174                   /usr/lib/x86_64-linux-gnu/libgmp.so.10.3.2
7fcdaa4a1000-7fcdaa4a2000 rw-p 00080000 08:01 22028174                   /usr/lib/x86_64-linux-gnu/libgmp.so.10.3.2
7fcdaa4a2000-7fcdaa4d6000 r-xp 00000000 08:01 22028498                   /usr/lib/x86_64-linux-gnu/libnettle.so.6.4
7fcdaa4d6000-7fcdaa6d5000 ---p 00034000 08:01 22028498                   /usr/lib/x86_64-linux-gnu/libnettle.so.6.4
7fcdaa6d5000-7fcdaa6d7000 r--p 00033000 08:01 22028498                   /usr/lib/x86_64-linux-gnu/libnettle.so.6.4
7fcdaa6d7000-7fcdaa6d8000 rw-p 00035000 08:01 22028498                   /usr/lib/x86_64-linux-gnu/libnettle.so.6.4
7fcdaa6d8000-7fcdaa70b000 r-xp 00000000 08:01 22028301                   /usr/lib/x86_64-linux-gnu/libhogweed.so.4.4
7fcdaa70b000-7fcdaa90a000 ---p 00033000 08:01 22028301                   /usr/lib/x86_64-linux-gnu/libhogweed.so.4.4
7fcdaa90a000-7fcdaa90b000 r--p 00032000 08:01 22028301                   /usr/lib/x86_64-linux-gnu/libhogweed.so.4.4
7fcdaa90b000-7fcdaa90c000 rw-p 00033000 08:01 22028301                   /usr/lib/x86_64-linux-gnu/libhogweed.so.4.4
7fcdaa90c000-7fcdaaa64000 r-xp 00000000 08:01 22022253                   /usr/lib/x86_64-linux-gnu/libgnutls.so.30.14.10
7fcdaaa64000-7fcdaac63000 ---p 00158000 08:01 22022253                   /usr/lib/x86_64-linux-gnu/libgnutls.so.30.14.10
7fcdaac63000-7fcdaac6f000 r--p 00157000 08:01 22022253                   /usr/lib/x86_64-linux-gnu/libgnutls.so.30.14.10
7fcdaac6f000-7fcdaac70000 rw-p 00163000 08:01 22022253                   /usr/lib/x86_64-linux-gnu/libgnutls.so.30.14.10
7fcdaac70000-7fcdaac71000 rw-p 00000000 00:00 0 
7fcdaac71000-7fcdaadeb000 r-xp 00000000 08:01 22020234                   /usr/lib/x86_64-linux-gnu/libunistring.so.2.1.0
7fcdaadeb000-7fcdaafeb000 ---p 0017a000 08:01 22020234                   /usr/lib/x86_64-linux-gnu/libunistring.so.2.1.0
7fcdaafeb000-7fcdaafee000 r--p 0017a000 08:01 22020234                   /usr/lib/x86_64-linux-gnu/libunistring.so.2.1.0
7fcdaafee000-7fcdaafef000 rw-p 0017d000 08:01 22020234                   /usr/lib/x86_64-linux-gnu/libunistring.so.2.1.0
7fcdaafef000-7fcdaaffc000 r-xp 00000000 08:01 22020208                   /usr/lib/x86_64-linux-gnu/liblber-2.4.so.2.10.8
7fcdaaffc000-7fcdab1fb000 ---p 0000d000 08:01 22020208                   /usr/lib/x86_64-linux-gnu/liblber-2.4.so.2.10.8
7fcdab1fb000-7fcdab1fc000 r--p 0000c000 08:01 22020208                   /usr/lib/x86_64-linux-gnu/liblber-2.4.so.2.10.8
7fcdab1fc000-7fcdab1fd000 rw-p 0000d000 08:01 22020208                   /usr/lib/x86_64-linux-gnu/liblber-2.4.so.2.10.8
7fcdab1fd000-7fcdab24b000 r-xp 00000000 08:01 22020554                   /usr/lib/x86_64-linux-gnu/libldap_r-2.4.so.2.10.8
7fcdab24b000-7fcdab44a000 ---p 0004e000 08:01 22020554                   /usr/lib/x86_64-linux-gnu/libldap_r-2.4.so.2.10.8
7fcdab44a000-7fcdab44c000 r--p 0004d000 08:01 22020554                   /usr/lib/x86_64-linux-gnu/libldap_r-2.4.so.2.10.8
7fcdab44c000-7fcdab44d000 rw-p 0004f000 08:01 22020554                   /usr/lib/x86_64-linux-gnu/libldap_r-2.4.so.2.10.8
7fcdab44d000-7fcdab44f000 rw-p 00000000 00:00 0 
7fcdab44f000-7fcdab497000 r-xp 00000000 08:01 22022773                   /usr/lib/x86_64-linux-gnu/libgssapi_krb5.so.2.2
7fcdab497000-7fcdab696000 ---p 00048000 08:01 22022773                   /usr/lib/x86_64-linux-gnu/libgssapi_krb5.so.2.2
7fcdab696000-7fcdab698000 r--p 00047000 08:01 22022773                   /usr/lib/x86_64-linux-gnu/libgssapi_krb5.so.2.2
7fcdab698000-7fcdab69a000 rw-p 00049000 08:01 22022773                   /usr/lib/x86_64-linux-gnu/libgssapi_krb5.so.2.2
7fcdab69a000-7fcdab935000 r-xp 00000000 08:01 22021931                   /usr/lib/x86_64-linux-gnu/libcrypto.so.1.1
7fcdab935000-7fcdabb34000 ---p 0029b000 08:01 22021931                   /usr/lib/x86_64-linux-gnu/libcrypto.so.1.1
7fcdabb34000-7fcdabb60000 r--p 0029a000 08:01 22021931                   /usr/lib/x86_64-linux-gnu/libcrypto.so.1.1
7fcdabb60000-7fcdabb62000 rw-p 002c6000 08:01 22021931                   /usr/lib/x86_64-linux-gnu/libcrypto.so.1.1
7fcdabb62000-7fcdabb65000 rw-p 00000000 00:00 0 
7fcdabb65000-7fcdabbe5000 r-xp 00000000 08:01 22023064                   /usr/lib/x86_64-linux-gnu/libssl.so.1.1
7fcdabbe5000-7fcdabde5000 ---p 00080000 08:01 22023064                   /usr/lib/x86_64-linux-gnu/libssl.so.1.1
7fcdabde5000-7fcdabdee000 r--p 00080000 08:01 22023064                   /usr/lib/x86_64-linux-gnu/libssl.so.1.1
7fcdabdee000-7fcdabdf2000 rw-p 00089000 08:01 22023064                   /usr/lib/x86_64-linux-gnu/libssl.so.1.1
7fcdabdf2000-7fcdabdff000 r-xp 00000000 08:01 22028600                   /usr/lib/x86_64-linux-gnu/libpsl.so.5.2.0
7fcdabdff000-7fcdabffe000 ---p 0000d000 08:01 22028600                   /usr/lib/x86_64-linux-gnu/libpsl.so.5.2.0
7fcdabffe000-7fcdabfff000 r--p 0000c000 08:01 22028600                   /usr/lib/x86_64-linux-gnu/libpsl.so.5.2.0
7fcdabfff000-7fcdac000000 rw-p 0000d000 08:01 22028600                   /usr/lib/x86_64-linux-gnu/libpsl.so.5.2.0
7fcdac000000-7fcdac065000 rw-p 00000000 00:00 0 
7fcdac065000-7fcdb0000000 ---p 00000000 00:00 0 
7fcdb004a000-7fcdb0065000 r-xp 00000000 08:01 22028658                   /usr/lib/x86_64-linux-gnu/librtmp.so.1
7fcdb0065000-7fcdb0264000 ---p 0001b000 08:01 22028658                   /usr/lib/x86_64-linux-gnu/librtmp.so.1
7fcdb0264000-7fcdb0265000 r--p 0001a000 08:01 22028658                   /usr/lib/x86_64-linux-gnu/librtmp.so.1
7fcdb0265000-7fcdb0266000 rw-p 0001b000 08:01 22028658                   /usr/lib/x86_64-linux-gnu/librtmp.so.1
7fcdb0266000-7fcdb0282000 r-xp 00000000 08:01 22020110                   /usr/lib/x86_64-linux-gnu/libidn2.so.0.3.3
7fcdb0282000-7fcdb0481000 ---p 0001c000 08:01 22020110                   /usr/lib/x86_64-linux-gnu/libidn2.so.0.3.3
7fcdb0481000-7fcdb0482000 r--p 0001b000 08:01 22020110                   /usr/lib/x86_64-linux-gnu/libidn2.so.0.3.3
7fcdb0482000-7fcdb0483000 rw-p 0001c000 08:01 22020110                   /usr/lib/x86_64-linux-gnu/libidn2.so.0.3.3
7fcdb0483000-7fcdb04a6000 r-xp 00000000 08:01 22028502                   /usr/lib/x86_64-linux-gnu/libnghttp2.so.14.15.2
7fcdb04a6000-7fcdb06a5000 ---p 00023000 08:01 22028502                   /usr/lib/x86_64-linux-gnu/libnghttp2.so.14.15.2
7fcdb06a5000-7fcdb06a6000 r--p 00022000 08:01 22028502                   /usr/lib/x86_64-linux-gnu/libnghttp2.so.14.15.2
7fcdb06a6000-7fcdb06a8000 rw-p 00023000 08:01 22028502                   /usr/lib/x86_64-linux-gnu/libnghttp2.so.14.15.2
7fcdb06a8000-7fcdb0723000 r-xp 00000000 08:01 22022855                   /usr/lib/x86_64-linux-gnu/libcurl.so.4.5.0
7fcdb0723000-7fcdb0923000 ---p 0007b000 08:01 22022855                   /usr/lib/x86_64-linux-gnu/libcurl.so.4.5.0
7fcdb0923000-7fcdb0926000 r--p 0007b000 08:01 22022855                   /usr/lib/x86_64-linux-gnu/libcurl.so.4.5.0
7fcdb0926000-7fcdb0927000 rw-p 0007e000 08:01 22022855                   /usr/lib/x86_64-linux-gnu/libcurl.so.4.5.0
7fcdb0927000-7fcdb0931000 r-xp 00000000 08:01 787106                     /usr/lib/R/library/curl/libs/curl.so
7fcdb0931000-7fcdb0b31000 ---p 0000a000 08:01 787106                     /usr/lib/R/library/curl/libs/curl.so
7fcdb0b31000-7fcdb0b32000 r--p 0000a000 08:01 787106                     /usr/lib/R/library/curl/libs/curl.so
7fcdb0b32000-7fcdb0b33000 rw-p 0000b000 08:01 787106                     /usr/lib/R/library/curl/libs/curl.so
7fcdb0b33000-7fcdb0b46000 r-xp 00000000 08:01 12849802                   /lib/x86_64-linux-gnu/libbsd.so.0.8.7
7fcdb0b46000-7fcdb0d45000 ---p 00013000 08:01 12849802                   /lib/x86_64-linux-gnu/libbsd.so.0.8.7
7fcdb0d45000-7fcdb0d46000 r--p 00012000 08:01 12849802                   /lib/x86_64-linux-gnu/libbsd.so.0.8.7
7fcdb0d46000-7fcdb0d47000 rw-p 00013000 08:01 12849802                   /lib/x86_64-linux-gnu/libbsd.so.0.8.7
7fcdb0d47000-7fcdb0d48000 rw-p 00000000 00:00 0 
7fcdb0d48000-7fcdb0d73000 r-xp 00000000 08:01 22028215                   /usr/lib/x86_64-linux-gnu/libgraphite2.so.3.0.1
7fcdb0d73000-7fcdb0f72000 ---p 0002b000 08:01 22028215                   /usr/lib/x86_64-linux-gnu/libgraphite2.so.3.0.1
7fcdb0f72000-7fcdb0f74000 r--p 0002a000 08:01 22028215                   /usr/lib/x86_64-linux-gnu/libgraphite2.so.3.0.1
7fcdb0f74000-7fcdb0f75000 rw-p 0002c000 08:01 22028215                   /usr/lib/x86_64-linux-gnu/libgraphite2.so.3.0.1
7fcdb0f75000-7fcdb0f7a000 r-xp 00000000 08:01 22027749                   /usr/lib/x86_64-linux-gnu/libXdmcp.so.6.0.0
7fcdb0f7a000-7fcdb1179000 ---p 00005000 08:01 22027749                   /usr/lib/x86_64-linux-gnu/libXdmcp.so.6.0.0
7fcdb1179000-7fcdb117a000 r--p 00004000 08:01 22027749                   /usr/lib/x86_64-linux-gnu/libXdmcp.so.6.0.0
7fcdb117a000-7fcdb117b000 rw-p 00005000 08:01 22027749                   /usr/lib/x86_64-linux-gnu/libXdmcp.so.6.0.0
7fcdb117b000-7fcdb117d000 r-xp 00000000 08:01 22027738                   /usr/lib/x86_64-linux-gnu/libXau.so.6.0.0
7fcdb117d000-7fcdb137d000 ---p 00002000 08:01 22027738                   /usr/lib/x86_64-linux-gnu/libXau.so.6.0.0
7fcdb137d000-7fcdb137e000 r--p 00002000 08:01 22027738                   /usr/lib/x86_64-linux-gnu/libXau.so.6.0.0
7fcdb137e000-7fcdb137f000 rw-p 00003000 08:01 22027738                   /usr/lib/x86_64-linux-gnu/libXau.so.6.0.0
7fcdb137f000-7fcdb1385000 r-xp 00000000 08:01 22027962                   /usr/lib/x86_64-linux-gnu/libdatrie.so.1.3.3
7fcdb1385000-7fcdb1584000 ---p 00006000 08:01 22027962                   /usr/lib/x86_64-linux-gnu/libdatrie.so.1.3.3
7fcdb1584000-7fcdb1585000 r--p 00005000 08:01 22027962                   /usr/lib/x86_64-linux-gnu/libdatrie.so.1.3.3
7fcdb1585000-7fcdb1586000 rw-p 00006000 08:01 22027962                   /usr/lib/x86_64-linux-gnu/libdatrie.so.1.3.3
7fcdb1586000-7fcdb1622000 r-xp 00000000 08:01 22028293                   /usr/lib/x86_64-linux-gnu/libharfbuzz.so.0.10702.0
7fcdb1622000-7fcdb1822000 ---p 0009c000 08:01 22028293                   /usr/lib/x86_64-linux-gnu/libharfbuzz.so.0.10702.0
7fcdb1822000-7fcdb1823000 r--p 0009c000 08:01 22028293                   /usr/lib/x86_64-linux-gnu/libharfbuzz.so.0.10702.0
7fcdb1823000-7fcdb1824000 rw-p 0009d000 08:01 22028293                   /usr/lib/x86_64-linux-gnu/libharfbuzz.so.0.10702.0
7fcdb1824000-7fcdb1853000 r-xp 00000000 08:01 12845249                   /lib/x86_64-linux-gnu/libexpat.so.1.6.7
7fcdb1853000-7fcdb1a53000 ---p 0002f000 08:01 12845249                   /lib/x86_64-linux-gnu/libexpat.so.1.6.7
7fcdb1a53000-7fcdb1a55000 r--p 0002f000 08:01 12845249                   /lib/x86_64-linux-gnu/libexpat.so.1.6.7
7fcdb1a55000-7fcdb1a56000 rw-p 00031000 08:01 12845249                   /lib/x86_64-linux-gnu/libexpat.so.1.6.7
7fcdb1a56000-7fcdb1a67000 r-xp 00000000 08:01 22027751                   /usr/lib/x86_64-linux-gnu/libXext.so.6.4.0
7fcdb1a67000-7fcdb1c66000 ---p 00011000 08:01 22027751                   /usr/lib/x86_64-linux-gnu/libXext.so.6.4.0
7fcdb1c66000-7fcdb1c67000 r--p 00010000 08:01 22027751                   /usr/lib/x86_64-linux-gnu/libXext.so.6.4.0
7fcdb1c67000-7fcdb1c68000 rw-p 00011000 08:01 22027751                   /usr/lib/x86_64-linux-gnu/libXext.so.6.4.0
7fcdb1c68000-7fcdb1d9b000 r-xp 00000000 08:01 22021204                   /usr/lib/x86_64-linux-gnu/libX11.so.6.3.0
7fcdb1d9b000-7fcdb1f9b000 ---p 00133000 08:01 22021204                   /usr/lib/x86_64-linux-gnu/libX11.so.6.3.0
7fcdb1f9b000-7fcdb1f9c000 r--p 00133000 08:01 22021204                   /usr/lib/x86_64-linux-gnu/libX11.so.6.3.0
7fcdb1f9c000-7fcdb1fa0000 rw-p 00134000 08:01 22021204                   /usr/lib/x86_64-linux-gnu/libX11.so.6.3.0
7fcdb1fa0000-7fcdb1fa9000 r-xp 00000000 08:01 22027771                   /usr/lib/x86_64-linux-gnu/libXrender.so.1.3.0
7fcdb1fa9000-7fcdb21a8000 ---p 00009000 08:01 22027771                   /usr/lib/x86_64-linux-gnu/libXrender.so.1.3.0
7fcdb21a8000-7fcdb21a9000 r--p 00008000 08:01 22027771                   /usr/lib/x86_64-linux-gnu/libXrender.so.1.3.0
7fcdb21a9000-7fcdb21aa000 rw-p 00009000 08:01 22027771                   /usr/lib/x86_64-linux-gnu/libXrender.so.1.3.0
7fcdb21aa000-7fcdb21b6000 r-xp 00000000 08:01 22028543                   /usr/lib/x86_64-linux-gnu/libxcb-render.so.0.0.0
7fcdb21b6000-7fcdb23b5000 ---p 0000c000 08:01 22028543                   /usr/lib/x86_64-linux-gnu/libxcb-render.so.0.0.0
7fcdb23b5000-7fcdb23b6000 r--p 0000b000 08:01 22028543                   /usr/lib/x86_64-linux-gnu/libxcb-render.so.0.0.0
7fcdb23b6000-7fcdb23b7000 rw-p 0000c000 08:01 22028543                   /usr/lib/x86_64-linux-gnu/libxcb-render.so.0.0.0
7fcdb23b7000-7fcdb23dd000 r-xp 00000000 08:01 22020963                   /usr/lib/x86_64-linux-gnu/libxcb.so.1.1.0
7fcdb23dd000-7fcdb25dd000 ---p 00026000 08:01 22020963                   /usr/lib/x86_64-linux-gnu/libxcb.so.1.1.0
7fcdb25dd000-7fcdb25de000 r--p 00026000 08:01 22020963                   /usr/lib/x86_64-linux-gnu/libxcb.so.1.1.0
7fcdb25de000-7fcdb25df000 rw-p 00027000 08:01 22020963                   /usr/lib/x86_64-linux-gnu/libxcb.so.1.1.0
7fcdb25df000-7fcdb25e1000 r-xp 00000000 08:01 22028884                   /usr/lib/x86_64-linux-gnu/libxcb-shm.so.0.0.0
7fcdb25e1000-7fcdb27e0000 ---p 00002000 08:01 22028884                   /usr/lib/x86_64-linux-gnu/libxcb-shm.so.0.0.0
7fcdb27e0000-7fcdb27e1000 r--p 00001000 08:01 22028884                   /usr/lib/x86_64-linux-gnu/libxcb-shm.so.0.0.0
7fcdb27e1000-7fcdb27e2000 rw-p 00002000 08:01 22028884                   /usr/lib/x86_64-linux-gnu/libxcb-shm.so.0.0.0
7fcdb27e2000-7fcdb287f000 r-xp 00000000 08:01 22028576                   /usr/lib/x86_64-linux-gnu/libpixman-1.so.0.34.0
7fcdb287f000-7fcdb2a7e000 ---p 0009d000 08:01 22028576                   /usr/lib/x86_64-linux-gnu/libpixman-1.so.0.34.0
7fcdb2a7e000-7fcdb2a86000 r--p 0009c000 08:01 22028576                   /usr/lib/x86_64-linux-gnu/libpixman-1.so.0.34.0
7fcdb2a86000-7fcdb2a87000 rw-p 000a4000 08:01 22028576                   /usr/lib/x86_64-linux-gnu/libpixman-1.so.0.34.0
7fcdb2a87000-7fcdb2a93000 r-xp 00000000 08:01 22940210                   /usr/lib/R/library/utils/libs/utils.so
7fcdb2a93000-7fcdb2c92000 ---p 0000c000 08:01 22940210                   /usr/lib/R/library/utils/libs/utils.so
7fcdb2c92000-7fcdb2c93000 r--p 0000b000 08:01 22940210                   /usr/lib/R/library/utils/libs/utils.so
7fcdb2c93000-7fcdb2c94000 rw-p 0000c000 08:01 22940210                   /usr/lib/R/library/utils/libs/utils.so
7fcdb2c94000-7fcdb2c95000 rw-p 00000000 00:00 0 
7fcdb2d39000-7fcdb2d3a000 ---p 00000000 00:00 0 
7fcdb2d3a000-7fcdb2e3b000 rw-p 00000000 00:00 0 
7fcdb2e3b000-7fcdb2e42000 r-xp 00000000 08:01 22028076                   /usr/lib/x86_64-linux-gnu/libffi.so.6.0.4
7fcdb2e42000-7fcdb3041000 ---p 00007000 08:01 22028076                   /usr/lib/x86_64-linux-gnu/libffi.so.6.0.4
7fcdb3041000-7fcdb3042000 r--p 00006000 08:01 22028076                   /usr/lib/x86_64-linux-gnu/libffi.so.6.0.4
7fcdb3042000-7fcdb3043000 rw-p 00007000 08:01 22028076                   /usr/lib/x86_64-linux-gnu/libffi.so.6.0.4
7fcdb3043000-7fcdb3125000 rw-p 00000000 00:00 0 
7fcdb31f1000-7fcdb3331000 rw-p 00000000 00:00 0 
7fcdb3331000-7fcdb3339000 r-xp 00000000 08:01 22938257                   /usr/lib/R/library/methods/libs/methods.so
7fcdb3339000-7fcdb3539000 ---p 00008000 08:01 22938257                   /usr/lib/R/library/methods/libs/methods.so
7fcdb3539000-7fcdb353a000 r--p 00008000 08:01 22938257                   /usr/lib/R/library/methods/libs/methods.so
7fcdb353a000-7fcdb353b000 rw-p 00009000 08:01 22938257                   /usr/lib/R/library/methods/libs/methods.so
7fcdb356a000-7fcdb3666000 rw-p 00000000 00:00 0 
7fcdb3666000-7fcdb7666000 rw-p 00000000 00:00 0 
7fcdb7666000-7fcdb7974000 rw-p 00000000 00:00 0 
7fcdb7974000-7fcdb8343000 r--p 00000000 08:01 22026757                   /usr/lib/locale/locale-archive
7fcdb8343000-7fcdba343000 rw-p 00000000 00:00 0 
7fcdba343000-7fcdba344000 ---p 00000000 00:00 0 
7fcdba344000-7fcdbab44000 rw-p 00000000 00:00 0 
7fcdbab44000-7fcdbcb44000 rw-p 00000000 00:00 0 
7fcdbcb44000-7fcdbcb45000 ---p 00000000 00:00 0 
7fcdbcb45000-7fcdbd345000 rw-p 00000000 00:00 0 
7fcdbd345000-7fcdbd346000 ---p 00000000 00:00 0 
7fcdbd346000-7fcdbdb46000 rw-p 00000000 00:00 0 
7fcdbdb46000-7fcdbfb46000 rw-p 00000000 00:00 0 
7fcdbfb46000-7fcdbfb47000 ---p 00000000 00:00 0 
7fcdbfb47000-7fcdc0347000 rw-p 00000000 00:00 0 
7fcdc0347000-7fcdc2347000 rw-p 00000000 00:00 0 
7fcdc2375000-7fcdc2475000 ---p 00000000 00:00 0 
7fcdc2475000-7fcdc247d000 r-xp 00000000 08:01 22028751                   /usr/lib/x86_64-linux-gnu/libthai.so.0.3.0
7fcdc247d000-7fcdc267c000 ---p 00008000 08:01 22028751                   /usr/lib/x86_64-linux-gnu/libthai.so.0.3.0
7fcdc267c000-7fcdc267d000 r--p 00007000 08:01 22028751                   /usr/lib/x86_64-linux-gnu/libthai.so.0.3.0
7fcdc267d000-7fcdc267e000 rw-p 00008000 08:01 22028751                   /usr/lib/x86_64-linux-gnu/libthai.so.0.3.0
7fcdc267e000-7fcdc272b000 r-xp 00000000 08:01 22028106                   /usr/lib/x86_64-linux-gnu/libfreetype.so.6.15.0
7fcdc272b000-7fcdc292a000 ---p 000ad000 08:01 22028106                   /usr/lib/x86_64-linux-gnu/libfreetype.so.6.15.0
7fcdc292a000-7fcdc2931000 r--p 000ac000 08:01 22028106                   /usr/lib/x86_64-linux-gnu/libfreetype.so.6.15.0
7fcdc2931000-7fcdc2932000 rw-p 000b3000 08:01 22028106                   /usr/lib/x86_64-linux-gnu/libfreetype.so.6.15.0
7fcdc2932000-7fcdc2946000 r-xp 00000000 08:01 22027884                   /usr/lib/x86_64-linux-gnu/libpangoft2-1.0.so.0.4000.14
7fcdc2946000-7fcdc2b46000 ---p 00014000 08:01 22027884                   /usr/lib/x86_64-linux-gnu/libpangoft2-1.0.so.0.4000.14
7fcdc2b46000-7fcdc2b47000 r--p 00014000 08:01 22027884                   /usr/lib/x86_64-linux-gnu/libpangoft2-1.0.so.0.4000.14
7fcdc2b47000-7fcdc2b48000 rw-p 00015000 08:01 22027884                   /usr/lib/x86_64-linux-gnu/libpangoft2-1.0.so.0.4000.14
7fcdc2b48000-7fcdc4b48000 rw-p 00000000 00:00 0 
7fcdc4bdf000-7fcdc4c1d000 r-xp 00000000 08:01 22028090                   /usr/lib/x86_64-linux-gnu/libfontconfig.so.1.10.1
7fcdc4c1d000-7fcdc4e1d000 ---p 0003e000 08:01 22028090                   /usr/lib/x86_64-linux-gnu/libfontconfig.so.1.10.1
7fcdc4e1d000-7fcdc4e1f000 r--p 0003e000 08:01 22028090                   /usr/lib/x86_64-linux-gnu/libfontconfig.so.1.10.1
7fcdc4e1f000-7fcdc4e24000 rw-p 00040000 08:01 22028090                   /usr/lib/x86_64-linux-gnu/libfontconfig.so.1.10.1
7fcdc4e24000-7fcdc4f38000 r-xp 00000000 08:01 22020437                   /usr/lib/x86_64-linux-gnu/libglib-2.0.so.0.5600.4
7fcdc4f38000-7fcdc5138000 ---p 00114000 08:01 22020437                   /usr/lib/x86_64-linux-gnu/libglib-2.0.so.0.5600.4
7fcdc5138000-7fcdc5139000 r--p 00114000 08:01 22020437                   /usr/lib/x86_64-linux-gnu/libglib-2.0.so.0.5600.4
7fcdc5139000-7fcdc513a000 rw-p 00115000 08:01 22020437                   /usr/lib/x86_64-linux-gnu/libglib-2.0.so.0.5600.4
7fcdc513a000-7fcdc513b000 rw-p 00000000 00:00 0 
7fcdc513b000-7fcdc5146000 r-xp 00000000 08:01 22028386                   /usr/lib/x86_64-linux-gnu/libjbig.so.0
7fcdc5146000-7fcdc5345000 ---p 0000b000 08:01 22028386                   /usr/lib/x86_64-linux-gnu/libjbig.so.0
7fcdc5345000-7fcdc5346000 r--p 0000a000 08:01 22028386                   /usr/lib/x86_64-linux-gnu/libjbig.so.0
7fcdc5346000-7fcdc5349000 rw-p 0000b000 08:01 22028386                   /usr/lib/x86_64-linux-gnu/libjbig.so.0
7fcdc5349000-7fcdc7349000 rw-p 00000000 00:00 0 
7fcdc7349000-7fcdc9349000 rw-p 00000000 00:00 0 
7fcdc93e6000-7fcdc94e6000 ---p 00000000 00:00 0 
7fcdc94e6000-7fcdc95fe000 r-xp 00000000 08:01 22028890                   /usr/lib/x86_64-linux-gnu/libcairo.so.2.11510.0
7fcdc95fe000-7fcdc97fd000 ---p 00118000 08:01 22028890                   /usr/lib/x86_64-linux-gnu/libcairo.so.2.11510.0
7fcdc97fd000-7fcdc9800000 r--p 00117000 08:01 22028890                   /usr/lib/x86_64-linux-gnu/libcairo.so.2.11510.0
7fcdc9800000-7fcdc9802000 rw-p 0011a000 08:01 22028890                   /usr/lib/x86_64-linux-gnu/libcairo.so.2.11510.0
7fcdc9802000-7fcdc9803000 rw-p 00000000 00:00 0 
7fcdc9803000-7fcdc9855000 r-xp 00000000 08:01 22020461                   /usr/lib/x86_64-linux-gnu/libgobject-2.0.so.0.5600.4
7fcdc9855000-7fcdc9a55000 ---p 00052000 08:01 22020461                   /usr/lib/x86_64-linux-gnu/libgobject-2.0.so.0.5600.4
7fcdc9a55000-7fcdc9a56000 r--p 00052000 08:01 22020461                   /usr/lib/x86_64-linux-gnu/libgobject-2.0.so.0.5600.4
7fcdc9a56000-7fcdc9a57000 rw-p 00053000 08:01 22020461                   /usr/lib/x86_64-linux-gnu/libgobject-2.0.so.0.5600.4
7fcdc9a57000-7fcdc9aa1000 r-xp 00000000 08:01 22030881                   /usr/lib/x86_64-linux-gnu/libpango-1.0.so.0.4000.14
7fcdc9aa1000-7fcdc9ca0000 ---p 0004a000 08:01 22030881                   /usr/lib/x86_64-linux-gnu/libpango-1.0.so.0.4000.14
7fcdc9ca0000-7fcdc9ca3000 r--p 00049000 08:01 22030881                   /usr/lib/x86_64-linux-gnu/libpango-1.0.so.0.4000.14
7fcdc9ca3000-7fcdc9ca4000 rw-p 0004c000 08:01 22030881                   /usr/lib/x86_64-linux-gnu/libpango-1.0.so.0.4000.14
7fcdc9ca4000-7fcdc9cb0000 r-xp 00000000 08:01 22028547                   /usr/lib/x86_64-linux-gnu/libpangocairo-1.0.so.0.4000.14
7fcdc9cb0000-7fcdc9eaf000 ---p 0000c000 08:01 22028547                   /usr/lib/x86_64-linux-gnu/libpangocairo-1.0.so.0.4000.14
7fcdc9eaf000-7fcdc9eb0000 r--p 0000b000 08:01 22028547                   /usr/lib/x86_64-linux-gnu/libpangocairo-1.0.so.0.4000.14
7fcdc9eb0000-7fcdc9eb1000 rw-p 0000c000 08:01 22028547                   /usr/lib/x86_64-linux-gnu/libpangocairo-1.0.so.0.4000.14
7fcdc9eb1000-7fcdc9ee2000 r-xp 00000000 08:01 22023387                   /usr/lib/x86_64-linux-gnu/libpng16.so.16.34.0
7fcdc9ee2000-7fcdca0e1000 ---p 00031000 08:01 22023387                   /usr/lib/x86_64-linux-gnu/libpng16.so.16.34.0
7fcdca0e1000-7fcdca0e2000 r--p 00030000 08:01 22023387                   /usr/lib/x86_64-linux-gnu/libpng16.so.16.34.0
7fcdca0e2000-7fcdca0e3000 rw-p 00031000 08:01 22023387                   /usr/lib/x86_64-linux-gnu/libpng16.so.16.34.0
7fcdca0e3000-7fcdca14a000 r-xp 00000000 08:01 22023009                   /usr/lib/x86_64-linux-gnu/libjpeg.so.8.1.2
7fcdca14a000-7fcdca349000 ---p 00067000 08:01 22023009                   /usr/lib/x86_64-linux-gnu/libjpeg.so.8.1.2
7fcdca349000-7fcdca34a000 r--p 00066000 08:01 22023009                   /usr/lib/x86_64-linux-gnu/libjpeg.so.8.1.2
7fcdca34a000-7fcdca34b000 rw-p 00067000 08:01 22023009                   /usr/lib/x86_64-linux-gnu/libjpeg.so.8.1.2
7fcdca34b000-7fcdcc34b000 rw-p 00000000 00:00 0 
7fcdcc363000-7fcdcc463000 ---p 00000000 00:00 0 
7fcdcc463000-7fcdcc4d6000 r-xp 00000000 08:01 22022060                   /usr/lib/x86_64-linux-gnu/libtiff.so.5.3.0
7fcdcc4d6000-7fcdcc6d5000 ---p 00073000 08:01 22022060                   /usr/lib/x86_64-linux-gnu/libtiff.so.5.3.0
7fcdcc6d5000-7fcdcc6d9000 r--p 00072000 08:01 22022060                   /usr/lib/x86_64-linux-gnu/libtiff.so.5.3.0
7fcdcc6d9000-7fcdcc6da000 rw-p 00076000 08:01 22022060                   /usr/lib/x86_64-linux-gnu/libtiff.so.5.3.0
7fcdcc6da000-7fcdcc6e3000 r-xp 00000000 08:01 22809168                   /usr/lib/R/library/grDevices/libs/cairo.so
7fcdcc6e3000-7fcdcc8e2000 ---p 00009000 08:01 22809168                   /usr/lib/R/library/grDevices/libs/cairo.so
7fcdcc8e2000-7fcdcc8e3000 r--p 00008000 08:01 22809168                   /usr/lib/R/library/grDevices/libs/cairo.so
7fcdcc8e3000-7fcdcc8e4000 rw-p 00009000 08:01 22809168                   /usr/lib/R/library/grDevices/libs/cairo.so
7fcdcc8e4000-7fcdcc8ea000 r-xp 00000000 08:01 2885346                    /usr/lib/R/library/pbdZMQ/libs/pbdZMQ.so
7fcdcc8ea000-7fcdccae9000 ---p 00006000 08:01 2885346                    /usr/lib/R/library/pbdZMQ/libs/pbdZMQ.so
7fcdccae9000-7fcdccaea000 r--p 00005000 08:01 2885346                    /usr/lib/R/library/pbdZMQ/libs/pbdZMQ.so
7fcdccaea000-7fcdccaeb000 rw-p 00006000 08:01 2885346                    /usr/lib/R/library/pbdZMQ/libs/pbdZMQ.so
7fcdccaeb000-7fcdccb4c000 rw-p 00000000 00:00 0 
7fcdccb4c000-7fcdceb4c000 rw-p 00000000 00:00 0 
7fcdceba3000-7fcdceba4000 ---p 00000000 00:00 0 
7fcdceba4000-7fcdceca5000 rw-p 00000000 00:00 0 
7fcdceca5000-7fcdced1b000 r-xp 00000000 08:01 2885347                    /usr/lib/R/library/pbdZMQ/libs/libzmq.so
7fcdced1b000-7fcdcef1b000 ---p 00076000 08:01 2885347                    /usr/lib/R/library/pbdZMQ/libs/libzmq.so
7fcdcef1b000-7fcdcef20000 r--p 00076000 08:01 2885347                    /usr/lib/R/library/pbdZMQ/libs/libzmq.so
7fcdcef20000-7fcdcef21000 rw-p 0007b000 08:01 2885347                    /usr/lib/R/library/pbdZMQ/libs/libzmq.so
7fcdcef21000-7fcdcef2c000 r-xp 00000000 08:01 12849896                   /lib/x86_64-linux-gnu/libnss_files-2.27.so
7fcdcef2c000-7fcdcf12b000 ---p 0000b000 08:01 12849896                   /lib/x86_64-linux-gnu/libnss_files-2.27.so
7fcdcf12b000-7fcdcf12c000 r--p 0000a000 08:01 12849896                   /lib/x86_64-linux-gnu/libnss_files-2.27.so
7fcdcf12c000-7fcdcf12d000 rw-p 0000b000 08:01 12849896                   /lib/x86_64-linux-gnu/libnss_files-2.27.so
7fcdcf12d000-7fcdcf133000 rw-p 00000000 00:00 0 
7fcdcf133000-7fcdcf14a000 r-xp 00000000 08:01 12849890                   /lib/x86_64-linux-gnu/libnsl-2.27.so
7fcdcf14a000-7fcdcf349000 ---p 00017000 08:01 12849890                   /lib/x86_64-linux-gnu/libnsl-2.27.so
7fcdcf349000-7fcdcf34a000 r--p 00016000 08:01 12849890                   /lib/x86_64-linux-gnu/libnsl-2.27.so
7fcdcf34a000-7fcdcf34b000 rw-p 00017000 08:01 12849890                   /lib/x86_64-linux-gnu/libnsl-2.27.so
7fcdcf34b000-7fcdcf34d000 rw-p 00000000 00:00 0 
7fcdcf34d000-7fcdd134d000 rw-p 00000000 00:00 0 
7fcdd1438000-7fcdd143d000 rw-p 00000000 00:00 0 
7fcdd143d000-7fcdd1521000 ---p 00000000 00:00 0 
7fcdd1521000-7fcdd152c000 r-xp 00000000 08:01 12849907                   /lib/x86_64-linux-gnu/libnss_nis-2.27.so
7fcdd152c000-7fcdd172b000 ---p 0000b000 08:01 12849907                   /lib/x86_64-linux-gnu/libnss_nis-2.27.so
7fcdd172b000-7fcdd172c000 r--p 0000a000 08:01 12849907                   /lib/x86_64-linux-gnu/libnss_nis-2.27.so
7fcdd172c000-7fcdd172d000 rw-p 0000b000 08:01 12849907                   /lib/x86_64-linux-gnu/libnss_nis-2.27.so
7fcdd172d000-7fcdd1735000 r-xp 00000000 08:01 12849892                   /lib/x86_64-linux-gnu/libnss_compat-2.27.so
7fcdd1735000-7fcdd1935000 ---p 00008000 08:01 12849892                   /lib/x86_64-linux-gnu/libnss_compat-2.27.so
7fcdd1935000-7fcdd1936000 r--p 00008000 08:01 12849892                   /lib/x86_64-linux-gnu/libnss_compat-2.27.so
7fcdd1936000-7fcdd1937000 rw-p 00009000 08:01 12849892                   /lib/x86_64-linux-gnu/libnss_compat-2.27.so
7fcdd1937000-7fcdd194c000 r-xp 00000000 08:01 22939767                   /usr/lib/R/library/tools/libs/tools.so
7fcdd194c000-7fcdd1b4c000 ---p 00015000 08:01 22939767                   /usr/lib/R/library/tools/libs/tools.so
7fcdd1b4c000-7fcdd1b4d000 r--p 00015000 08:01 22939767                   /usr/lib/R/library/tools/libs/tools.so
7fcdd1b4d000-7fcdd1b4e000 rw-p 00016000 08:01 22939767                   /usr/lib/R/library/tools/libs/tools.so
7fcdd1b4e000-7fcdd3b4e000 rw-p 00000000 00:00 0 
7fcdd3bd1000-7fcdd3bd6000 rw-p 00000000 00:00 0 
7fcdd3bd6000-7fcdd3cba000 ---p 00000000 00:00 0 
7fcdd3cba000-7fcdd3cd8000 r-xp 00000000 08:01 25298415                   /usr/local/lib/R/site-library/rlang/libs/rlang.so
7fcdd3cd8000-7fcdd3ed7000 ---p 0001e000 08:01 25298415                   /usr/local/lib/R/site-library/rlang/libs/rlang.so
7fcdd3ed7000-7fcdd3ed9000 r--p 0001d000 08:01 25298415                   /usr/local/lib/R/site-library/rlang/libs/rlang.so
7fcdd3ed9000-7fcdd3eda000 rw-p 0001f000 08:01 25298415                   /usr/local/lib/R/site-library/rlang/libs/rlang.so
7fcdd3eda000-7fcdd3ee8000 r-xp 00000000 08:01 787458                     /usr/lib/R/library/jsonlite/libs/jsonlite.so
7fcdd3ee8000-7fcdd40e8000 ---p 0000e000 08:01 787458                     /usr/lib/R/library/jsonlite/libs/jsonlite.so
7fcdd40e8000-7fcdd40e9000 r--p 0000e000 08:01 787458                     /usr/lib/R/library/jsonlite/libs/jsonlite.so
7fcdd40e9000-7fcdd40ea000 rw-p 0000f000 08:01 787458                     /usr/lib/R/library/jsonlite/libs/jsonlite.so
7fcdd40ea000-7fcdd4145000 r-xp 00000000 08:01 25298538                   /usr/local/lib/R/site-library/Rcpp/libs/Rcpp.so
7fcdd4145000-7fcdd4345000 ---p 0005b000 08:01 25298538                   /usr/local/lib/R/site-library/Rcpp/libs/Rcpp.so
7fcdd4345000-7fcdd4346000 r--p 0005b000 08:01 25298538                   /usr/local/lib/R/site-library/Rcpp/libs/Rcpp.so
7fcdd4346000-7fcdd4347000 rw-p 0005c000 08:01 25298538                   /usr/local/lib/R/site-library/Rcpp/libs/Rcpp.so
7fcdd4347000-7fcdd434f000 rw-p 00000000 00:00 0 
7fcdd434f000-7fcdd834f000 rw-p 00000000 00:00 0 
7fcdd8361000-7fcdd8370000 r-xp 00000000 08:01 787285                     /usr/lib/R/library/htmltools/libs/htmltools.so
7fcdd8370000-7fcdd856f000 ---p 0000f000 08:01 787285                     /usr/lib/R/library/htmltools/libs/htmltools.so
7fcdd856f000-7fcdd8570000 r--p 0000e000 08:01 787285                     /usr/lib/R/library/htmltools/libs/htmltools.so
7fcdd8570000-7fcdd8571000 rw-p 0000f000 08:01 787285                     /usr/lib/R/library/htmltools/libs/htmltools.so
7fcdd8571000-7fcdd8574000 r-xp 00000000 08:01 921563                     /usr/lib/R/library/base64enc/libs/base64enc.so
7fcdd8574000-7fcdd8773000 ---p 00003000 08:01 921563                     /usr/lib/R/library/base64enc/libs/base64enc.so
7fcdd8773000-7fcdd8774000 r--p 00002000 08:01 921563                     /usr/lib/R/library/base64enc/libs/base64enc.so
7fcdd8774000-7fcdd8775000 rw-p 00003000 08:01 921563                     /usr/lib/R/library/base64enc/libs/base64enc.so
7fcdd8775000-7fcdd8777000 rw-p 00000000 00:00 0 
7fcdd8777000-7fcdd877a000 r-xp 00000000 08:01 2885417                    /usr/lib/R/library/uuid/libs/uuid.so
7fcdd877a000-7fcdd8979000 ---p 00003000 08:01 2885417                    /usr/lib/R/library/uuid/libs/uuid.so
7fcdd8979000-7fcdd897a000 r--p 00002000 08:01 2885417                    /usr/lib/R/library/uuid/libs/uuid.so
7fcdd897a000-7fcdd897b000 rw-p 00003000 08:01 2885417                    /usr/lib/R/library/uuid/libs/uuid.so
7fcdd897b000-7fcdd8998000 r-xp 00000000 08:01 25298299                   /usr/local/lib/R/site-library/digest/libs/digest.so
7fcdd8998000-7fcdd8b97000 ---p 0001d000 08:01 25298299                   /usr/local/lib/R/site-library/digest/libs/digest.so
7fcdd8b97000-7fcdd8b98000 r--p 0001c000 08:01 25298299                   /usr/local/lib/R/site-library/digest/libs/digest.so
7fcdd8b98000-7fcdd8b99000 rw-p 0001d000 08:01 25298299                   /usr/local/lib/R/site-library/digest/libs/digest.so
7fcdd8b99000-7fcdd8b9b000 rw-p 00000000 00:00 0 
7fcdd8b9b000-7fcdd921f000 r-xp 00000000 08:01 22152790                   /usr/lib/x86_64-linux-gnu/openblas/liblapack.so.3
7fcdd921f000-7fcdd941e000 ---p 00684000 08:01 22152790                   /usr/lib/x86_64-linux-gnu/openblas/liblapack.so.3
7fcdd941e000-7fcdd941f000 r--p 00683000 08:01 22152790                   /usr/lib/x86_64-linux-gnu/openblas/liblapack.so.3
7fcdd941f000-7fcdd9421000 rw-p 00684000 08:01 22152790                   /usr/lib/x86_64-linux-gnu/openblas/liblapack.so.3
7fcdd9421000-7fcdd94c4000 r-xp 00000000 08:01 22939005                   /usr/lib/R/library/stats/libs/stats.so
7fcdd94c4000-7fcdd96c4000 ---p 000a3000 08:01 22939005                   /usr/lib/R/library/stats/libs/stats.so
7fcdd96c4000-7fcdd96c6000 r--p 000a3000 08:01 22939005                   /usr/lib/R/library/stats/libs/stats.so
7fcdd96c6000-7fcdd96c7000 rw-p 000a5000 08:01 22939005                   /usr/lib/R/library/stats/libs/stats.so
7fcdd96c7000-7fcdd96c8000 rw-p 00000000 00:00 0 
7fcdd96c8000-7fcdd9712000 r-xp 00000000 08:01 22809209                   /usr/lib/R/library/graphics/libs/graphics.so
7fcdd9712000-7fcdd9912000 ---p 0004a000 08:01 22809209                   /usr/lib/R/library/graphics/libs/graphics.so
7fcdd9912000-7fcdd9913000 r--p 0004a000 08:01 22809209                   /usr/lib/R/library/graphics/libs/graphics.so
7fcdd9913000-7fcdd9914000 rw-p 0004b000 08:01 22809209                   /usr/lib/R/library/graphics/libs/graphics.so
7fcdd9914000-7fcdd994b000 r-xp 00000000 08:01 22809169                   /usr/lib/R/library/grDevices/libs/grDevices.so
7fcdd994b000-7fcdd9b4a000 ---p 00037000 08:01 22809169                   /usr/lib/R/library/grDevices/libs/grDevices.so
7fcdd9b4a000-7fcdd9b4f000 r--p 00036000 08:01 22809169                   /usr/lib/R/library/grDevices/libs/grDevices.so
7fcdd9b4f000-7fcdd9b51000 rw-p 0003b000 08:01 22809169                   /usr/lib/R/library/grDevices/libs/grDevices.so
7fcdd9b51000-7fcdd9b52000 rw-p 00000000 00:00 0 
7fcdd9b52000-7fcdd9b91000 r-xp 00000000 08:01 22024871                   /usr/lib/x86_64-linux-gnu/libquadmath.so.0.0.0
7fcdd9b91000-7fcdd9d90000 ---p 0003f000 08:01 22024871                   /usr/lib/x86_64-linux-gnu/libquadmath.so.0.0.0
7fcdd9d90000-7fcdd9d91000 r--p 0003e000 08:01 22024871                   /usr/lib/x86_64-linux-gnu/libquadmath.so.0.0.0
7fcdd9d91000-7fcdd9d92000 rw-p 0003f000 08:01 22024871                   /usr/lib/x86_64-linux-gnu/libquadmath.so.0.0.0
7fcdd9d92000-7fcdd9f6e000 r-xp 00000000 08:01 22034262                   /usr/lib/x86_64-linux-gnu/libgfortran.so.4.0.0
7fcdd9f6e000-7fcdda16e000 ---p 001dc000 08:01 22034262                   /usr/lib/x86_64-linux-gnu/libgfortran.so.4.0.0
7fcdda16e000-7fcdda16f000 r--p 001dc000 08:01 22034262                   /usr/lib/x86_64-linux-gnu/libgfortran.so.4.0.0
7fcdda16f000-7fcdda170000 rw-p 001dd000 08:01 22034262                   /usr/lib/x86_64-linux-gnu/libgfortran.so.4.0.0
7fcdda170000-7fcdda171000 rw-p 00000000 00:00 0 
7fcdda171000-7fcdda188000 r-xp 00000000 08:01 12845062                   /lib/x86_64-linux-gnu/libgcc_s.so.1
7fcdda188000-7fcdda387000 ---p 00017000 08:01 12845062                   /lib/x86_64-linux-gnu/libgcc_s.so.1
7fcdda387000-7fcdda388000 r--p 00016000 08:01 12845062                   /lib/x86_64-linux-gnu/libgcc_s.so.1
7fcdda388000-7fcdda389000 rw-p 00017000 08:01 12845062                   /lib/x86_64-linux-gnu/libgcc_s.so.1
7fcdda389000-7fcdda502000 r-xp 00000000 08:01 22022767                   /usr/lib/x86_64-linux-gnu/libstdc++.so.6.0.25
7fcdda502000-7fcdda702000 ---p 00179000 08:01 22022767                   /usr/lib/x86_64-linux-gnu/libstdc++.so.6.0.25
7fcdda702000-7fcdda70c000 r--p 00179000 08:01 22022767                   /usr/lib/x86_64-linux-gnu/libstdc++.so.6.0.25
7fcdda70c000-7fcdda70e000 rw-p 00183000 08:01 22022767                   /usr/lib/x86_64-linux-gnu/libstdc++.so.6.0.25
7fcdda70e000-7fcdda712000 rw-p 00000000 00:00 0 
7fcdda712000-7fcddc0ba000 r-xp 00000000 08:01 22028331                   /usr/lib/x86_64-linux-gnu/libicudata.so.60.2
7fcddc0ba000-7fcddc2b9000 ---p 019a8000 08:01 22028331                   /usr/lib/x86_64-linux-gnu/libicudata.so.60.2
7fcddc2b9000-7fcddc2ba000 r--p 019a7000 08:01 22028331                   /usr/lib/x86_64-linux-gnu/libicudata.so.60.2
7fcddc2ba000-7fcddc2bb000 rw-p 019a8000 08:01 22028331                   /usr/lib/x86_64-linux-gnu/libicudata.so.60.2
7fcddc2bb000-7fcddc2e0000 r-xp 00000000 08:01 12849964                   /lib/x86_64-linux-gnu/libtinfo.so.5.9
7fcddc2e0000-7fcddc4e0000 ---p 00025000 08:01 12849964                   /lib/x86_64-linux-gnu/libtinfo.so.5.9
7fcddc4e0000-7fcddc4e4000 r--p 00025000 08:01 12849964                   /lib/x86_64-linux-gnu/libtinfo.so.5.9
7fcddc4e4000-7fcddc4e5000 rw-p 00029000 08:01 12849964                   /lib/x86_64-linux-gnu/libtinfo.so.5.9
7fcddc4e5000-7fcdde55a000 r-xp 00000000 08:01 22034358                   /usr/lib/x86_64-linux-gnu/libopenblasp-r0.2.20.so
7fcdde55a000-7fcdde759000 ---p 02075000 08:01 22034358                   /usr/lib/x86_64-linux-gnu/libopenblasp-r0.2.20.so
7fcdde759000-7fcdde75f000 r--p 02074000 08:01 22034358                   /usr/lib/x86_64-linux-gnu/libopenblasp-r0.2.20.so
7fcdde75f000-7fcdde772000 rw-p 0207a000 08:01 22034358                   /usr/lib/x86_64-linux-gnu/libopenblasp-r0.2.20.so
7fcdde772000-7fcdde78b000 rw-p 00000000 00:00 0 
7fcdde78b000-7fcdde7a5000 r-xp 00000000 08:01 12849939                   /lib/x86_64-linux-gnu/libpthread-2.27.so
7fcdde7a5000-7fcdde9a4000 ---p 0001a000 08:01 12849939                   /lib/x86_64-linux-gnu/libpthread-2.27.so
7fcdde9a4000-7fcdde9a5000 r--p 00019000 08:01 12849939                   /lib/x86_64-linux-gnu/libpthread-2.27.so
7fcdde9a5000-7fcdde9a6000 rw-p 0001a000 08:01 12849939                   /lib/x86_64-linux-gnu/libpthread-2.27.so
7fcdde9a6000-7fcdde9aa000 rw-p 00000000 00:00 0 
7fcdde9aa000-7fcdde9d8000 r-xp 00000000 08:01 22023382                   /usr/lib/x86_64-linux-gnu/libgomp.so.1.0.0
7fcdde9d8000-7fcddebd7000 ---p 0002e000 08:01 22023382                   /usr/lib/x86_64-linux-gnu/libgomp.so.1.0.0
7fcddebd7000-7fcddebd8000 r--p 0002d000 08:01 22023382                   /usr/lib/x86_64-linux-gnu/libgomp.so.1.0.0
7fcddebd8000-7fcddebd9000 rw-p 0002e000 08:01 22023382                   /usr/lib/x86_64-linux-gnu/libgomp.so.1.0.0
7fcddebd9000-7fcddee6b000 r-xp 00000000 08:01 22028333                   /usr/lib/x86_64-linux-gnu/libicui18n.so.60.2
7fcddee6b000-7fcddf06a000 ---p 00292000 08:01 22028333                   /usr/lib/x86_64-linux-gnu/libicui18n.so.60.2
7fcddf06a000-7fcddf079000 r--p 00291000 08:01 22028333                   /usr/lib/x86_64-linux-gnu/libicui18n.so.60.2
7fcddf079000-7fcddf07a000 rw-p 002a0000 08:01 22028333                   /usr/lib/x86_64-linux-gnu/libicui18n.so.60.2
7fcddf07a000-7fcddf21d000 r-xp 00000000 08:01 22028341                   /usr/lib/x86_64-linux-gnu/libicuuc.so.60.2
7fcddf21d000-7fcddf41c000 ---p 001a3000 08:01 22028341                   /usr/lib/x86_64-linux-gnu/libicuuc.so.60.2
7fcddf41c000-7fcddf42f000 r--p 001a2000 08:01 22028341                   /usr/lib/x86_64-linux-gnu/libicuuc.so.60.2
7fcddf42f000-7fcddf430000 rw-p 001b5000 08:01 22028341                   /usr/lib/x86_64-linux-gnu/libicuuc.so.60.2
7fcddf430000-7fcddf431000 rw-p 00000000 00:00 0 
7fcddf431000-7fcddf434000 r-xp 00000000 08:01 12849829                   /lib/x86_64-linux-gnu/libdl-2.27.so
7fcddf434000-7fcddf633000 ---p 00003000 08:01 12849829                   /lib/x86_64-linux-gnu/libdl-2.27.so
7fcddf633000-7fcddf634000 r--p 00002000 08:01 12849829                   /lib/x86_64-linux-gnu/libdl-2.27.so
7fcddf634000-7fcddf635000 rw-p 00003000 08:01 12849829                   /lib/x86_64-linux-gnu/libdl-2.27.so
7fcddf635000-7fcddf63c000 r-xp 00000000 08:01 12849947                   /lib/x86_64-linux-gnu/librt-2.27.so
7fcddf63c000-7fcddf83b000 ---p 00007000 08:01 12849947                   /lib/x86_64-linux-gnu/librt-2.27.so
7fcddf83b000-7fcddf83c000 r--p 00006000 08:01 12849947                   /lib/x86_64-linux-gnu/librt-2.27.so
7fcddf83c000-7fcddf83d000 rw-p 00007000 08:01 12849947                   /lib/x86_64-linux-gnu/librt-2.27.so
7fcddf83d000-7fcddf859000 r-xp 00000000 08:01 12849978                   /lib/x86_64-linux-gnu/libz.so.1.2.11
7fcddf859000-7fcddfa58000 ---p 0001c000 08:01 12849978                   /lib/x86_64-linux-gnu/libz.so.1.2.11
7fcddfa58000-7fcddfa59000 r--p 0001b000 08:01 12849978                   /lib/x86_64-linux-gnu/libz.so.1.2.11
7fcddfa59000-7fcddfa5a000 rw-p 0001c000 08:01 12849978                   /lib/x86_64-linux-gnu/libz.so.1.2.11
7fcddfa5a000-7fcddfa69000 r-xp 00000000 08:01 12845072                   /lib/x86_64-linux-gnu/libbz2.so.1.0.4
7fcddfa69000-7fcddfc68000 ---p 0000f000 08:01 12845072                   /lib/x86_64-linux-gnu/libbz2.so.1.0.4
7fcddfc68000-7fcddfc69000 r--p 0000e000 08:01 12845072                   /lib/x86_64-linux-gnu/libbz2.so.1.0.4
7fcddfc69000-7fcddfc6a000 rw-p 0000f000 08:01 12845072                   /lib/x86_64-linux-gnu/libbz2.so.1.0.4
7fcddfc6a000-7fcddfc8e000 r-xp 00000000 08:01 12849866                   /lib/x86_64-linux-gnu/liblzma.so.5.2.2
7fcddfc8e000-7fcddfe8e000 ---p 00024000 08:01 12849866                   /lib/x86_64-linux-gnu/liblzma.so.5.2.2
7fcddfe8e000-7fcddfe8f000 r--p 00024000 08:01 12849866                   /lib/x86_64-linux-gnu/liblzma.so.5.2.2
7fcddfe8f000-7fcddfe90000 rw-p 00025000 08:01 12849866                   /lib/x86_64-linux-gnu/liblzma.so.5.2.2
7fcddfe90000-7fcddff00000 r-xp 00000000 08:01 12849928                   /lib/x86_64-linux-gnu/libpcre.so.3.13.3
7fcddff00000-7fcde0100000 ---p 00070000 08:01 12849928                   /lib/x86_64-linux-gnu/libpcre.so.3.13.3
7fcde0100000-7fcde0101000 r--p 00070000 08:01 12849928                   /lib/x86_64-linux-gnu/libpcre.so.3.13.3
7fcde0101000-7fcde0102000 rw-p 00071000 08:01 12849928                   /lib/x86_64-linux-gnu/libpcre.so.3.13.3
7fcde0102000-7fcde0143000 r-xp 00000000 08:01 12849944                   /lib/x86_64-linux-gnu/libreadline.so.7.0
7fcde0143000-7fcde0342000 ---p 00041000 08:01 12849944                   /lib/x86_64-linux-gnu/libreadline.so.7.0
7fcde0342000-7fcde0344000 r--p 00040000 08:01 12849944                   /lib/x86_64-linux-gnu/libreadline.so.7.0
7fcde0344000-7fcde034a000 rw-p 00042000 08:01 12849944                   /lib/x86_64-linux-gnu/libreadline.so.7.0
7fcde034a000-7fcde034b000 rw-p 00000000 00:00 0 
7fcde034b000-7fcde04e8000 r-xp 00000000 08:01 12849869                   /lib/x86_64-linux-gnu/libm-2.27.so
7fcde04e8000-7fcde06e7000 ---p 0019d000 08:01 12849869                   /lib/x86_64-linux-gnu/libm-2.27.so
7fcde06e7000-7fcde06e8000 r--p 0019c000 08:01 12849869                   /lib/x86_64-linux-gnu/libm-2.27.so
7fcde06e8000-7fcde06e9000 rw-p 0019d000 08:01 12849869                   /lib/x86_64-linux-gnu/libm-2.27.so
7fcde06e9000-7fcde073f000 r-xp 00000000 08:01 22152789                   /usr/lib/x86_64-linux-gnu/openblas/libblas.so.3
7fcde073f000-7fcde093e000 ---p 00056000 08:01 22152789                   /usr/lib/x86_64-linux-gnu/openblas/libblas.so.3
7fcde093e000-7fcde0943000 r--p 00055000 08:01 22152789                   /usr/lib/x86_64-linux-gnu/openblas/libblas.so.3
7fcde0943000-7fcde0944000 rw-p 0005a000 08:01 22152789                   /usr/lib/x86_64-linux-gnu/openblas/libblas.so.3
7fcde0944000-7fcde0b2b000 r-xp 00000000 08:01 12849806                   /lib/x86_64-linux-gnu/libc-2.27.so
7fcde0b2b000-7fcde0d2b000 ---p 001e7000 08:01 12849806                   /lib/x86_64-linux-gnu/libc-2.27.so
7fcde0d2b000-7fcde0d2f000 r--p 001e7000 08:01 12849806                   /lib/x86_64-linux-gnu/libc-2.27.so
7fcde0d2f000-7fcde0d31000 rw-p 001eb000 08:01 12849806                   /lib/x86_64-linux-gnu/libc-2.27.so
7fcde0d31000-7fcde0d35000 rw-p 00000000 00:00 0 
7fcde0d35000-7fcde103e000 r-xp 00000000 08:01 22288065                   /usr/lib/R/lib/libR.so
7fcde103e000-7fcde123d000 ---p 00309000 08:01 22288065                   /usr/lib/R/lib/libR.so
7fcde123d000-7fcde125b000 r--p 00308000 08:01 22288065                   /usr/lib/R/lib/libR.so
7fcde125b000-7fcde1266000 rw-p 00326000 08:01 22288065                   /usr/lib/R/lib/libR.so
7fcde1266000-7fcde13b8000 rw-p 00000000 00:00 0 
7fcde13b8000-7fcde13df000 r-xp 00000000 08:01 12849778                   /lib/x86_64-linux-gnu/ld-2.27.so
7fcde142f000-7fcde1466000 rw-p 00000000 00:00 0 
7fcde1466000-7fcde1470000 ---p 00000000 00:00 0 
7fcde1470000-7fcde15c2000 rw-p 00000000 00:00 0 
7fcde15ca000-7fcde15cc000 r--s 00007000 08:01 22420049                   /usr/share/java/java-atk-wrapper.jar
7fcde15cc000-7fcde15d4000 rw-s 00000000 08:01 3410922                    /tmp/hsperfdata_dsuser04/32350
7fcde15d4000-7fcde15d5000 ---p 00000000 00:00 0 
7fcde15d5000-7fcde15d6000 r--p 00000000 00:00 0 
7fcde15d6000-7fcde15dd000 r--s 00000000 08:01 22285294                   /usr/lib/x86_64-linux-gnu/gconv/gconv-modules.cache
7fcde15dd000-7fcde15df000 rw-p 00000000 00:00 0 
7fcde15df000-7fcde15e0000 r--p 00027000 08:01 12849778                   /lib/x86_64-linux-gnu/ld-2.27.so
7fcde15e0000-7fcde15e1000 rw-p 00028000 08:01 12849778                   /lib/x86_64-linux-gnu/ld-2.27.so
7fcde15e1000-7fcde15e2000 rw-p 00000000 00:00 0 
7fff066da000-7fff067d6000 rw-p 00000000 00:00 0                          [stack]
7fff067e0000-7fff067e3000 r--p 00000000 00:00 0                          [vvar]
7fff067e3000-7fff067e5000 r-xp 00000000 00:00 0                          [vdso]
ffffffffff600000-ffffffffff601000 r-xp 00000000 00:00 0                  [vsyscall]


VM Arguments:
jvm_args: -Xmx512m -Xrs vfprintf exit -XX:+UnlockExperimentalVMOptions -XX:+DisablePrimordialThreadGuardPages 
java_command: <unknown>
java_class_path (initial): /usr/lib/R/library/rJava/java/boot
Launcher Type: generic

[Global flags]
     intx CICompilerCount                          = 12                                        {product} {ergonomic}
     uint ConcGCThreads                            = 3                                         {product} {ergonomic}
     bool DisablePrimordialThreadGuardPages        = true                                 {experimental} {command line}
     uint G1ConcRefinementThreads                  = 13                                        {product} {ergonomic}
   size_t G1HeapRegionSize                         = 1048576                                   {product} {ergonomic}
    uintx GCDrainStackTargetSize                   = 64                                        {product} {ergonomic}
   size_t InitialHeapSize                          = 264241152                                 {product} {ergonomic}
   size_t MarkStackSize                            = 4194304                                   {product} {ergonomic}
   size_t MaxHeapSize                              = 536870912                                 {product} {command line}
   size_t MinHeapDeltaBytes                        = 1048576                                   {product} {ergonomic}
    uintx NonNMethodCodeHeapSize                   = 7591728                                {pd product} {ergonomic}
    uintx NonProfiledCodeHeapSize                  = 122033256                              {pd product} {ergonomic}
    uintx ProfiledCodeHeapSize                     = 122033256                              {pd product} {ergonomic}
     bool ReduceSignalUsage                        = true                                      {product} {command line}
    uintx ReservedCodeCacheSize                    = 251658240                              {pd product} {ergonomic}
     bool SegmentedCodeCache                       = true                                      {product} {ergonomic}
     bool UnlockExperimentalVMOptions              = true                                 {experimental} {command line}
     bool UseCompressedClassPointers               = true                                 {lp64_product} {ergonomic}
     bool UseCompressedOops                        = true                                 {lp64_product} {ergonomic}
     bool UseG1GC                                  = true                                      {product} {ergonomic}

Logging:
Log output configuration:
 #0: stdout all=warning uptime,level,tags
 #1: stderr all=off uptime,level,tags

Environment Variables:
PATH=/usr/local/sbin:/usr/local/bin:/usr/sbin:/usr/bin:/sbin:/bin:/usr/games:/usr/local/games:/snap/bin
LD_LIBRARY_PATH=/usr/lib/R/lib:/usr/lib/x86_64-linux-gnu:/usr/lib/jvm/default-java/lib/server
SHELL=/bin/bash

Signal Handlers:
SIGSEGV: [libjvm.so+0xde5f50], sa_mask[0]=11111111011111111101111111111110, sa_flags=SA_RESTART|SA_SIGINFO
SIGBUS: [libjvm.so+0xde5f50], sa_mask[0]=11111111011111111101111111111110, sa_flags=SA_RESTART|SA_SIGINFO
SIGFPE: [libjvm.so+0xde5f50], sa_mask[0]=11111111011111111101111111111110, sa_flags=SA_RESTART|SA_SIGINFO
SIGPIPE: [libjvm.so+0xbba5b0], sa_mask[0]=11111111011111111101111111111110, sa_flags=SA_RESTART|SA_SIGINFO
SIGXFSZ: [libjvm.so+0xbba5b0], sa_mask[0]=11111111011111111101111111111110, sa_flags=SA_RESTART|SA_SIGINFO
SIGILL: [libjvm.so+0xde5f50], sa_mask[0]=11111111011111111101111111111110, sa_flags=SA_RESTART|SA_SIGINFO
SIGUSR2: [libjvm.so+0xbba450], sa_mask[0]=00000000000000000000000000000000, sa_flags=SA_RESTART|SA_SIGINFO
SIGHUP: SIG_DFL, sa_mask[0]=00000000000000000000000000000000, sa_flags=none
SIGINT: [libR.so+0x169640], sa_mask[0]=01000000000000000000000000000000, sa_flags=SA_RESTART
SIGTERM: SIG_DFL, sa_mask[0]=00000000000000000000000000000000, sa_flags=none
SIGQUIT: SIG_DFL, sa_mask[0]=00000000000000000000000000000000, sa_flags=none


---------------  S Y S T E M  ---------------

OS:DISTRIB_ID=Ubuntu
DISTRIB_RELEASE=18.04
DISTRIB_CODENAME=bionic
DISTRIB_DESCRIPTION="Ubuntu 18.04.3 LTS"
uname:Linux 4.15.0-66-generic #75-Ubuntu SMP Tue Oct 1 05:24:09 UTC 2019 x86_64
libc:glibc 2.27 NPTL 2.27 
rlimit: STACK 8192k, CORE 0k, NPROC 63910, NOFILE 1048576, AS infinity, DATA infinity, FSIZE infinity
load average:46.29 12.14 5.41

/proc/meminfo:
MemTotal:       16422580 kB
MemFree:          297020 kB
MemAvailable:      70124 kB
Buffers:            9328 kB
Cached:           219000 kB
SwapCached:         5436 kB
Active:         11584128 kB
Inactive:        3966548 kB
Active(anon):   11548424 kB
Inactive(anon):  3844588 kB
Active(file):      35704 kB
Inactive(file):   121960 kB
Unevictable:          96 kB
Mlocked:              96 kB
SwapTotal:       2097148 kB
SwapFree:              0 kB
Dirty:              2564 kB
Writeback:          1644 kB
AnonPages:      15317564 kB
Mapped:           138556 kB
Shmem:             70272 kB
Slab:             213664 kB
SReclaimable:      87484 kB
SUnreclaim:       126180 kB
KernelStack:       38064 kB
PageTables:       169436 kB
NFS_Unstable:          0 kB
Bounce:                0 kB
WritebackTmp:          0 kB
CommitLimit:    10308436 kB
Committed_AS:   64829904 kB
VmallocTotal:   34359738367 kB
VmallocUsed:           0 kB
VmallocChunk:          0 kB
HardwareCorrupted:     0 kB
AnonHugePages:         0 kB
ShmemHugePages:        0 kB
ShmemPmdMapped:        0 kB
CmaTotal:              0 kB
CmaFree:               0 kB
HugePages_Total:       0
HugePages_Free:        0
HugePages_Rsvd:        0
HugePages_Surp:        0
Hugepagesize:       2048 kB
DirectMap4k:      550848 kB
DirectMap2M:    16226304 kB
DirectMap1G:     2097152 kB


/proc/sys/kernel/threads-max (system-wide limit on the number of threads):
127820


/proc/sys/vm/max_map_count (maximum number of memory map areas a process may have):
65530


/proc/sys/kernel/pid_max (system-wide limit on number of process identifiers):
32768



container (cgroup) information:
container_type: cgroupv1
cpu_cpuset_cpus: 0-15
cpu_memory_nodes: 0-7
active_processor_count: 16
cpu_quota: -1
cpu_period: 100000
cpu_shares: -1
memory_limit_in_bytes: -1
memory_and_swap_limit_in_bytes: -2
memory_soft_limit_in_bytes: -1
memory_usage_in_bytes: 15923466240
memory_max_usage_in_bytes: 55058051072

Steal ticks since vm start: 0
Steal ticks percentage since vm start:  0.000

CPU:total 16 (initial active 16) (2 cores per cpu, 1 threads per core) family 6 model 79 stepping 1, cmov, cx8, fxsr, mmx, sse, sse2, sse3, ssse3, sse4.1, sse4.2, popcnt, avx, avx2, aes, clmul, erms, rtm, 3dnowpref, lzcnt, tsc, tscinvbit, bmi1, bmi2, adx, fma
CPU Model and flags from /proc/cpuinfo:
model name	: Intel(R) Xeon(R) CPU E5-2630 v4 @ 2.20GHz
flags		: fpu vme de pse tsc msr pae mce cx8 apic sep mtrr pge mca cmov pat pse36 clflush dts mmx fxsr sse sse2 ss ht syscall nx pdpe1gb rdtscp lm constant_tsc arch_perfmon pebs bts nopl xtopology tsc_reliable nonstop_tsc cpuid pni pclmulqdq ssse3 fma cx16 pcid sse4_1 sse4_2 x2apic movbe popcnt tsc_deadline_timer aes xsave avx f16c rdrand hypervisor lahf_lm abm 3dnowprefetch cpuid_fault invpcid_single pti ssbd ibrs ibpb stibp fsgsbase tsc_adjust bmi1 hle avx2 smep bmi2 invpcid rtm rdseed adx smap xsaveopt arat flush_l1d arch_capabilities

Memory: 4k page, physical 16422580k(297020k free), swap 2097148k(4k free)

vm_info: OpenJDK 64-Bit Server VM (11.0.4+11-post-Ubuntu-1ubuntu218.04.3) for linux-amd64 JRE (11.0.4+11-post-Ubuntu-1ubuntu218.04.3), built on Jul 18 2019 18:21:46 by "buildd" with gcc 7.4.0

END.
