#
# There is insufficient memory for the Java Runtime Environment to continue.
# Native memory allocation (mmap) failed to map 264241152 bytes for committing reserved memory.
# Possible reasons:
#   The system is out of physical RAM or swap space
#   The process is running with CompressedOops enabled, and the Java Heap may be blocking the growth of the native heap
# Possible solutions:
#   Reduce memory load on the system
#   Increase physical memory or swap space
#   Check if swap backing store is full
#   Decrease Java heap size (-Xmx/-Xms)
#   Decrease number of Java threads
#   Decrease Java thread stack sizes (-Xss)
#   Set larger code cache with -XX:ReservedCodeCacheSize=
# This output file may be truncated or incomplete.
#
#  Out of Memory Error (os_linux.cpp:2893), pid=31124, tid=31124
#
# JRE version:  (11.0.4+11) (build )
# Java VM: OpenJDK 64-Bit Server VM (11.0.4+11-post-Ubuntu-1ubuntu218.04.3, mixed mode, aot, sharing, tiered, compressed oops, g1 gc, linux-amd64)
# Core dump will be written. Default location: Core dumps may be processed with "/usr/share/apport/apport %p %s %c %d %P" (or dumping to /home/dsuser04/DataScience/stats/core.31124)
#

---------------  S U M M A R Y ------------

Command Line: -Xmx512m -Xrs vfprintf exit -XX:+UnlockExperimentalVMOptions -XX:+DisablePrimordialThreadGuardPages 

Host: Intel(R) Xeon(R) CPU E5-2630 v4 @ 2.20GHz, 16 cores, 15G, Ubuntu 18.04.3 LTS
Time: Wed Dec  4 17:57:00 2019 IST elapsed time: 0 seconds (0d 0h 0m 0s)

---------------  T H R E A D  ---------------

Current thread (0x0000557dfc72b800):  JavaThread "Unknown thread" [_thread_in_vm, id=31124, stack(0x00007ffc6cb0a000,0x00007ffc6cc0a000)]

Stack: [0x00007ffc6cb0a000,0x00007ffc6cc0a000],  sp=0x00007ffc6cbb6960,  free space=690k
Native frames: (J=compiled Java code, A=aot compiled Java code, j=interpreted, Vv=VM code, C=native code)
V  [libjvm.so+0xde4547]
V  [libjvm.so+0xde519b]
V  [libjvm.so+0x6511a5]
V  [libjvm.so+0xbbed38]
V  [libjvm.so+0xbb5ebd]
V  [libjvm.so+0x76f53f]
V  [libjvm.so+0x76f7ae]
V  [libjvm.so+0x77b820]
V  [libjvm.so+0x7f6969]
V  [libjvm.so+0x7f75c2]
V  [libjvm.so+0x7f7a29]
V  [libjvm.so+0x72de6f]
V  [libjvm.so+0x72e55d]
V  [libjvm.so+0xd9ea32]
V  [libjvm.so+0xd9ecc6]
V  [libjvm.so+0x80f907]
V  [libjvm.so+0xd7d627]
V  [libjvm.so+0x8c8611]  JNI_CreateJavaVM+0x51


---------------  P R O C E S S  ---------------

Threads class SMR info:
_java_thread_list=0x0000557dfaeb0b00, length=0, elements={
}

Java Threads: ( => current thread )

Other Threads:
  0x0000557dfae6f000 GCTaskThread "GC Thread#0" [stack: 0x00007fdc1f42f000,0x00007fdc1f52f000] [id=31232]
  0x0000557df956a000 ConcurrentGCThread "G1 Main Marker" [stack: 0x00007fdbdc306000,0x00007fdbdc406000] [id=31233]
  0x0000557df9fcb000 ConcurrentGCThread "G1 Conc#0" [stack: 0x00007fdbdc204000,0x00007fdbdc304000] [id=31234]

[error occurred during error reporting (printing all threads), id 0xb, SIGSEGV (0xb) at pc=0x00007fdbf5a3f040]

VM state:not at safepoint (not fully initialized)

VM Mutex/Monitor currently owned by a thread:  ([mutex/lock_event])
[0x0000557df8470d30] Heap_lock - owner thread: 0x0000557dfc72b800

Heap address: 0x00000000e0000000, size: 512 MB, Compressed Oops mode: Non-zero based: 0x00000000e0000000
Narrow klass base: 0x0000000000000000, Narrow klass shift: 0

GC Heap History (0 events):
No events

Deoptimization events (0 events):
No events

Classes redefined (0 events):
No events

Internal exceptions (0 events):
No events

Events (0 events):
No events


Dynamic libraries:
efc00000-100000000 ---p 00000000 00:00 0 
557df2315000-557df2316000 r-xp 00000000 08:01 22288054                   /usr/lib/R/bin/exec/R
557df2515000-557df2516000 r--p 00000000 08:01 22288054                   /usr/lib/R/bin/exec/R
557df2516000-557df2517000 rw-p 00001000 08:01 22288054                   /usr/lib/R/bin/exec/R
557df3a83000-557e00bb7000 rw-p 00000000 00:00 0                          [heap]
7fdbce000000-7fdbd0000000 rw-p 00000000 00:00 0 
7fdbd0000000-7fdbd0021000 rw-p 00000000 00:00 0 
7fdbd0021000-7fdbd4000000 ---p 00000000 00:00 0 
7fdbd4000000-7fdbd4021000 rw-p 00000000 00:00 0 
7fdbd4021000-7fdbd8000000 ---p 00000000 00:00 0 
7fdbd8000000-7fdbd8021000 rw-p 00000000 00:00 0 
7fdbd8021000-7fdbdc000000 ---p 00000000 00:00 0 
7fdbdc202000-7fdbdc203000 ---p 00000000 00:00 0 
7fdbdc203000-7fdbdc304000 rw-p 00000000 00:00 0 
7fdbdc304000-7fdbdc305000 ---p 00000000 00:00 0 
7fdbdc305000-7fdbdc406000 rw-p 00000000 00:00 0 
7fdbdc406000-7fdbdd406000 ---p 00000000 00:00 0 
7fdbdd406000-7fdbdd676000 rwxp 00000000 00:00 0 
7fdbdd676000-7fdbddb44000 ---p 00000000 00:00 0 
7fdbddb44000-7fdbdddb4000 rwxp 00000000 00:00 0 
7fdbdddb4000-7fdbe4fa5000 ---p 00000000 00:00 0 
7fdbe4fa5000-7fdbe5215000 rwxp 00000000 00:00 0 
7fdbe5215000-7fdbec406000 ---p 00000000 00:00 0 
7fdbec406000-7fdbf4ab0000 r--s 00000000 08:01 22287407                   /usr/lib/jvm/java-11-openjdk-amd64/lib/modules
7fdbf4ab0000-7fdbf4ab5000 r-xp 00000000 08:01 22287389                   /usr/lib/jvm/java-11-openjdk-amd64/lib/libjimage.so
7fdbf4ab5000-7fdbf4cb4000 ---p 00005000 08:01 22287389                   /usr/lib/jvm/java-11-openjdk-amd64/lib/libjimage.so
7fdbf4cb4000-7fdbf4cb5000 r--p 00004000 08:01 22287389                   /usr/lib/jvm/java-11-openjdk-amd64/lib/libjimage.so
7fdbf4cb5000-7fdbf4cb6000 rw-p 00005000 08:01 22287389                   /usr/lib/jvm/java-11-openjdk-amd64/lib/libjimage.so
7fdbf4cb6000-7fdbf4cbd000 r-xp 00000000 08:01 22287406                   /usr/lib/jvm/java-11-openjdk-amd64/lib/libzip.so
7fdbf4cbd000-7fdbf4ebc000 ---p 00007000 08:01 22287406                   /usr/lib/jvm/java-11-openjdk-amd64/lib/libzip.so
7fdbf4ebc000-7fdbf4ebd000 r--p 00006000 08:01 22287406                   /usr/lib/jvm/java-11-openjdk-amd64/lib/libzip.so
7fdbf4ebd000-7fdbf4ebe000 rw-p 00007000 08:01 22287406                   /usr/lib/jvm/java-11-openjdk-amd64/lib/libzip.so
7fdbf4ebe000-7fdbf4ee7000 r-xp 00000000 08:01 22287385                   /usr/lib/jvm/java-11-openjdk-amd64/lib/libjava.so
7fdbf4ee7000-7fdbf50e6000 ---p 00029000 08:01 22287385                   /usr/lib/jvm/java-11-openjdk-amd64/lib/libjava.so
7fdbf50e6000-7fdbf50e7000 r--p 00028000 08:01 22287385                   /usr/lib/jvm/java-11-openjdk-amd64/lib/libjava.so
7fdbf50e7000-7fdbf50e9000 rw-p 00029000 08:01 22287385                   /usr/lib/jvm/java-11-openjdk-amd64/lib/libjava.so
7fdbf50e9000-7fdbf50f6000 r-xp 00000000 08:01 22287405                   /usr/lib/jvm/java-11-openjdk-amd64/lib/libverify.so
7fdbf50f6000-7fdbf52f5000 ---p 0000d000 08:01 22287405                   /usr/lib/jvm/java-11-openjdk-amd64/lib/libverify.so
7fdbf52f5000-7fdbf52f7000 r--p 0000c000 08:01 22287405                   /usr/lib/jvm/java-11-openjdk-amd64/lib/libverify.so
7fdbf52f7000-7fdbf52f8000 rw-p 0000e000 08:01 22287405                   /usr/lib/jvm/java-11-openjdk-amd64/lib/libverify.so
7fdbf52f8000-7fdbf63c4000 r-xp 00000000 08:01 22287412                   /usr/lib/jvm/java-11-openjdk-amd64/lib/server/libjvm.so
7fdbf63c4000-7fdbf65c3000 ---p 010cc000 08:01 22287412                   /usr/lib/jvm/java-11-openjdk-amd64/lib/server/libjvm.so
7fdbf65c3000-7fdbf6680000 r--p 010cb000 08:01 22287412                   /usr/lib/jvm/java-11-openjdk-amd64/lib/server/libjvm.so
7fdbf6680000-7fdbf66b9000 rw-p 01188000 08:01 22287412                   /usr/lib/jvm/java-11-openjdk-amd64/lib/server/libjvm.so
7fdbf66b9000-7fdbf670f000 rw-p 00000000 00:00 0 
7fdbf670f000-7fdbf671f000 r-xp 00000000 08:01 1837676                    /usr/lib/R/library/rJava/libs/rJava.so
7fdbf671f000-7fdbf691e000 ---p 00010000 08:01 1837676                    /usr/lib/R/library/rJava/libs/rJava.so
7fdbf691e000-7fdbf691f000 r--p 0000f000 08:01 1837676                    /usr/lib/R/library/rJava/libs/rJava.so
7fdbf691f000-7fdbf6920000 rw-p 00010000 08:01 1837676                    /usr/lib/R/library/rJava/libs/rJava.so
7fdbf6920000-7fdbf6926000 r-xp 00000000 08:01 1051409                    /usr/lib/R/library/Hmisc/libs/Hmisc.so
7fdbf6926000-7fdbf6b25000 ---p 00006000 08:01 1051409                    /usr/lib/R/library/Hmisc/libs/Hmisc.so
7fdbf6b25000-7fdbf6b26000 r--p 00005000 08:01 1051409                    /usr/lib/R/library/Hmisc/libs/Hmisc.so
7fdbf6b26000-7fdbf6b27000 rw-p 00006000 08:01 1051409                    /usr/lib/R/library/Hmisc/libs/Hmisc.so
7fdbf6b27000-7fdbf6b96000 r-xp 00000000 08:01 23206155                   /usr/local/lib/R/site-library/stringi/libs/stringi.so
7fdbf6b96000-7fdbf6d95000 ---p 0006f000 08:01 23206155                   /usr/local/lib/R/site-library/stringi/libs/stringi.so
7fdbf6d95000-7fdbf6d97000 r--p 0006e000 08:01 23206155                   /usr/local/lib/R/site-library/stringi/libs/stringi.so
7fdbf6d97000-7fdbf6d98000 rw-p 00070000 08:01 23206155                   /usr/local/lib/R/site-library/stringi/libs/stringi.so
7fdbf6d98000-7fdbf6da8000 r-xp 00000000 08:01 921384                     /usr/lib/R/library/checkmate/libs/checkmate.so
7fdbf6da8000-7fdbf6fa7000 ---p 00010000 08:01 921384                     /usr/lib/R/library/checkmate/libs/checkmate.so
7fdbf6fa7000-7fdbf6fa8000 r--p 0000f000 08:01 921384                     /usr/lib/R/library/checkmate/libs/checkmate.so
7fdbf6fa8000-7fdbf6fa9000 rw-p 00010000 08:01 921384                     /usr/lib/R/library/checkmate/libs/checkmate.so
7fdbf6fa9000-7fdbf6fb5000 r-xp 00000000 08:01 23202426                   /usr/lib/R/library/rpart/libs/rpart.so
7fdbf6fb5000-7fdbf71b4000 ---p 0000c000 08:01 23202426                   /usr/lib/R/library/rpart/libs/rpart.so
7fdbf71b4000-7fdbf71b5000 r--p 0000b000 08:01 23202426                   /usr/lib/R/library/rpart/libs/rpart.so
7fdbf71b5000-7fdbf71b6000 rw-p 0000c000 08:01 23202426                   /usr/lib/R/library/rpart/libs/rpart.so
7fdbf71b6000-7fdbf71ba000 r-xp 00000000 08:01 23201197                   /usr/lib/R/library/nnet/libs/nnet.so
7fdbf71ba000-7fdbf73b9000 ---p 00004000 08:01 23201197                   /usr/lib/R/library/nnet/libs/nnet.so
7fdbf73b9000-7fdbf73ba000 r--p 00003000 08:01 23201197                   /usr/lib/R/library/nnet/libs/nnet.so
7fdbf73ba000-7fdbf73bb000 rw-p 00004000 08:01 23201197                   /usr/lib/R/library/nnet/libs/nnet.so
7fdbf73bb000-7fdbf73cb000 r-xp 00000000 08:01 23072847                   /usr/lib/R/library/cluster/libs/cluster.so
7fdbf73cb000-7fdbf75ca000 ---p 00010000 08:01 23072847                   /usr/lib/R/library/cluster/libs/cluster.so
7fdbf75ca000-7fdbf75cb000 r--p 0000f000 08:01 23072847                   /usr/lib/R/library/cluster/libs/cluster.so
7fdbf75cb000-7fdbf75cc000 rw-p 00010000 08:01 23072847                   /usr/lib/R/library/cluster/libs/cluster.so
7fdbf75cc000-7fdbf75d3000 r-xp 00000000 08:01 789684                     /usr/lib/R/library/acepack/libs/acepack.so
7fdbf75d3000-7fdbf77d2000 ---p 00007000 08:01 789684                     /usr/lib/R/library/acepack/libs/acepack.so
7fdbf77d2000-7fdbf77d3000 r--p 00006000 08:01 789684                     /usr/lib/R/library/acepack/libs/acepack.so
7fdbf77d3000-7fdbf77d4000 rw-p 00007000 08:01 789684                     /usr/lib/R/library/acepack/libs/acepack.so
7fdbf77d4000-7fdbf77d7000 r-xp 00000000 08:01 25298379                   /usr/local/lib/R/site-library/lazyeval/libs/lazyeval.so
7fdbf77d7000-7fdbf79d7000 ---p 00003000 08:01 25298379                   /usr/local/lib/R/site-library/lazyeval/libs/lazyeval.so
7fdbf79d7000-7fdbf79d8000 r--p 00003000 08:01 25298379                   /usr/local/lib/R/site-library/lazyeval/libs/lazyeval.so
7fdbf79d8000-7fdbf79d9000 rw-p 00004000 08:01 25298379                   /usr/local/lib/R/site-library/lazyeval/libs/lazyeval.so
7fdbf79d9000-7fdbf79eb000 r-xp 00000000 08:01 25428653                   /usr/local/lib/R/site-library/scales/libs/scales.so
7fdbf79eb000-7fdbf7beb000 ---p 00012000 08:01 25428653                   /usr/local/lib/R/site-library/scales/libs/scales.so
7fdbf7beb000-7fdbf7bec000 r--p 00012000 08:01 25428653                   /usr/local/lib/R/site-library/scales/libs/scales.so
7fdbf7bec000-7fdbf7bed000 rw-p 00013000 08:01 25428653                   /usr/local/lib/R/site-library/scales/libs/scales.so
7fdbf7bed000-7fdbf7bf8000 r-xp 00000000 08:01 23205239                   /usr/local/lib/R/site-library/colorspace/libs/colorspace.so
7fdbf7bf8000-7fdbf7df7000 ---p 0000b000 08:01 23205239                   /usr/local/lib/R/site-library/colorspace/libs/colorspace.so
7fdbf7df7000-7fdbf7df8000 r--p 0000a000 08:01 23205239                   /usr/local/lib/R/site-library/colorspace/libs/colorspace.so
7fdbf7df8000-7fdbf7df9000 rw-p 0000b000 08:01 23205239                   /usr/local/lib/R/site-library/colorspace/libs/colorspace.so
7fdbf7df9000-7fdbf7e20000 r-xp 00000000 08:01 23201961                   /usr/lib/R/library/survival/libs/survival.so
7fdbf7e20000-7fdbf8020000 ---p 00027000 08:01 23201961                   /usr/lib/R/library/survival/libs/survival.so
7fdbf8020000-7fdbf8021000 r--p 00027000 08:01 23201961                   /usr/lib/R/library/survival/libs/survival.so
7fdbf8021000-7fdbf8022000 rw-p 00028000 08:01 23201961                   /usr/lib/R/library/survival/libs/survival.so
7fdbf8022000-7fdbf80dd000 r-xp 00000000 08:01 23073181                   /usr/lib/R/library/Matrix/libs/Matrix.so
7fdbf80dd000-7fdbf82dd000 ---p 000bb000 08:01 23073181                   /usr/lib/R/library/Matrix/libs/Matrix.so
7fdbf82dd000-7fdbf82de000 r--p 000bb000 08:01 23073181                   /usr/lib/R/library/Matrix/libs/Matrix.so
7fdbf82de000-7fdbf82e1000 rw-p 000bc000 08:01 23073181                   /usr/lib/R/library/Matrix/libs/Matrix.so
7fdbf82e1000-7fdbf858f000 rw-p 00000000 00:00 0 
7fdbf858f000-7fdbf8592000 r-xp 00000000 08:01 23073083                   /usr/lib/R/library/lattice/libs/lattice.so
7fdbf8592000-7fdbf8791000 ---p 00003000 08:01 23073083                   /usr/lib/R/library/lattice/libs/lattice.so
7fdbf8791000-7fdbf8792000 r--p 00002000 08:01 23073083                   /usr/lib/R/library/lattice/libs/lattice.so
7fdbf8792000-7fdbf8793000 rw-p 00003000 08:01 23073083                   /usr/lib/R/library/lattice/libs/lattice.so
7fdbf8793000-7fdbf87b2000 r-xp 00000000 08:01 22809277                   /usr/lib/R/library/grid/libs/grid.so
7fdbf87b2000-7fdbf89b2000 ---p 0001f000 08:01 22809277                   /usr/lib/R/library/grid/libs/grid.so
7fdbf89b2000-7fdbf89b3000 r--p 0001f000 08:01 22809277                   /usr/lib/R/library/grid/libs/grid.so
7fdbf89b3000-7fdbf89b4000 rw-p 00020000 08:01 22809277                   /usr/lib/R/library/grid/libs/grid.so
7fdbf89b4000-7fdbf89b6000 r-xp 00000000 08:01 22938611                   /usr/lib/R/library/splines/libs/splines.so
7fdbf89b6000-7fdbf8bb5000 ---p 00002000 08:01 22938611                   /usr/lib/R/library/splines/libs/splines.so
7fdbf8bb5000-7fdbf8bb6000 r--p 00001000 08:01 22938611                   /usr/lib/R/library/splines/libs/splines.so
7fdbf8bb6000-7fdbf8bb7000 rw-p 00002000 08:01 22938611                   /usr/lib/R/library/splines/libs/splines.so
7fdbf8bb7000-7fdbf8d91000 r-xp 00000000 08:01 25428954                   /usr/local/lib/R/site-library/dplyr/libs/dplyr.so
7fdbf8d91000-7fdbf8f91000 ---p 001da000 08:01 25428954                   /usr/local/lib/R/site-library/dplyr/libs/dplyr.so
7fdbf8f91000-7fdbf8f96000 r--p 001da000 08:01 25428954                   /usr/local/lib/R/site-library/dplyr/libs/dplyr.so
7fdbf8f96000-7fdbf8f97000 rw-p 001df000 08:01 25428954                   /usr/local/lib/R/site-library/dplyr/libs/dplyr.so
7fdbf8f97000-7fdbf8f9c000 rw-p 00000000 00:00 0 
7fdbf8f9c000-7fdbf8fb1000 r-xp 00000000 08:01 25428731                   /usr/local/lib/R/site-library/tidyselect/libs/tidyselect.so
7fdbf8fb1000-7fdbf91b0000 ---p 00015000 08:01 25428731                   /usr/local/lib/R/site-library/tidyselect/libs/tidyselect.so
7fdbf91b0000-7fdbf91b1000 r--p 00014000 08:01 25428731                   /usr/local/lib/R/site-library/tidyselect/libs/tidyselect.so
7fdbf91b1000-7fdbf91b2000 rw-p 00015000 08:01 25428731                   /usr/local/lib/R/site-library/tidyselect/libs/tidyselect.so
7fdbf91b2000-7fdbf91ba000 r-xp 00000000 08:01 25428390                   /usr/local/lib/R/site-library/purrr/libs/purrr.so
7fdbf91ba000-7fdbf93b9000 ---p 00008000 08:01 25428390                   /usr/local/lib/R/site-library/purrr/libs/purrr.so
7fdbf93b9000-7fdbf93ba000 r--p 00007000 08:01 25428390                   /usr/local/lib/R/site-library/purrr/libs/purrr.so
7fdbf93ba000-7fdbf93bb000 rw-p 00008000 08:01 25428390                   /usr/local/lib/R/site-library/purrr/libs/purrr.so
7fdbf93bb000-7fdbf93bd000 r-xp 00000000 08:01 25428015                   /usr/local/lib/R/site-library/glue/libs/glue.so
7fdbf93bd000-7fdbf95bc000 ---p 00002000 08:01 25428015                   /usr/local/lib/R/site-library/glue/libs/glue.so
7fdbf95bc000-7fdbf95bd000 r--p 00001000 08:01 25428015                   /usr/local/lib/R/site-library/glue/libs/glue.so
7fdbf95bd000-7fdbf95be000 rw-p 00002000 08:01 25428015                   /usr/local/lib/R/site-library/glue/libs/glue.so
7fdbf95be000-7fdbf95d0000 r-xp 00000000 08:01 786812                     /usr/lib/R/library/e1071/libs/e1071.so
7fdbf95d0000-7fdbf97cf000 ---p 00012000 08:01 786812                     /usr/lib/R/library/e1071/libs/e1071.so
7fdbf97cf000-7fdbf97d0000 r--p 00011000 08:01 786812                     /usr/lib/R/library/e1071/libs/e1071.so
7fdbf97d0000-7fdbf97d1000 rw-p 00012000 08:01 786812                     /usr/lib/R/library/e1071/libs/e1071.so
7fdbf97d1000-7fdbf97d4000 r-xp 00000000 08:01 23071853                   /usr/lib/R/library/class/libs/class.so
7fdbf97d4000-7fdbf99d3000 ---p 00003000 08:01 23071853                   /usr/lib/R/library/class/libs/class.so
7fdbf99d3000-7fdbf99d4000 r--p 00002000 08:01 23071853                   /usr/lib/R/library/class/libs/class.so
7fdbf99d4000-7fdbf99d5000 rw-p 00003000 08:01 23071853                   /usr/lib/R/library/class/libs/class.so
7fdbf99d5000-7fdbf9a26000 r-xp 00000000 08:01 918028                     /usr/lib/R/library/readxl/libs/readxl.so
7fdbf9a26000-7fdbf9c26000 ---p 00051000 08:01 918028                     /usr/lib/R/library/readxl/libs/readxl.so
7fdbf9c26000-7fdbf9c27000 r--p 00051000 08:01 918028                     /usr/lib/R/library/readxl/libs/readxl.so
7fdbf9c27000-7fdbf9c29000 rw-p 00052000 08:01 918028                     /usr/lib/R/library/readxl/libs/readxl.so
7fdbf9c29000-7fdbf9c2a000 rw-p 00000000 00:00 0 
7fdbf9c2a000-7fdbf9c8b000 r-xp 00000000 08:01 790863                     /usr/lib/R/library/openxlsx/libs/openxlsx.so
7fdbf9c8b000-7fdbf9e8b000 ---p 00061000 08:01 790863                     /usr/lib/R/library/openxlsx/libs/openxlsx.so
7fdbf9e8b000-7fdbf9e8c000 r--p 00061000 08:01 790863                     /usr/lib/R/library/openxlsx/libs/openxlsx.so
7fdbf9e8c000-7fdbf9e8d000 rw-p 00062000 08:01 790863                     /usr/lib/R/library/openxlsx/libs/openxlsx.so
7fdbf9e8d000-7fdbf9e8e000 rw-p 00000000 00:00 0 
7fdbf9e8e000-7fdbf9ea6000 r-xp 00000000 08:01 1450198                    /usr/local/lib/R/site-library/zip/libs/zip.so
7fdbf9ea6000-7fdbfa0a5000 ---p 00018000 08:01 1450198                    /usr/local/lib/R/site-library/zip/libs/zip.so
7fdbfa0a5000-7fdbfa0a6000 r--p 00017000 08:01 1450198                    /usr/local/lib/R/site-library/zip/libs/zip.so
7fdbfa0a6000-7fdbfa0a7000 rw-p 00018000 08:01 1450198                    /usr/local/lib/R/site-library/zip/libs/zip.so
7fdbfa0a7000-7fdbfa101000 r-xp 00000000 08:01 920231                     /usr/lib/R/library/haven/libs/haven.so
7fdbfa101000-7fdbfa301000 ---p 0005a000 08:01 920231                     /usr/lib/R/library/haven/libs/haven.so
7fdbfa301000-7fdbfa302000 r--p 0005a000 08:01 920231                     /usr/lib/R/library/haven/libs/haven.so
7fdbfa302000-7fdbfa304000 rw-p 0005b000 08:01 920231                     /usr/lib/R/library/haven/libs/haven.so
7fdbfa304000-7fdbfa305000 rw-p 00000000 00:00 0 
7fdbfa305000-7fdbfa307000 r-xp 00000000 08:01 25428868                   /usr/local/lib/R/site-library/tibble/libs/tibble.so
7fdbfa307000-7fdbfa507000 ---p 00002000 08:01 25428868                   /usr/local/lib/R/site-library/tibble/libs/tibble.so
7fdbfa507000-7fdbfa508000 r--p 00002000 08:01 25428868                   /usr/local/lib/R/site-library/tibble/libs/tibble.so
7fdbfa508000-7fdbfa509000 rw-p 00003000 08:01 25428868                   /usr/local/lib/R/site-library/tibble/libs/tibble.so
7fdbfa509000-7fdbfa50a000 r-xp 00000000 08:01 23204182                   /usr/local/lib/R/site-library/backports/libs/backports.so
7fdbfa50a000-7fdbfa709000 ---p 00001000 08:01 23204182                   /usr/local/lib/R/site-library/backports/libs/backports.so
7fdbfa709000-7fdbfa70a000 r--p 00000000 08:01 23204182                   /usr/local/lib/R/site-library/backports/libs/backports.so
7fdbfa70a000-7fdbfa70b000 rw-p 00001000 08:01 23204182                   /usr/local/lib/R/site-library/backports/libs/backports.so
7fdbfa70b000-7fdbfa72a000 r-xp 00000000 08:01 25428572                   /usr/local/lib/R/site-library/vctrs/libs/vctrs.so
7fdbfa72a000-7fdbfa92a000 ---p 0001f000 08:01 25428572                   /usr/local/lib/R/site-library/vctrs/libs/vctrs.so
7fdbfa92a000-7fdbfa92b000 r--p 0001f000 08:01 25428572                   /usr/local/lib/R/site-library/vctrs/libs/vctrs.so
7fdbfa92b000-7fdbfa92c000 rw-p 00020000 08:01 25428572                   /usr/local/lib/R/site-library/vctrs/libs/vctrs.so
7fdbfa92c000-7fdbfa944000 r-xp 00000000 08:01 23072979                   /usr/lib/R/library/foreign/libs/foreign.so
7fdbfa944000-7fdbfab43000 ---p 00018000 08:01 23072979                   /usr/lib/R/library/foreign/libs/foreign.so
7fdbfab43000-7fdbfab44000 r--p 00017000 08:01 23072979                   /usr/lib/R/library/foreign/libs/foreign.so
7fdbfab44000-7fdbfab45000 rw-p 00018000 08:01 23072979                   /usr/lib/R/library/foreign/libs/foreign.so
7fdbfab45000-7fdbfaba5000 r-xp 00000000 08:01 23203171                   /usr/local/lib/R/site-library/data.table/libs/datatable.so
7fdbfaba5000-7fdbfada5000 ---p 00060000 08:01 23203171                   /usr/local/lib/R/site-library/data.table/libs/datatable.so
7fdbfada5000-7fdbfada6000 r--p 00060000 08:01 23203171                   /usr/local/lib/R/site-library/data.table/libs/datatable.so
7fdbfada6000-7fdbfada7000 rw-p 00061000 08:01 23203171                   /usr/local/lib/R/site-library/data.table/libs/datatable.so
7fdbfada7000-7fdbfada8000 rw-p 00000000 00:00 0 
7fdbfada8000-7fdbfadb1000 r-xp 00000000 08:01 12849816                   /lib/x86_64-linux-gnu/libcrypt-2.27.so
7fdbfadb1000-7fdbfafb0000 ---p 00009000 08:01 12849816                   /lib/x86_64-linux-gnu/libcrypt-2.27.so
7fdbfafb0000-7fdbfafb1000 r--p 00008000 08:01 12849816                   /lib/x86_64-linux-gnu/libcrypt-2.27.so
7fdbfafb1000-7fdbfafb2000 rw-p 00009000 08:01 12849816                   /lib/x86_64-linux-gnu/libcrypt-2.27.so
7fdbfafb2000-7fdbfafe0000 rw-p 00000000 00:00 0 
7fdbfafe0000-7fdbfb0e4000 r-xp 00000000 08:01 22028373                   /usr/lib/x86_64-linux-gnu/libsqlite3.so.0.8.6
7fdbfb0e4000-7fdbfb2e3000 ---p 00104000 08:01 22028373                   /usr/lib/x86_64-linux-gnu/libsqlite3.so.0.8.6
7fdbfb2e3000-7fdbfb2e6000 r--p 00103000 08:01 22028373                   /usr/lib/x86_64-linux-gnu/libsqlite3.so.0.8.6
7fdbfb2e6000-7fdbfb2e8000 rw-p 00106000 08:01 22028373                   /usr/lib/x86_64-linux-gnu/libsqlite3.so.0.8.6
7fdbfb2e8000-7fdbfb2e9000 rw-p 00000000 00:00 0 
7fdbfb2e9000-7fdbfb32f000 r-xp 00000000 08:01 22028313                   /usr/lib/x86_64-linux-gnu/libhx509.so.5.0.0
7fdbfb32f000-7fdbfb52e000 ---p 00046000 08:01 22028313                   /usr/lib/x86_64-linux-gnu/libhx509.so.5.0.0
7fdbfb52e000-7fdbfb531000 r--p 00045000 08:01 22028313                   /usr/lib/x86_64-linux-gnu/libhx509.so.5.0.0
7fdbfb531000-7fdbfb532000 rw-p 00048000 08:01 22028313                   /usr/lib/x86_64-linux-gnu/libhx509.so.5.0.0
7fdbfb532000-7fdbfb533000 rw-p 00000000 00:00 0 
7fdbfb533000-7fdbfb541000 r-xp 00000000 08:01 22028297                   /usr/lib/x86_64-linux-gnu/libheimbase.so.1.0.0
7fdbfb541000-7fdbfb740000 ---p 0000e000 08:01 22028297                   /usr/lib/x86_64-linux-gnu/libheimbase.so.1.0.0
7fdbfb740000-7fdbfb741000 r--p 0000d000 08:01 22028297                   /usr/lib/x86_64-linux-gnu/libheimbase.so.1.0.0
7fdbfb741000-7fdbfb742000 rw-p 0000e000 08:01 22028297                   /usr/lib/x86_64-linux-gnu/libheimbase.so.1.0.0
7fdbfb742000-7fdbfb76a000 r-xp 00000000 08:01 22028853                   /usr/lib/x86_64-linux-gnu/libwind.so.0.0.0
7fdbfb76a000-7fdbfb969000 ---p 00028000 08:01 22028853                   /usr/lib/x86_64-linux-gnu/libwind.so.0.0.0
7fdbfb969000-7fdbfb96a000 r--p 00027000 08:01 22028853                   /usr/lib/x86_64-linux-gnu/libwind.so.0.0.0
7fdbfb96a000-7fdbfb96b000 rw-p 00028000 08:01 22028853                   /usr/lib/x86_64-linux-gnu/libwind.so.0.0.0
7fdbfb96b000-7fdbfb980000 r-xp 00000000 08:01 22028653                   /usr/lib/x86_64-linux-gnu/libroken.so.18.1.0
7fdbfb980000-7fdbfbb7f000 ---p 00015000 08:01 22028653                   /usr/lib/x86_64-linux-gnu/libroken.so.18.1.0
7fdbfbb7f000-7fdbfbb80000 r--p 00014000 08:01 22028653                   /usr/lib/x86_64-linux-gnu/libroken.so.18.1.0
7fdbfbb80000-7fdbfbb81000 rw-p 00015000 08:01 22028653                   /usr/lib/x86_64-linux-gnu/libroken.so.18.1.0
7fdbfbb81000-7fdbfbbb4000 r-xp 00000000 08:01 22028295                   /usr/lib/x86_64-linux-gnu/libhcrypto.so.4.1.0
7fdbfbbb4000-7fdbfbdb3000 ---p 00033000 08:01 22028295                   /usr/lib/x86_64-linux-gnu/libhcrypto.so.4.1.0
7fdbfbdb3000-7fdbfbdb5000 r--p 00032000 08:01 22028295                   /usr/lib/x86_64-linux-gnu/libhcrypto.so.4.1.0
7fdbfbdb5000-7fdbfbdb6000 rw-p 00034000 08:01 22028295                   /usr/lib/x86_64-linux-gnu/libhcrypto.so.4.1.0
7fdbfbdb6000-7fdbfbdb7000 rw-p 00000000 00:00 0 
7fdbfbdb7000-7fdbfbe55000 r-xp 00000000 08:01 22027812                   /usr/lib/x86_64-linux-gnu/libasn1.so.8.0.0
7fdbfbe55000-7fdbfc055000 ---p 0009e000 08:01 22027812                   /usr/lib/x86_64-linux-gnu/libasn1.so.8.0.0
7fdbfc055000-7fdbfc056000 r--p 0009e000 08:01 22027812                   /usr/lib/x86_64-linux-gnu/libasn1.so.8.0.0
7fdbfc056000-7fdbfc059000 rw-p 0009f000 08:01 22027812                   /usr/lib/x86_64-linux-gnu/libasn1.so.8.0.0
7fdbfc059000-7fdbfc0e0000 r-xp 00000000 08:01 22028398                   /usr/lib/x86_64-linux-gnu/libkrb5.so.26.0.0
7fdbfc0e0000-7fdbfc2df000 ---p 00087000 08:01 22028398                   /usr/lib/x86_64-linux-gnu/libkrb5.so.26.0.0
7fdbfc2df000-7fdbfc2e3000 r--p 00086000 08:01 22028398                   /usr/lib/x86_64-linux-gnu/libkrb5.so.26.0.0
7fdbfc2e3000-7fdbfc2e5000 rw-p 0008a000 08:01 22028398                   /usr/lib/x86_64-linux-gnu/libkrb5.so.26.0.0
7fdbfc2e5000-7fdbfc2e6000 rw-p 00000000 00:00 0 
7fdbfc2e6000-7fdbfc2ee000 r-xp 00000000 08:01 22028299                   /usr/lib/x86_64-linux-gnu/libheimntlm.so.0.1.0
7fdbfc2ee000-7fdbfc4ed000 ---p 00008000 08:01 22028299                   /usr/lib/x86_64-linux-gnu/libheimntlm.so.0.1.0
7fdbfc4ed000-7fdbfc4ee000 r--p 00007000 08:01 22028299                   /usr/lib/x86_64-linux-gnu/libheimntlm.so.0.1.0
7fdbfc4ee000-7fdbfc4ef000 rw-p 00008000 08:01 22028299                   /usr/lib/x86_64-linux-gnu/libheimntlm.so.0.1.0
7fdbfc4ef000-7fdbfc4f2000 r-xp 00000000 08:01 12849860                   /lib/x86_64-linux-gnu/libkeyutils.so.1.5
7fdbfc4f2000-7fdbfc6f1000 ---p 00003000 08:01 12849860                   /lib/x86_64-linux-gnu/libkeyutils.so.1.5
7fdbfc6f1000-7fdbfc6f2000 r--p 00002000 08:01 12849860                   /lib/x86_64-linux-gnu/libkeyutils.so.1.5
7fdbfc6f2000-7fdbfc6f3000 rw-p 00003000 08:01 12849860                   /lib/x86_64-linux-gnu/libkeyutils.so.1.5
7fdbfc6f3000-7fdbfc704000 r-xp 00000000 08:01 22028741                   /usr/lib/x86_64-linux-gnu/libtasn1.so.6.5.5
7fdbfc704000-7fdbfc904000 ---p 00011000 08:01 22028741                   /usr/lib/x86_64-linux-gnu/libtasn1.so.6.5.5
7fdbfc904000-7fdbfc905000 r--p 00011000 08:01 22028741                   /usr/lib/x86_64-linux-gnu/libtasn1.so.6.5.5
7fdbfc905000-7fdbfc906000 rw-p 00012000 08:01 22028741                   /usr/lib/x86_64-linux-gnu/libtasn1.so.6.5.5
7fdbfc906000-7fdbfca20000 r-xp 00000000 08:01 22028536                   /usr/lib/x86_64-linux-gnu/libp11-kit.so.0.3.0
7fdbfca20000-7fdbfcc20000 ---p 0011a000 08:01 22028536                   /usr/lib/x86_64-linux-gnu/libp11-kit.so.0.3.0
7fdbfcc20000-7fdbfcc2a000 r--p 0011a000 08:01 22028536                   /usr/lib/x86_64-linux-gnu/libp11-kit.so.0.3.0
7fdbfcc2a000-7fdbfcc34000 rw-p 00124000 08:01 22028536                   /usr/lib/x86_64-linux-gnu/libp11-kit.so.0.3.0
7fdbfcc34000-7fdbfcc35000 rw-p 00000000 00:00 0 
7fdbfcc35000-7fdbfcc72000 r-xp 00000000 08:01 22028227                   /usr/lib/x86_64-linux-gnu/libgssapi.so.3.0.0
7fdbfcc72000-7fdbfce72000 ---p 0003d000 08:01 22028227                   /usr/lib/x86_64-linux-gnu/libgssapi.so.3.0.0
7fdbfce72000-7fdbfce74000 r--p 0003d000 08:01 22028227                   /usr/lib/x86_64-linux-gnu/libgssapi.so.3.0.0
7fdbfce74000-7fdbfce76000 rw-p 0003f000 08:01 22028227                   /usr/lib/x86_64-linux-gnu/libgssapi.so.3.0.0
7fdbfce76000-7fdbfce8f000 r-xp 00000000 08:01 22028677                   /usr/lib/x86_64-linux-gnu/libsasl2.so.2.0.25
7fdbfce8f000-7fdbfd08f000 ---p 00019000 08:01 22028677                   /usr/lib/x86_64-linux-gnu/libsasl2.so.2.0.25
7fdbfd08f000-7fdbfd090000 r--p 00019000 08:01 22028677                   /usr/lib/x86_64-linux-gnu/libsasl2.so.2.0.25
7fdbfd090000-7fdbfd091000 rw-p 0001a000 08:01 22028677                   /usr/lib/x86_64-linux-gnu/libsasl2.so.2.0.25
7fdbfd091000-7fdbfd0a8000 r-xp 00000000 08:01 12849945                   /lib/x86_64-linux-gnu/libresolv-2.27.so
7fdbfd0a8000-7fdbfd2a8000 ---p 00017000 08:01 12849945                   /lib/x86_64-linux-gnu/libresolv-2.27.so
7fdbfd2a8000-7fdbfd2a9000 r--p 00017000 08:01 12849945                   /lib/x86_64-linux-gnu/libresolv-2.27.so
7fdbfd2a9000-7fdbfd2aa000 rw-p 00018000 08:01 12849945                   /lib/x86_64-linux-gnu/libresolv-2.27.so
7fdbfd2aa000-7fdbfd2ac000 rw-p 00000000 00:00 0 
7fdbfd2ac000-7fdbfd2b6000 r-xp 00000000 08:01 22022647                   /usr/lib/x86_64-linux-gnu/libkrb5support.so.0.1
7fdbfd2b6000-7fdbfd4b5000 ---p 0000a000 08:01 22022647                   /usr/lib/x86_64-linux-gnu/libkrb5support.so.0.1
7fdbfd4b5000-7fdbfd4b6000 r--p 00009000 08:01 22022647                   /usr/lib/x86_64-linux-gnu/libkrb5support.so.0.1
7fdbfd4b6000-7fdbfd4b7000 rw-p 0000a000 08:01 22022647                   /usr/lib/x86_64-linux-gnu/libkrb5support.so.0.1
7fdbfd4b7000-7fdbfd4ba000 r-xp 00000000 08:01 12845253                   /lib/x86_64-linux-gnu/libcom_err.so.2.1
7fdbfd4ba000-7fdbfd6b9000 ---p 00003000 08:01 12845253                   /lib/x86_64-linux-gnu/libcom_err.so.2.1
7fdbfd6b9000-7fdbfd6ba000 r--p 00002000 08:01 12845253                   /lib/x86_64-linux-gnu/libcom_err.so.2.1
7fdbfd6ba000-7fdbfd6bb000 rw-p 00003000 08:01 12845253                   /lib/x86_64-linux-gnu/libcom_err.so.2.1
7fdbfd6bb000-7fdbfd6e9000 r-xp 00000000 08:01 22022262                   /usr/lib/x86_64-linux-gnu/libk5crypto.so.3.1
7fdbfd6e9000-7fdbfd8e9000 ---p 0002e000 08:01 22022262                   /usr/lib/x86_64-linux-gnu/libk5crypto.so.3.1
7fdbfd8e9000-7fdbfd8eb000 r--p 0002e000 08:01 22022262                   /usr/lib/x86_64-linux-gnu/libk5crypto.so.3.1
7fdbfd8eb000-7fdbfd8ec000 rw-p 00030000 08:01 22022262                   /usr/lib/x86_64-linux-gnu/libk5crypto.so.3.1
7fdbfd8ec000-7fdbfd8ed000 rw-p 00000000 00:00 0 
7fdbfd8ed000-7fdbfd9b3000 r-xp 00000000 08:01 22022789                   /usr/lib/x86_64-linux-gnu/libkrb5.so.3.3
7fdbfd9b3000-7fdbfdbb3000 ---p 000c6000 08:01 22022789                   /usr/lib/x86_64-linux-gnu/libkrb5.so.3.3
7fdbfdbb3000-7fdbfdbc1000 r--p 000c6000 08:01 22022789                   /usr/lib/x86_64-linux-gnu/libkrb5.so.3.3
7fdbfdbc1000-7fdbfdbc3000 rw-p 000d4000 08:01 22022789                   /usr/lib/x86_64-linux-gnu/libkrb5.so.3.3
7fdbfdbc3000-7fdbfdc42000 r-xp 00000000 08:01 22028174                   /usr/lib/x86_64-linux-gnu/libgmp.so.10.3.2
7fdbfdc42000-7fdbfde42000 ---p 0007f000 08:01 22028174                   /usr/lib/x86_64-linux-gnu/libgmp.so.10.3.2
7fdbfde42000-7fdbfde43000 r--p 0007f000 08:01 22028174                   /usr/lib/x86_64-linux-gnu/libgmp.so.10.3.2
7fdbfde43000-7fdbfde44000 rw-p 00080000 08:01 22028174                   /usr/lib/x86_64-linux-gnu/libgmp.so.10.3.2
7fdbfde44000-7fdbfde78000 r-xp 00000000 08:01 22028498                   /usr/lib/x86_64-linux-gnu/libnettle.so.6.4
7fdbfde78000-7fdbfe077000 ---p 00034000 08:01 22028498                   /usr/lib/x86_64-linux-gnu/libnettle.so.6.4
7fdbfe077000-7fdbfe079000 r--p 00033000 08:01 22028498                   /usr/lib/x86_64-linux-gnu/libnettle.so.6.4
7fdbfe079000-7fdbfe07a000 rw-p 00035000 08:01 22028498                   /usr/lib/x86_64-linux-gnu/libnettle.so.6.4
7fdbfe07a000-7fdbfe0ad000 r-xp 00000000 08:01 22028301                   /usr/lib/x86_64-linux-gnu/libhogweed.so.4.4
7fdbfe0ad000-7fdbfe2ac000 ---p 00033000 08:01 22028301                   /usr/lib/x86_64-linux-gnu/libhogweed.so.4.4
7fdbfe2ac000-7fdbfe2ad000 r--p 00032000 08:01 22028301                   /usr/lib/x86_64-linux-gnu/libhogweed.so.4.4
7fdbfe2ad000-7fdbfe2ae000 rw-p 00033000 08:01 22028301                   /usr/lib/x86_64-linux-gnu/libhogweed.so.4.4
7fdbfe2ae000-7fdbfe406000 r-xp 00000000 08:01 22022253                   /usr/lib/x86_64-linux-gnu/libgnutls.so.30.14.10
7fdbfe406000-7fdbfe605000 ---p 00158000 08:01 22022253                   /usr/lib/x86_64-linux-gnu/libgnutls.so.30.14.10
7fdbfe605000-7fdbfe611000 r--p 00157000 08:01 22022253                   /usr/lib/x86_64-linux-gnu/libgnutls.so.30.14.10
7fdbfe611000-7fdbfe612000 rw-p 00163000 08:01 22022253                   /usr/lib/x86_64-linux-gnu/libgnutls.so.30.14.10
7fdbfe612000-7fdbfe613000 rw-p 00000000 00:00 0 
7fdbfe613000-7fdbfe78d000 r-xp 00000000 08:01 22020234                   /usr/lib/x86_64-linux-gnu/libunistring.so.2.1.0
7fdbfe78d000-7fdbfe98d000 ---p 0017a000 08:01 22020234                   /usr/lib/x86_64-linux-gnu/libunistring.so.2.1.0
7fdbfe98d000-7fdbfe990000 r--p 0017a000 08:01 22020234                   /usr/lib/x86_64-linux-gnu/libunistring.so.2.1.0
7fdbfe990000-7fdbfe991000 rw-p 0017d000 08:01 22020234                   /usr/lib/x86_64-linux-gnu/libunistring.so.2.1.0
7fdbfe991000-7fdbfe99e000 r-xp 00000000 08:01 22020208                   /usr/lib/x86_64-linux-gnu/liblber-2.4.so.2.10.8
7fdbfe99e000-7fdbfeb9d000 ---p 0000d000 08:01 22020208                   /usr/lib/x86_64-linux-gnu/liblber-2.4.so.2.10.8
7fdbfeb9d000-7fdbfeb9e000 r--p 0000c000 08:01 22020208                   /usr/lib/x86_64-linux-gnu/liblber-2.4.so.2.10.8
7fdbfeb9e000-7fdbfeb9f000 rw-p 0000d000 08:01 22020208                   /usr/lib/x86_64-linux-gnu/liblber-2.4.so.2.10.8
7fdbfeb9f000-7fdbfebed000 r-xp 00000000 08:01 22020554                   /usr/lib/x86_64-linux-gnu/libldap_r-2.4.so.2.10.8
7fdbfebed000-7fdbfedec000 ---p 0004e000 08:01 22020554                   /usr/lib/x86_64-linux-gnu/libldap_r-2.4.so.2.10.8
7fdbfedec000-7fdbfedee000 r--p 0004d000 08:01 22020554                   /usr/lib/x86_64-linux-gnu/libldap_r-2.4.so.2.10.8
7fdbfedee000-7fdbfedef000 rw-p 0004f000 08:01 22020554                   /usr/lib/x86_64-linux-gnu/libldap_r-2.4.so.2.10.8
7fdbfedef000-7fdbfedf1000 rw-p 00000000 00:00 0 
7fdbfedf1000-7fdbfee39000 r-xp 00000000 08:01 22022773                   /usr/lib/x86_64-linux-gnu/libgssapi_krb5.so.2.2
7fdbfee39000-7fdbff038000 ---p 00048000 08:01 22022773                   /usr/lib/x86_64-linux-gnu/libgssapi_krb5.so.2.2
7fdbff038000-7fdbff03a000 r--p 00047000 08:01 22022773                   /usr/lib/x86_64-linux-gnu/libgssapi_krb5.so.2.2
7fdbff03a000-7fdbff03c000 rw-p 00049000 08:01 22022773                   /usr/lib/x86_64-linux-gnu/libgssapi_krb5.so.2.2
7fdbff03c000-7fdbff2d7000 r-xp 00000000 08:01 22021931                   /usr/lib/x86_64-linux-gnu/libcrypto.so.1.1
7fdbff2d7000-7fdbff4d6000 ---p 0029b000 08:01 22021931                   /usr/lib/x86_64-linux-gnu/libcrypto.so.1.1
7fdbff4d6000-7fdbff502000 r--p 0029a000 08:01 22021931                   /usr/lib/x86_64-linux-gnu/libcrypto.so.1.1
7fdbff502000-7fdbff504000 rw-p 002c6000 08:01 22021931                   /usr/lib/x86_64-linux-gnu/libcrypto.so.1.1
7fdbff504000-7fdbff507000 rw-p 00000000 00:00 0 
7fdbff507000-7fdbff587000 r-xp 00000000 08:01 22023064                   /usr/lib/x86_64-linux-gnu/libssl.so.1.1
7fdbff587000-7fdbff787000 ---p 00080000 08:01 22023064                   /usr/lib/x86_64-linux-gnu/libssl.so.1.1
7fdbff787000-7fdbff790000 r--p 00080000 08:01 22023064                   /usr/lib/x86_64-linux-gnu/libssl.so.1.1
7fdbff790000-7fdbff794000 rw-p 00089000 08:01 22023064                   /usr/lib/x86_64-linux-gnu/libssl.so.1.1
7fdbff794000-7fdbff7a1000 r-xp 00000000 08:01 22028600                   /usr/lib/x86_64-linux-gnu/libpsl.so.5.2.0
7fdbff7a1000-7fdbff9a0000 ---p 0000d000 08:01 22028600                   /usr/lib/x86_64-linux-gnu/libpsl.so.5.2.0
7fdbff9a0000-7fdbff9a1000 r--p 0000c000 08:01 22028600                   /usr/lib/x86_64-linux-gnu/libpsl.so.5.2.0
7fdbff9a1000-7fdbff9a2000 rw-p 0000d000 08:01 22028600                   /usr/lib/x86_64-linux-gnu/libpsl.so.5.2.0
7fdbff9a2000-7fdbff9bd000 r-xp 00000000 08:01 22028658                   /usr/lib/x86_64-linux-gnu/librtmp.so.1
7fdbff9bd000-7fdbffbbc000 ---p 0001b000 08:01 22028658                   /usr/lib/x86_64-linux-gnu/librtmp.so.1
7fdbffbbc000-7fdbffbbd000 r--p 0001a000 08:01 22028658                   /usr/lib/x86_64-linux-gnu/librtmp.so.1
7fdbffbbd000-7fdbffbbe000 rw-p 0001b000 08:01 22028658                   /usr/lib/x86_64-linux-gnu/librtmp.so.1
7fdbffbbe000-7fdbffbda000 r-xp 00000000 08:01 22020110                   /usr/lib/x86_64-linux-gnu/libidn2.so.0.3.3
7fdbffbda000-7fdbffdd9000 ---p 0001c000 08:01 22020110                   /usr/lib/x86_64-linux-gnu/libidn2.so.0.3.3
7fdbffdd9000-7fdbffdda000 r--p 0001b000 08:01 22020110                   /usr/lib/x86_64-linux-gnu/libidn2.so.0.3.3
7fdbffdda000-7fdbffddb000 rw-p 0001c000 08:01 22020110                   /usr/lib/x86_64-linux-gnu/libidn2.so.0.3.3
7fdbffddb000-7fdbffdfe000 r-xp 00000000 08:01 22028502                   /usr/lib/x86_64-linux-gnu/libnghttp2.so.14.15.2
7fdbffdfe000-7fdbffffd000 ---p 00023000 08:01 22028502                   /usr/lib/x86_64-linux-gnu/libnghttp2.so.14.15.2
7fdbffffd000-7fdbffffe000 r--p 00022000 08:01 22028502                   /usr/lib/x86_64-linux-gnu/libnghttp2.so.14.15.2
7fdbffffe000-7fdc00000000 rw-p 00023000 08:01 22028502                   /usr/lib/x86_64-linux-gnu/libnghttp2.so.14.15.2
7fdc00000000-7fdc00061000 rw-p 00000000 00:00 0 
7fdc00061000-7fdc04000000 ---p 00000000 00:00 0 
7fdc040bd000-7fdc041bd000 ---p 00000000 00:00 0 
7fdc041bd000-7fdc04238000 r-xp 00000000 08:01 22022855                   /usr/lib/x86_64-linux-gnu/libcurl.so.4.5.0
7fdc04238000-7fdc04438000 ---p 0007b000 08:01 22022855                   /usr/lib/x86_64-linux-gnu/libcurl.so.4.5.0
7fdc04438000-7fdc0443b000 r--p 0007b000 08:01 22022855                   /usr/lib/x86_64-linux-gnu/libcurl.so.4.5.0
7fdc0443b000-7fdc0443c000 rw-p 0007e000 08:01 22022855                   /usr/lib/x86_64-linux-gnu/libcurl.so.4.5.0
7fdc0443c000-7fdc04446000 r-xp 00000000 08:01 787106                     /usr/lib/R/library/curl/libs/curl.so
7fdc04446000-7fdc04646000 ---p 0000a000 08:01 787106                     /usr/lib/R/library/curl/libs/curl.so
7fdc04646000-7fdc04647000 r--p 0000a000 08:01 787106                     /usr/lib/R/library/curl/libs/curl.so
7fdc04647000-7fdc04648000 rw-p 0000b000 08:01 787106                     /usr/lib/R/library/curl/libs/curl.so
7fdc04648000-7fdc0465b000 r-xp 00000000 08:01 12849802                   /lib/x86_64-linux-gnu/libbsd.so.0.8.7
7fdc0465b000-7fdc0485a000 ---p 00013000 08:01 12849802                   /lib/x86_64-linux-gnu/libbsd.so.0.8.7
7fdc0485a000-7fdc0485b000 r--p 00012000 08:01 12849802                   /lib/x86_64-linux-gnu/libbsd.so.0.8.7
7fdc0485b000-7fdc0485c000 rw-p 00013000 08:01 12849802                   /lib/x86_64-linux-gnu/libbsd.so.0.8.7
7fdc0485c000-7fdc0485d000 rw-p 00000000 00:00 0 
7fdc0485d000-7fdc04888000 r-xp 00000000 08:01 22028215                   /usr/lib/x86_64-linux-gnu/libgraphite2.so.3.0.1
7fdc04888000-7fdc04a87000 ---p 0002b000 08:01 22028215                   /usr/lib/x86_64-linux-gnu/libgraphite2.so.3.0.1
7fdc04a87000-7fdc04a89000 r--p 0002a000 08:01 22028215                   /usr/lib/x86_64-linux-gnu/libgraphite2.so.3.0.1
7fdc04a89000-7fdc04a8a000 rw-p 0002c000 08:01 22028215                   /usr/lib/x86_64-linux-gnu/libgraphite2.so.3.0.1
7fdc04a8a000-7fdc04a8f000 r-xp 00000000 08:01 22027749                   /usr/lib/x86_64-linux-gnu/libXdmcp.so.6.0.0
7fdc04a8f000-7fdc04c8e000 ---p 00005000 08:01 22027749                   /usr/lib/x86_64-linux-gnu/libXdmcp.so.6.0.0
7fdc04c8e000-7fdc04c8f000 r--p 00004000 08:01 22027749                   /usr/lib/x86_64-linux-gnu/libXdmcp.so.6.0.0
7fdc04c8f000-7fdc04c90000 rw-p 00005000 08:01 22027749                   /usr/lib/x86_64-linux-gnu/libXdmcp.so.6.0.0
7fdc04c90000-7fdc04c92000 r-xp 00000000 08:01 22027738                   /usr/lib/x86_64-linux-gnu/libXau.so.6.0.0
7fdc04c92000-7fdc04e92000 ---p 00002000 08:01 22027738                   /usr/lib/x86_64-linux-gnu/libXau.so.6.0.0
7fdc04e92000-7fdc04e93000 r--p 00002000 08:01 22027738                   /usr/lib/x86_64-linux-gnu/libXau.so.6.0.0
7fdc04e93000-7fdc04e94000 rw-p 00003000 08:01 22027738                   /usr/lib/x86_64-linux-gnu/libXau.so.6.0.0
7fdc04e94000-7fdc04e9a000 r-xp 00000000 08:01 22027962                   /usr/lib/x86_64-linux-gnu/libdatrie.so.1.3.3
7fdc04e9a000-7fdc05099000 ---p 00006000 08:01 22027962                   /usr/lib/x86_64-linux-gnu/libdatrie.so.1.3.3
7fdc05099000-7fdc0509a000 r--p 00005000 08:01 22027962                   /usr/lib/x86_64-linux-gnu/libdatrie.so.1.3.3
7fdc0509a000-7fdc0509b000 rw-p 00006000 08:01 22027962                   /usr/lib/x86_64-linux-gnu/libdatrie.so.1.3.3
7fdc0509b000-7fdc05137000 r-xp 00000000 08:01 22028293                   /usr/lib/x86_64-linux-gnu/libharfbuzz.so.0.10702.0
7fdc05137000-7fdc05337000 ---p 0009c000 08:01 22028293                   /usr/lib/x86_64-linux-gnu/libharfbuzz.so.0.10702.0
7fdc05337000-7fdc05338000 r--p 0009c000 08:01 22028293                   /usr/lib/x86_64-linux-gnu/libharfbuzz.so.0.10702.0
7fdc05338000-7fdc05339000 rw-p 0009d000 08:01 22028293                   /usr/lib/x86_64-linux-gnu/libharfbuzz.so.0.10702.0
7fdc05339000-7fdc05368000 r-xp 00000000 08:01 12845249                   /lib/x86_64-linux-gnu/libexpat.so.1.6.7
7fdc05368000-7fdc05568000 ---p 0002f000 08:01 12845249                   /lib/x86_64-linux-gnu/libexpat.so.1.6.7
7fdc05568000-7fdc0556a000 r--p 0002f000 08:01 12845249                   /lib/x86_64-linux-gnu/libexpat.so.1.6.7
7fdc0556a000-7fdc0556b000 rw-p 00031000 08:01 12845249                   /lib/x86_64-linux-gnu/libexpat.so.1.6.7
7fdc0556b000-7fdc0557c000 r-xp 00000000 08:01 22027751                   /usr/lib/x86_64-linux-gnu/libXext.so.6.4.0
7fdc0557c000-7fdc0577b000 ---p 00011000 08:01 22027751                   /usr/lib/x86_64-linux-gnu/libXext.so.6.4.0
7fdc0577b000-7fdc0577c000 r--p 00010000 08:01 22027751                   /usr/lib/x86_64-linux-gnu/libXext.so.6.4.0
7fdc0577c000-7fdc0577d000 rw-p 00011000 08:01 22027751                   /usr/lib/x86_64-linux-gnu/libXext.so.6.4.0
7fdc0577d000-7fdc058b0000 r-xp 00000000 08:01 22021204                   /usr/lib/x86_64-linux-gnu/libX11.so.6.3.0
7fdc058b0000-7fdc05ab0000 ---p 00133000 08:01 22021204                   /usr/lib/x86_64-linux-gnu/libX11.so.6.3.0
7fdc05ab0000-7fdc05ab1000 r--p 00133000 08:01 22021204                   /usr/lib/x86_64-linux-gnu/libX11.so.6.3.0
7fdc05ab1000-7fdc05ab5000 rw-p 00134000 08:01 22021204                   /usr/lib/x86_64-linux-gnu/libX11.so.6.3.0
7fdc05ab5000-7fdc05abe000 r-xp 00000000 08:01 22027771                   /usr/lib/x86_64-linux-gnu/libXrender.so.1.3.0
7fdc05abe000-7fdc05cbd000 ---p 00009000 08:01 22027771                   /usr/lib/x86_64-linux-gnu/libXrender.so.1.3.0
7fdc05cbd000-7fdc05cbe000 r--p 00008000 08:01 22027771                   /usr/lib/x86_64-linux-gnu/libXrender.so.1.3.0
7fdc05cbe000-7fdc05cbf000 rw-p 00009000 08:01 22027771                   /usr/lib/x86_64-linux-gnu/libXrender.so.1.3.0
7fdc05cbf000-7fdc05ccb000 r-xp 00000000 08:01 22028543                   /usr/lib/x86_64-linux-gnu/libxcb-render.so.0.0.0
7fdc05ccb000-7fdc05eca000 ---p 0000c000 08:01 22028543                   /usr/lib/x86_64-linux-gnu/libxcb-render.so.0.0.0
7fdc05eca000-7fdc05ecb000 r--p 0000b000 08:01 22028543                   /usr/lib/x86_64-linux-gnu/libxcb-render.so.0.0.0
7fdc05ecb000-7fdc05ecc000 rw-p 0000c000 08:01 22028543                   /usr/lib/x86_64-linux-gnu/libxcb-render.so.0.0.0
7fdc05ecc000-7fdc05ef2000 r-xp 00000000 08:01 22020963                   /usr/lib/x86_64-linux-gnu/libxcb.so.1.1.0
7fdc05ef2000-7fdc060f2000 ---p 00026000 08:01 22020963                   /usr/lib/x86_64-linux-gnu/libxcb.so.1.1.0
7fdc060f2000-7fdc060f3000 r--p 00026000 08:01 22020963                   /usr/lib/x86_64-linux-gnu/libxcb.so.1.1.0
7fdc060f3000-7fdc060f4000 rw-p 00027000 08:01 22020963                   /usr/lib/x86_64-linux-gnu/libxcb.so.1.1.0
7fdc060f4000-7fdc060f6000 r-xp 00000000 08:01 22028884                   /usr/lib/x86_64-linux-gnu/libxcb-shm.so.0.0.0
7fdc060f6000-7fdc062f5000 ---p 00002000 08:01 22028884                   /usr/lib/x86_64-linux-gnu/libxcb-shm.so.0.0.0
7fdc062f5000-7fdc062f6000 r--p 00001000 08:01 22028884                   /usr/lib/x86_64-linux-gnu/libxcb-shm.so.0.0.0
7fdc062f6000-7fdc062f7000 rw-p 00002000 08:01 22028884                   /usr/lib/x86_64-linux-gnu/libxcb-shm.so.0.0.0
7fdc062f7000-7fdc06303000 r-xp 00000000 08:01 22940210                   /usr/lib/R/library/utils/libs/utils.so
7fdc06303000-7fdc06502000 ---p 0000c000 08:01 22940210                   /usr/lib/R/library/utils/libs/utils.so
7fdc06502000-7fdc06503000 r--p 0000b000 08:01 22940210                   /usr/lib/R/library/utils/libs/utils.so
7fdc06503000-7fdc06504000 rw-p 0000c000 08:01 22940210                   /usr/lib/R/library/utils/libs/utils.so
7fdc06504000-7fdc06505000 rw-p 00000000 00:00 0 
7fdc0650e000-7fdc0660e000 ---p 00000000 00:00 0 
7fdc0660e000-7fdc066ab000 r-xp 00000000 08:01 22028576                   /usr/lib/x86_64-linux-gnu/libpixman-1.so.0.34.0
7fdc066ab000-7fdc068aa000 ---p 0009d000 08:01 22028576                   /usr/lib/x86_64-linux-gnu/libpixman-1.so.0.34.0
7fdc068aa000-7fdc068b2000 r--p 0009c000 08:01 22028576                   /usr/lib/x86_64-linux-gnu/libpixman-1.so.0.34.0
7fdc068b2000-7fdc068b3000 rw-p 000a4000 08:01 22028576                   /usr/lib/x86_64-linux-gnu/libpixman-1.so.0.34.0
7fdc068b3000-7fdc06995000 rw-p 00000000 00:00 0 
7fdc06a61000-7fdc06ba1000 rw-p 00000000 00:00 0 
7fdc06ba1000-7fdc06ba9000 r-xp 00000000 08:01 22938257                   /usr/lib/R/library/methods/libs/methods.so
7fdc06ba9000-7fdc06da9000 ---p 00008000 08:01 22938257                   /usr/lib/R/library/methods/libs/methods.so
7fdc06da9000-7fdc06daa000 r--p 00008000 08:01 22938257                   /usr/lib/R/library/methods/libs/methods.so
7fdc06daa000-7fdc06dab000 rw-p 00009000 08:01 22938257                   /usr/lib/R/library/methods/libs/methods.so
7fdc06dda000-7fdc06ed6000 rw-p 00000000 00:00 0 
7fdc06ed6000-7fdc0aed6000 rw-p 00000000 00:00 0 
7fdc0aed6000-7fdc0b1e4000 rw-p 00000000 00:00 0 
7fdc0b1e4000-7fdc0bbb3000 r--p 00000000 08:01 22026757                   /usr/lib/locale/locale-archive
7fdc0bbb3000-7fdc0dbb3000 rw-p 00000000 00:00 0 
7fdc0dbb3000-7fdc0dbb4000 ---p 00000000 00:00 0 
7fdc0dbb4000-7fdc0e3b4000 rw-p 00000000 00:00 0 
7fdc0e3b4000-7fdc103b4000 rw-p 00000000 00:00 0 
7fdc103b4000-7fdc103b5000 ---p 00000000 00:00 0 
7fdc103b5000-7fdc10bb5000 rw-p 00000000 00:00 0 
7fdc10bb5000-7fdc12bb5000 rw-p 00000000 00:00 0 
7fdc12bb5000-7fdc12bb6000 ---p 00000000 00:00 0 
7fdc12bb6000-7fdc133b6000 rw-p 00000000 00:00 0 
7fdc133b6000-7fdc153b6000 rw-p 00000000 00:00 0 
7fdc153b6000-7fdc153b7000 ---p 00000000 00:00 0 
7fdc153b7000-7fdc15bb7000 rw-p 00000000 00:00 0 
7fdc15bb7000-7fdc17bb7000 rw-p 00000000 00:00 0 
7fdc17c82000-7fdc17d82000 ---p 00000000 00:00 0 
7fdc17d82000-7fdc17d89000 r-xp 00000000 08:01 22028076                   /usr/lib/x86_64-linux-gnu/libffi.so.6.0.4
7fdc17d89000-7fdc17f88000 ---p 00007000 08:01 22028076                   /usr/lib/x86_64-linux-gnu/libffi.so.6.0.4
7fdc17f88000-7fdc17f89000 r--p 00006000 08:01 22028076                   /usr/lib/x86_64-linux-gnu/libffi.so.6.0.4
7fdc17f89000-7fdc17f8a000 rw-p 00007000 08:01 22028076                   /usr/lib/x86_64-linux-gnu/libffi.so.6.0.4
7fdc17f8a000-7fdc17f92000 r-xp 00000000 08:01 22028751                   /usr/lib/x86_64-linux-gnu/libthai.so.0.3.0
7fdc17f92000-7fdc18191000 ---p 00008000 08:01 22028751                   /usr/lib/x86_64-linux-gnu/libthai.so.0.3.0
7fdc18191000-7fdc18192000 r--p 00007000 08:01 22028751                   /usr/lib/x86_64-linux-gnu/libthai.so.0.3.0
7fdc18192000-7fdc18193000 rw-p 00008000 08:01 22028751                   /usr/lib/x86_64-linux-gnu/libthai.so.0.3.0
7fdc18193000-7fdc18240000 r-xp 00000000 08:01 22028106                   /usr/lib/x86_64-linux-gnu/libfreetype.so.6.15.0
7fdc18240000-7fdc1843f000 ---p 000ad000 08:01 22028106                   /usr/lib/x86_64-linux-gnu/libfreetype.so.6.15.0
7fdc1843f000-7fdc18446000 r--p 000ac000 08:01 22028106                   /usr/lib/x86_64-linux-gnu/libfreetype.so.6.15.0
7fdc18446000-7fdc18447000 rw-p 000b3000 08:01 22028106                   /usr/lib/x86_64-linux-gnu/libfreetype.so.6.15.0
7fdc18447000-7fdc1845b000 r-xp 00000000 08:01 22027884                   /usr/lib/x86_64-linux-gnu/libpangoft2-1.0.so.0.4000.14
7fdc1845b000-7fdc1865b000 ---p 00014000 08:01 22027884                   /usr/lib/x86_64-linux-gnu/libpangoft2-1.0.so.0.4000.14
7fdc1865b000-7fdc1865c000 r--p 00014000 08:01 22027884                   /usr/lib/x86_64-linux-gnu/libpangoft2-1.0.so.0.4000.14
7fdc1865c000-7fdc1865d000 rw-p 00015000 08:01 22027884                   /usr/lib/x86_64-linux-gnu/libpangoft2-1.0.so.0.4000.14
7fdc1865d000-7fdc1869b000 r-xp 00000000 08:01 22028090                   /usr/lib/x86_64-linux-gnu/libfontconfig.so.1.10.1
7fdc1869b000-7fdc1889b000 ---p 0003e000 08:01 22028090                   /usr/lib/x86_64-linux-gnu/libfontconfig.so.1.10.1
7fdc1889b000-7fdc1889d000 r--p 0003e000 08:01 22028090                   /usr/lib/x86_64-linux-gnu/libfontconfig.so.1.10.1
7fdc1889d000-7fdc188a2000 rw-p 00040000 08:01 22028090                   /usr/lib/x86_64-linux-gnu/libfontconfig.so.1.10.1
7fdc188a2000-7fdc189b6000 r-xp 00000000 08:01 22020437                   /usr/lib/x86_64-linux-gnu/libglib-2.0.so.0.5600.4
7fdc189b6000-7fdc18bb6000 ---p 00114000 08:01 22020437                   /usr/lib/x86_64-linux-gnu/libglib-2.0.so.0.5600.4
7fdc18bb6000-7fdc18bb7000 r--p 00114000 08:01 22020437                   /usr/lib/x86_64-linux-gnu/libglib-2.0.so.0.5600.4
7fdc18bb7000-7fdc18bb8000 rw-p 00115000 08:01 22020437                   /usr/lib/x86_64-linux-gnu/libglib-2.0.so.0.5600.4
7fdc18bb8000-7fdc18bb9000 rw-p 00000000 00:00 0 
7fdc18bb9000-7fdc1abb9000 rw-p 00000000 00:00 0 
7fdc1ac3b000-7fdc1ac46000 r-xp 00000000 08:01 22028386                   /usr/lib/x86_64-linux-gnu/libjbig.so.0
7fdc1ac46000-7fdc1ae45000 ---p 0000b000 08:01 22028386                   /usr/lib/x86_64-linux-gnu/libjbig.so.0
7fdc1ae45000-7fdc1ae46000 r--p 0000a000 08:01 22028386                   /usr/lib/x86_64-linux-gnu/libjbig.so.0
7fdc1ae46000-7fdc1ae49000 rw-p 0000b000 08:01 22028386                   /usr/lib/x86_64-linux-gnu/libjbig.so.0
7fdc1ae49000-7fdc1af61000 r-xp 00000000 08:01 22028890                   /usr/lib/x86_64-linux-gnu/libcairo.so.2.11510.0
7fdc1af61000-7fdc1b160000 ---p 00118000 08:01 22028890                   /usr/lib/x86_64-linux-gnu/libcairo.so.2.11510.0
7fdc1b160000-7fdc1b163000 r--p 00117000 08:01 22028890                   /usr/lib/x86_64-linux-gnu/libcairo.so.2.11510.0
7fdc1b163000-7fdc1b165000 rw-p 0011a000 08:01 22028890                   /usr/lib/x86_64-linux-gnu/libcairo.so.2.11510.0
7fdc1b165000-7fdc1b166000 rw-p 00000000 00:00 0 
7fdc1b166000-7fdc1b1b8000 r-xp 00000000 08:01 22020461                   /usr/lib/x86_64-linux-gnu/libgobject-2.0.so.0.5600.4
7fdc1b1b8000-7fdc1b3b8000 ---p 00052000 08:01 22020461                   /usr/lib/x86_64-linux-gnu/libgobject-2.0.so.0.5600.4
7fdc1b3b8000-7fdc1b3b9000 r--p 00052000 08:01 22020461                   /usr/lib/x86_64-linux-gnu/libgobject-2.0.so.0.5600.4
7fdc1b3b9000-7fdc1b3ba000 rw-p 00053000 08:01 22020461                   /usr/lib/x86_64-linux-gnu/libgobject-2.0.so.0.5600.4
7fdc1b3ba000-7fdc1f3ba000 rw-p 00000000 00:00 0 
7fdc1f42d000-7fdc1f42e000 ---p 00000000 00:00 0 
7fdc1f42e000-7fdc1f52f000 rw-p 00000000 00:00 0 
7fdc1f52f000-7fdc1f579000 r-xp 00000000 08:01 22030881                   /usr/lib/x86_64-linux-gnu/libpango-1.0.so.0.4000.14
7fdc1f579000-7fdc1f778000 ---p 0004a000 08:01 22030881                   /usr/lib/x86_64-linux-gnu/libpango-1.0.so.0.4000.14
7fdc1f778000-7fdc1f77b000 r--p 00049000 08:01 22030881                   /usr/lib/x86_64-linux-gnu/libpango-1.0.so.0.4000.14
7fdc1f77b000-7fdc1f77c000 rw-p 0004c000 08:01 22030881                   /usr/lib/x86_64-linux-gnu/libpango-1.0.so.0.4000.14
7fdc1f77c000-7fdc1f788000 r-xp 00000000 08:01 22028547                   /usr/lib/x86_64-linux-gnu/libpangocairo-1.0.so.0.4000.14
7fdc1f788000-7fdc1f987000 ---p 0000c000 08:01 22028547                   /usr/lib/x86_64-linux-gnu/libpangocairo-1.0.so.0.4000.14
7fdc1f987000-7fdc1f988000 r--p 0000b000 08:01 22028547                   /usr/lib/x86_64-linux-gnu/libpangocairo-1.0.so.0.4000.14
7fdc1f988000-7fdc1f989000 rw-p 0000c000 08:01 22028547                   /usr/lib/x86_64-linux-gnu/libpangocairo-1.0.so.0.4000.14
7fdc1f989000-7fdc1f9ba000 r-xp 00000000 08:01 22023387                   /usr/lib/x86_64-linux-gnu/libpng16.so.16.34.0
7fdc1f9ba000-7fdc1fbb9000 ---p 00031000 08:01 22023387                   /usr/lib/x86_64-linux-gnu/libpng16.so.16.34.0
7fdc1fbb9000-7fdc1fbba000 r--p 00030000 08:01 22023387                   /usr/lib/x86_64-linux-gnu/libpng16.so.16.34.0
7fdc1fbba000-7fdc1fbbb000 rw-p 00031000 08:01 22023387                   /usr/lib/x86_64-linux-gnu/libpng16.so.16.34.0
7fdc1fbbb000-7fdc21bbb000 rw-p 00000000 00:00 0 
7fdc21bc4000-7fdc21c2b000 r-xp 00000000 08:01 22023009                   /usr/lib/x86_64-linux-gnu/libjpeg.so.8.1.2
7fdc21c2b000-7fdc21e2a000 ---p 00067000 08:01 22023009                   /usr/lib/x86_64-linux-gnu/libjpeg.so.8.1.2
7fdc21e2a000-7fdc21e2b000 r--p 00066000 08:01 22023009                   /usr/lib/x86_64-linux-gnu/libjpeg.so.8.1.2
7fdc21e2b000-7fdc21e2c000 rw-p 00067000 08:01 22023009                   /usr/lib/x86_64-linux-gnu/libjpeg.so.8.1.2
7fdc21e2c000-7fdc21e9f000 r-xp 00000000 08:01 22022060                   /usr/lib/x86_64-linux-gnu/libtiff.so.5.3.0
7fdc21e9f000-7fdc2209e000 ---p 00073000 08:01 22022060                   /usr/lib/x86_64-linux-gnu/libtiff.so.5.3.0
7fdc2209e000-7fdc220a2000 r--p 00072000 08:01 22022060                   /usr/lib/x86_64-linux-gnu/libtiff.so.5.3.0
7fdc220a2000-7fdc220a3000 rw-p 00076000 08:01 22022060                   /usr/lib/x86_64-linux-gnu/libtiff.so.5.3.0
7fdc220a3000-7fdc220ac000 r-xp 00000000 08:01 22809168                   /usr/lib/R/library/grDevices/libs/cairo.so
7fdc220ac000-7fdc222ab000 ---p 00009000 08:01 22809168                   /usr/lib/R/library/grDevices/libs/cairo.so
7fdc222ab000-7fdc222ac000 r--p 00008000 08:01 22809168                   /usr/lib/R/library/grDevices/libs/cairo.so
7fdc222ac000-7fdc222ad000 rw-p 00009000 08:01 22809168                   /usr/lib/R/library/grDevices/libs/cairo.so
7fdc222ad000-7fdc222b3000 r-xp 00000000 08:01 2885346                    /usr/lib/R/library/pbdZMQ/libs/pbdZMQ.so
7fdc222b3000-7fdc224b2000 ---p 00006000 08:01 2885346                    /usr/lib/R/library/pbdZMQ/libs/pbdZMQ.so
7fdc224b2000-7fdc224b3000 r--p 00005000 08:01 2885346                    /usr/lib/R/library/pbdZMQ/libs/pbdZMQ.so
7fdc224b3000-7fdc224b4000 rw-p 00006000 08:01 2885346                    /usr/lib/R/library/pbdZMQ/libs/pbdZMQ.so
7fdc224b4000-7fdc22515000 rw-p 00000000 00:00 0 
7fdc22515000-7fdc2258b000 r-xp 00000000 08:01 2885347                    /usr/lib/R/library/pbdZMQ/libs/libzmq.so
7fdc2258b000-7fdc2278b000 ---p 00076000 08:01 2885347                    /usr/lib/R/library/pbdZMQ/libs/libzmq.so
7fdc2278b000-7fdc22790000 r--p 00076000 08:01 2885347                    /usr/lib/R/library/pbdZMQ/libs/libzmq.so
7fdc22790000-7fdc22791000 rw-p 0007b000 08:01 2885347                    /usr/lib/R/library/pbdZMQ/libs/libzmq.so
7fdc22791000-7fdc2279c000 r-xp 00000000 08:01 12849896                   /lib/x86_64-linux-gnu/libnss_files-2.27.so
7fdc2279c000-7fdc2299b000 ---p 0000b000 08:01 12849896                   /lib/x86_64-linux-gnu/libnss_files-2.27.so
7fdc2299b000-7fdc2299c000 r--p 0000a000 08:01 12849896                   /lib/x86_64-linux-gnu/libnss_files-2.27.so
7fdc2299c000-7fdc2299d000 rw-p 0000b000 08:01 12849896                   /lib/x86_64-linux-gnu/libnss_files-2.27.so
7fdc2299d000-7fdc229a3000 rw-p 00000000 00:00 0 
7fdc229a3000-7fdc229ba000 r-xp 00000000 08:01 12849890                   /lib/x86_64-linux-gnu/libnsl-2.27.so
7fdc229ba000-7fdc22bb9000 ---p 00017000 08:01 12849890                   /lib/x86_64-linux-gnu/libnsl-2.27.so
7fdc22bb9000-7fdc22bba000 r--p 00016000 08:01 12849890                   /lib/x86_64-linux-gnu/libnsl-2.27.so
7fdc22bba000-7fdc22bbb000 rw-p 00017000 08:01 12849890                   /lib/x86_64-linux-gnu/libnsl-2.27.so
7fdc22bbb000-7fdc22bbd000 rw-p 00000000 00:00 0 
7fdc22bbd000-7fdc24bbd000 rw-p 00000000 00:00 0 
7fdc24ca8000-7fdc24cad000 rw-p 00000000 00:00 0 
7fdc24cad000-7fdc24d91000 ---p 00000000 00:00 0 
7fdc24d91000-7fdc24d9c000 r-xp 00000000 08:01 12849907                   /lib/x86_64-linux-gnu/libnss_nis-2.27.so
7fdc24d9c000-7fdc24f9b000 ---p 0000b000 08:01 12849907                   /lib/x86_64-linux-gnu/libnss_nis-2.27.so
7fdc24f9b000-7fdc24f9c000 r--p 0000a000 08:01 12849907                   /lib/x86_64-linux-gnu/libnss_nis-2.27.so
7fdc24f9c000-7fdc24f9d000 rw-p 0000b000 08:01 12849907                   /lib/x86_64-linux-gnu/libnss_nis-2.27.so
7fdc24f9d000-7fdc24fa5000 r-xp 00000000 08:01 12849892                   /lib/x86_64-linux-gnu/libnss_compat-2.27.so
7fdc24fa5000-7fdc251a5000 ---p 00008000 08:01 12849892                   /lib/x86_64-linux-gnu/libnss_compat-2.27.so
7fdc251a5000-7fdc251a6000 r--p 00008000 08:01 12849892                   /lib/x86_64-linux-gnu/libnss_compat-2.27.so
7fdc251a6000-7fdc251a7000 rw-p 00009000 08:01 12849892                   /lib/x86_64-linux-gnu/libnss_compat-2.27.so
7fdc251a7000-7fdc251bc000 r-xp 00000000 08:01 22939767                   /usr/lib/R/library/tools/libs/tools.so
7fdc251bc000-7fdc253bc000 ---p 00015000 08:01 22939767                   /usr/lib/R/library/tools/libs/tools.so
7fdc253bc000-7fdc253bd000 r--p 00015000 08:01 22939767                   /usr/lib/R/library/tools/libs/tools.so
7fdc253bd000-7fdc253be000 rw-p 00016000 08:01 22939767                   /usr/lib/R/library/tools/libs/tools.so
7fdc253be000-7fdc273be000 rw-p 00000000 00:00 0 
7fdc27441000-7fdc27446000 rw-p 00000000 00:00 0 
7fdc27446000-7fdc2752a000 ---p 00000000 00:00 0 
7fdc2752a000-7fdc27548000 r-xp 00000000 08:01 25298415                   /usr/local/lib/R/site-library/rlang/libs/rlang.so
7fdc27548000-7fdc27747000 ---p 0001e000 08:01 25298415                   /usr/local/lib/R/site-library/rlang/libs/rlang.so
7fdc27747000-7fdc27749000 r--p 0001d000 08:01 25298415                   /usr/local/lib/R/site-library/rlang/libs/rlang.so
7fdc27749000-7fdc2774a000 rw-p 0001f000 08:01 25298415                   /usr/local/lib/R/site-library/rlang/libs/rlang.so
7fdc2774a000-7fdc27758000 r-xp 00000000 08:01 787458                     /usr/lib/R/library/jsonlite/libs/jsonlite.so
7fdc27758000-7fdc27958000 ---p 0000e000 08:01 787458                     /usr/lib/R/library/jsonlite/libs/jsonlite.so
7fdc27958000-7fdc27959000 r--p 0000e000 08:01 787458                     /usr/lib/R/library/jsonlite/libs/jsonlite.so
7fdc27959000-7fdc2795a000 rw-p 0000f000 08:01 787458                     /usr/lib/R/library/jsonlite/libs/jsonlite.so
7fdc2795a000-7fdc279b5000 r-xp 00000000 08:01 25298538                   /usr/local/lib/R/site-library/Rcpp/libs/Rcpp.so
7fdc279b5000-7fdc27bb5000 ---p 0005b000 08:01 25298538                   /usr/local/lib/R/site-library/Rcpp/libs/Rcpp.so
7fdc27bb5000-7fdc27bb6000 r--p 0005b000 08:01 25298538                   /usr/local/lib/R/site-library/Rcpp/libs/Rcpp.so
7fdc27bb6000-7fdc27bb7000 rw-p 0005c000 08:01 25298538                   /usr/local/lib/R/site-library/Rcpp/libs/Rcpp.so
7fdc27bb7000-7fdc27bbf000 rw-p 00000000 00:00 0 
7fdc27bbf000-7fdc2bbbf000 rw-p 00000000 00:00 0 
7fdc2bbd1000-7fdc2bbe0000 r-xp 00000000 08:01 787285                     /usr/lib/R/library/htmltools/libs/htmltools.so
7fdc2bbe0000-7fdc2bddf000 ---p 0000f000 08:01 787285                     /usr/lib/R/library/htmltools/libs/htmltools.so
7fdc2bddf000-7fdc2bde0000 r--p 0000e000 08:01 787285                     /usr/lib/R/library/htmltools/libs/htmltools.so
7fdc2bde0000-7fdc2bde1000 rw-p 0000f000 08:01 787285                     /usr/lib/R/library/htmltools/libs/htmltools.so
7fdc2bde1000-7fdc2bde4000 r-xp 00000000 08:01 921563                     /usr/lib/R/library/base64enc/libs/base64enc.so
7fdc2bde4000-7fdc2bfe3000 ---p 00003000 08:01 921563                     /usr/lib/R/library/base64enc/libs/base64enc.so
7fdc2bfe3000-7fdc2bfe4000 r--p 00002000 08:01 921563                     /usr/lib/R/library/base64enc/libs/base64enc.so
7fdc2bfe4000-7fdc2bfe5000 rw-p 00003000 08:01 921563                     /usr/lib/R/library/base64enc/libs/base64enc.so
7fdc2bfe5000-7fdc2bfe7000 rw-p 00000000 00:00 0 
7fdc2bfe7000-7fdc2bfea000 r-xp 00000000 08:01 2885417                    /usr/lib/R/library/uuid/libs/uuid.so
7fdc2bfea000-7fdc2c1e9000 ---p 00003000 08:01 2885417                    /usr/lib/R/library/uuid/libs/uuid.so
7fdc2c1e9000-7fdc2c1ea000 r--p 00002000 08:01 2885417                    /usr/lib/R/library/uuid/libs/uuid.so
7fdc2c1ea000-7fdc2c1eb000 rw-p 00003000 08:01 2885417                    /usr/lib/R/library/uuid/libs/uuid.so
7fdc2c1eb000-7fdc2c208000 r-xp 00000000 08:01 25298299                   /usr/local/lib/R/site-library/digest/libs/digest.so
7fdc2c208000-7fdc2c407000 ---p 0001d000 08:01 25298299                   /usr/local/lib/R/site-library/digest/libs/digest.so
7fdc2c407000-7fdc2c408000 r--p 0001c000 08:01 25298299                   /usr/local/lib/R/site-library/digest/libs/digest.so
7fdc2c408000-7fdc2c409000 rw-p 0001d000 08:01 25298299                   /usr/local/lib/R/site-library/digest/libs/digest.so
7fdc2c409000-7fdc2c40b000 rw-p 00000000 00:00 0 
7fdc2c40b000-7fdc2ca8f000 r-xp 00000000 08:01 22152790                   /usr/lib/x86_64-linux-gnu/openblas/liblapack.so.3
7fdc2ca8f000-7fdc2cc8e000 ---p 00684000 08:01 22152790                   /usr/lib/x86_64-linux-gnu/openblas/liblapack.so.3
7fdc2cc8e000-7fdc2cc8f000 r--p 00683000 08:01 22152790                   /usr/lib/x86_64-linux-gnu/openblas/liblapack.so.3
7fdc2cc8f000-7fdc2cc91000 rw-p 00684000 08:01 22152790                   /usr/lib/x86_64-linux-gnu/openblas/liblapack.so.3
7fdc2cc91000-7fdc2cd34000 r-xp 00000000 08:01 22939005                   /usr/lib/R/library/stats/libs/stats.so
7fdc2cd34000-7fdc2cf34000 ---p 000a3000 08:01 22939005                   /usr/lib/R/library/stats/libs/stats.so
7fdc2cf34000-7fdc2cf36000 r--p 000a3000 08:01 22939005                   /usr/lib/R/library/stats/libs/stats.so
7fdc2cf36000-7fdc2cf37000 rw-p 000a5000 08:01 22939005                   /usr/lib/R/library/stats/libs/stats.so
7fdc2cf37000-7fdc2cf38000 rw-p 00000000 00:00 0 
7fdc2cf38000-7fdc2cf82000 r-xp 00000000 08:01 22809209                   /usr/lib/R/library/graphics/libs/graphics.so
7fdc2cf82000-7fdc2d182000 ---p 0004a000 08:01 22809209                   /usr/lib/R/library/graphics/libs/graphics.so
7fdc2d182000-7fdc2d183000 r--p 0004a000 08:01 22809209                   /usr/lib/R/library/graphics/libs/graphics.so
7fdc2d183000-7fdc2d184000 rw-p 0004b000 08:01 22809209                   /usr/lib/R/library/graphics/libs/graphics.so
7fdc2d184000-7fdc2d1bb000 r-xp 00000000 08:01 22809169                   /usr/lib/R/library/grDevices/libs/grDevices.so
7fdc2d1bb000-7fdc2d3ba000 ---p 00037000 08:01 22809169                   /usr/lib/R/library/grDevices/libs/grDevices.so
7fdc2d3ba000-7fdc2d3bf000 r--p 00036000 08:01 22809169                   /usr/lib/R/library/grDevices/libs/grDevices.so
7fdc2d3bf000-7fdc2d3c1000 rw-p 0003b000 08:01 22809169                   /usr/lib/R/library/grDevices/libs/grDevices.so
7fdc2d3c1000-7fdc2d3c2000 rw-p 00000000 00:00 0 
7fdc2d3c2000-7fdc2d401000 r-xp 00000000 08:01 22024871                   /usr/lib/x86_64-linux-gnu/libquadmath.so.0.0.0
7fdc2d401000-7fdc2d600000 ---p 0003f000 08:01 22024871                   /usr/lib/x86_64-linux-gnu/libquadmath.so.0.0.0
7fdc2d600000-7fdc2d601000 r--p 0003e000 08:01 22024871                   /usr/lib/x86_64-linux-gnu/libquadmath.so.0.0.0
7fdc2d601000-7fdc2d602000 rw-p 0003f000 08:01 22024871                   /usr/lib/x86_64-linux-gnu/libquadmath.so.0.0.0
7fdc2d602000-7fdc2d7de000 r-xp 00000000 08:01 22034262                   /usr/lib/x86_64-linux-gnu/libgfortran.so.4.0.0
7fdc2d7de000-7fdc2d9de000 ---p 001dc000 08:01 22034262                   /usr/lib/x86_64-linux-gnu/libgfortran.so.4.0.0
7fdc2d9de000-7fdc2d9df000 r--p 001dc000 08:01 22034262                   /usr/lib/x86_64-linux-gnu/libgfortran.so.4.0.0
7fdc2d9df000-7fdc2d9e0000 rw-p 001dd000 08:01 22034262                   /usr/lib/x86_64-linux-gnu/libgfortran.so.4.0.0
7fdc2d9e0000-7fdc2d9e1000 rw-p 00000000 00:00 0 
7fdc2d9e1000-7fdc2d9f8000 r-xp 00000000 08:01 12845062                   /lib/x86_64-linux-gnu/libgcc_s.so.1
7fdc2d9f8000-7fdc2dbf7000 ---p 00017000 08:01 12845062                   /lib/x86_64-linux-gnu/libgcc_s.so.1
7fdc2dbf7000-7fdc2dbf8000 r--p 00016000 08:01 12845062                   /lib/x86_64-linux-gnu/libgcc_s.so.1
7fdc2dbf8000-7fdc2dbf9000 rw-p 00017000 08:01 12845062                   /lib/x86_64-linux-gnu/libgcc_s.so.1
7fdc2dbf9000-7fdc2dd72000 r-xp 00000000 08:01 22022767                   /usr/lib/x86_64-linux-gnu/libstdc++.so.6.0.25
7fdc2dd72000-7fdc2df72000 ---p 00179000 08:01 22022767                   /usr/lib/x86_64-linux-gnu/libstdc++.so.6.0.25
7fdc2df72000-7fdc2df7c000 r--p 00179000 08:01 22022767                   /usr/lib/x86_64-linux-gnu/libstdc++.so.6.0.25
7fdc2df7c000-7fdc2df7e000 rw-p 00183000 08:01 22022767                   /usr/lib/x86_64-linux-gnu/libstdc++.so.6.0.25
7fdc2df7e000-7fdc2df82000 rw-p 00000000 00:00 0 
7fdc2df82000-7fdc2f92a000 r-xp 00000000 08:01 22028331                   /usr/lib/x86_64-linux-gnu/libicudata.so.60.2
7fdc2f92a000-7fdc2fb29000 ---p 019a8000 08:01 22028331                   /usr/lib/x86_64-linux-gnu/libicudata.so.60.2
7fdc2fb29000-7fdc2fb2a000 r--p 019a7000 08:01 22028331                   /usr/lib/x86_64-linux-gnu/libicudata.so.60.2
7fdc2fb2a000-7fdc2fb2b000 rw-p 019a8000 08:01 22028331                   /usr/lib/x86_64-linux-gnu/libicudata.so.60.2
7fdc2fb2b000-7fdc2fb50000 r-xp 00000000 08:01 12849964                   /lib/x86_64-linux-gnu/libtinfo.so.5.9
7fdc2fb50000-7fdc2fd50000 ---p 00025000 08:01 12849964                   /lib/x86_64-linux-gnu/libtinfo.so.5.9
7fdc2fd50000-7fdc2fd54000 r--p 00025000 08:01 12849964                   /lib/x86_64-linux-gnu/libtinfo.so.5.9
7fdc2fd54000-7fdc2fd55000 rw-p 00029000 08:01 12849964                   /lib/x86_64-linux-gnu/libtinfo.so.5.9
7fdc2fd55000-7fdc31dca000 r-xp 00000000 08:01 22034358                   /usr/lib/x86_64-linux-gnu/libopenblasp-r0.2.20.so
7fdc31dca000-7fdc31fc9000 ---p 02075000 08:01 22034358                   /usr/lib/x86_64-linux-gnu/libopenblasp-r0.2.20.so
7fdc31fc9000-7fdc31fcf000 r--p 02074000 08:01 22034358                   /usr/lib/x86_64-linux-gnu/libopenblasp-r0.2.20.so
7fdc31fcf000-7fdc31fe2000 rw-p 0207a000 08:01 22034358                   /usr/lib/x86_64-linux-gnu/libopenblasp-r0.2.20.so
7fdc31fe2000-7fdc31ffb000 rw-p 00000000 00:00 0 
7fdc31ffb000-7fdc32015000 r-xp 00000000 08:01 12849939                   /lib/x86_64-linux-gnu/libpthread-2.27.so
7fdc32015000-7fdc32214000 ---p 0001a000 08:01 12849939                   /lib/x86_64-linux-gnu/libpthread-2.27.so
7fdc32214000-7fdc32215000 r--p 00019000 08:01 12849939                   /lib/x86_64-linux-gnu/libpthread-2.27.so
7fdc32215000-7fdc32216000 rw-p 0001a000 08:01 12849939                   /lib/x86_64-linux-gnu/libpthread-2.27.so
7fdc32216000-7fdc3221a000 rw-p 00000000 00:00 0 
7fdc3221a000-7fdc32248000 r-xp 00000000 08:01 22023382                   /usr/lib/x86_64-linux-gnu/libgomp.so.1.0.0
7fdc32248000-7fdc32447000 ---p 0002e000 08:01 22023382                   /usr/lib/x86_64-linux-gnu/libgomp.so.1.0.0
7fdc32447000-7fdc32448000 r--p 0002d000 08:01 22023382                   /usr/lib/x86_64-linux-gnu/libgomp.so.1.0.0
7fdc32448000-7fdc32449000 rw-p 0002e000 08:01 22023382                   /usr/lib/x86_64-linux-gnu/libgomp.so.1.0.0
7fdc32449000-7fdc326db000 r-xp 00000000 08:01 22028333                   /usr/lib/x86_64-linux-gnu/libicui18n.so.60.2
7fdc326db000-7fdc328da000 ---p 00292000 08:01 22028333                   /usr/lib/x86_64-linux-gnu/libicui18n.so.60.2
7fdc328da000-7fdc328e9000 r--p 00291000 08:01 22028333                   /usr/lib/x86_64-linux-gnu/libicui18n.so.60.2
7fdc328e9000-7fdc328ea000 rw-p 002a0000 08:01 22028333                   /usr/lib/x86_64-linux-gnu/libicui18n.so.60.2
7fdc328ea000-7fdc32a8d000 r-xp 00000000 08:01 22028341                   /usr/lib/x86_64-linux-gnu/libicuuc.so.60.2
7fdc32a8d000-7fdc32c8c000 ---p 001a3000 08:01 22028341                   /usr/lib/x86_64-linux-gnu/libicuuc.so.60.2
7fdc32c8c000-7fdc32c9f000 r--p 001a2000 08:01 22028341                   /usr/lib/x86_64-linux-gnu/libicuuc.so.60.2
7fdc32c9f000-7fdc32ca0000 rw-p 001b5000 08:01 22028341                   /usr/lib/x86_64-linux-gnu/libicuuc.so.60.2
7fdc32ca0000-7fdc32ca1000 rw-p 00000000 00:00 0 
7fdc32ca1000-7fdc32ca4000 r-xp 00000000 08:01 12849829                   /lib/x86_64-linux-gnu/libdl-2.27.so
7fdc32ca4000-7fdc32ea3000 ---p 00003000 08:01 12849829                   /lib/x86_64-linux-gnu/libdl-2.27.so
7fdc32ea3000-7fdc32ea4000 r--p 00002000 08:01 12849829                   /lib/x86_64-linux-gnu/libdl-2.27.so
7fdc32ea4000-7fdc32ea5000 rw-p 00003000 08:01 12849829                   /lib/x86_64-linux-gnu/libdl-2.27.so
7fdc32ea5000-7fdc32eac000 r-xp 00000000 08:01 12849947                   /lib/x86_64-linux-gnu/librt-2.27.so
7fdc32eac000-7fdc330ab000 ---p 00007000 08:01 12849947                   /lib/x86_64-linux-gnu/librt-2.27.so
7fdc330ab000-7fdc330ac000 r--p 00006000 08:01 12849947                   /lib/x86_64-linux-gnu/librt-2.27.so
7fdc330ac000-7fdc330ad000 rw-p 00007000 08:01 12849947                   /lib/x86_64-linux-gnu/librt-2.27.so
7fdc330ad000-7fdc330c9000 r-xp 00000000 08:01 12849978                   /lib/x86_64-linux-gnu/libz.so.1.2.11
7fdc330c9000-7fdc332c8000 ---p 0001c000 08:01 12849978                   /lib/x86_64-linux-gnu/libz.so.1.2.11
7fdc332c8000-7fdc332c9000 r--p 0001b000 08:01 12849978                   /lib/x86_64-linux-gnu/libz.so.1.2.11
7fdc332c9000-7fdc332ca000 rw-p 0001c000 08:01 12849978                   /lib/x86_64-linux-gnu/libz.so.1.2.11
7fdc332ca000-7fdc332d9000 r-xp 00000000 08:01 12845072                   /lib/x86_64-linux-gnu/libbz2.so.1.0.4
7fdc332d9000-7fdc334d8000 ---p 0000f000 08:01 12845072                   /lib/x86_64-linux-gnu/libbz2.so.1.0.4
7fdc334d8000-7fdc334d9000 r--p 0000e000 08:01 12845072                   /lib/x86_64-linux-gnu/libbz2.so.1.0.4
7fdc334d9000-7fdc334da000 rw-p 0000f000 08:01 12845072                   /lib/x86_64-linux-gnu/libbz2.so.1.0.4
7fdc334da000-7fdc334fe000 r-xp 00000000 08:01 12849866                   /lib/x86_64-linux-gnu/liblzma.so.5.2.2
7fdc334fe000-7fdc336fe000 ---p 00024000 08:01 12849866                   /lib/x86_64-linux-gnu/liblzma.so.5.2.2
7fdc336fe000-7fdc336ff000 r--p 00024000 08:01 12849866                   /lib/x86_64-linux-gnu/liblzma.so.5.2.2
7fdc336ff000-7fdc33700000 rw-p 00025000 08:01 12849866                   /lib/x86_64-linux-gnu/liblzma.so.5.2.2
7fdc33700000-7fdc33770000 r-xp 00000000 08:01 12849928                   /lib/x86_64-linux-gnu/libpcre.so.3.13.3
7fdc33770000-7fdc33970000 ---p 00070000 08:01 12849928                   /lib/x86_64-linux-gnu/libpcre.so.3.13.3
7fdc33970000-7fdc33971000 r--p 00070000 08:01 12849928                   /lib/x86_64-linux-gnu/libpcre.so.3.13.3
7fdc33971000-7fdc33972000 rw-p 00071000 08:01 12849928                   /lib/x86_64-linux-gnu/libpcre.so.3.13.3
7fdc33972000-7fdc339b3000 r-xp 00000000 08:01 12849944                   /lib/x86_64-linux-gnu/libreadline.so.7.0
7fdc339b3000-7fdc33bb2000 ---p 00041000 08:01 12849944                   /lib/x86_64-linux-gnu/libreadline.so.7.0
7fdc33bb2000-7fdc33bb4000 r--p 00040000 08:01 12849944                   /lib/x86_64-linux-gnu/libreadline.so.7.0
7fdc33bb4000-7fdc33bba000 rw-p 00042000 08:01 12849944                   /lib/x86_64-linux-gnu/libreadline.so.7.0
7fdc33bba000-7fdc33bbb000 rw-p 00000000 00:00 0 
7fdc33bbb000-7fdc33d58000 r-xp 00000000 08:01 12849869                   /lib/x86_64-linux-gnu/libm-2.27.so
7fdc33d58000-7fdc33f57000 ---p 0019d000 08:01 12849869                   /lib/x86_64-linux-gnu/libm-2.27.so
7fdc33f57000-7fdc33f58000 r--p 0019c000 08:01 12849869                   /lib/x86_64-linux-gnu/libm-2.27.so
7fdc33f58000-7fdc33f59000 rw-p 0019d000 08:01 12849869                   /lib/x86_64-linux-gnu/libm-2.27.so
7fdc33f59000-7fdc33faf000 r-xp 00000000 08:01 22152789                   /usr/lib/x86_64-linux-gnu/openblas/libblas.so.3
7fdc33faf000-7fdc341ae000 ---p 00056000 08:01 22152789                   /usr/lib/x86_64-linux-gnu/openblas/libblas.so.3
7fdc341ae000-7fdc341b3000 r--p 00055000 08:01 22152789                   /usr/lib/x86_64-linux-gnu/openblas/libblas.so.3
7fdc341b3000-7fdc341b4000 rw-p 0005a000 08:01 22152789                   /usr/lib/x86_64-linux-gnu/openblas/libblas.so.3
7fdc341b4000-7fdc3439b000 r-xp 00000000 08:01 12849806                   /lib/x86_64-linux-gnu/libc-2.27.so
7fdc3439b000-7fdc3459b000 ---p 001e7000 08:01 12849806                   /lib/x86_64-linux-gnu/libc-2.27.so
7fdc3459b000-7fdc3459f000 r--p 001e7000 08:01 12849806                   /lib/x86_64-linux-gnu/libc-2.27.so
7fdc3459f000-7fdc345a1000 rw-p 001eb000 08:01 12849806                   /lib/x86_64-linux-gnu/libc-2.27.so
7fdc345a1000-7fdc345a5000 rw-p 00000000 00:00 0 
7fdc345a5000-7fdc348ae000 r-xp 00000000 08:01 22288065                   /usr/lib/R/lib/libR.so
7fdc348ae000-7fdc34aad000 ---p 00309000 08:01 22288065                   /usr/lib/R/lib/libR.so
7fdc34aad000-7fdc34acb000 r--p 00308000 08:01 22288065                   /usr/lib/R/lib/libR.so
7fdc34acb000-7fdc34ad6000 rw-p 00326000 08:01 22288065                   /usr/lib/R/lib/libR.so
7fdc34ad6000-7fdc34c28000 rw-p 00000000 00:00 0 
7fdc34c28000-7fdc34c4f000 r-xp 00000000 08:01 12849778                   /lib/x86_64-linux-gnu/ld-2.27.so
7fdc34c9f000-7fdc34cd6000 rw-p 00000000 00:00 0 
7fdc34cd6000-7fdc34ce0000 ---p 00000000 00:00 0 
7fdc34ce0000-7fdc34e32000 rw-p 00000000 00:00 0 
7fdc34e3a000-7fdc34e3c000 r--s 00007000 08:01 22420049                   /usr/share/java/java-atk-wrapper.jar
7fdc34e3c000-7fdc34e44000 rw-s 00000000 08:01 3410913                    /tmp/hsperfdata_dsuser04/31124
7fdc34e44000-7fdc34e45000 ---p 00000000 00:00 0 
7fdc34e45000-7fdc34e46000 r--p 00000000 00:00 0 
7fdc34e46000-7fdc34e4d000 r--s 00000000 08:01 22285294                   /usr/lib/x86_64-linux-gnu/gconv/gconv-modules.cache
7fdc34e4d000-7fdc34e4f000 rw-p 00000000 00:00 0 
7fdc34e4f000-7fdc34e50000 r--p 00027000 08:01 12849778                   /lib/x86_64-linux-gnu/ld-2.27.so
7fdc34e50000-7fdc34e51000 rw-p 00028000 08:01 12849778                   /lib/x86_64-linux-gnu/ld-2.27.so
7fdc34e51000-7fdc34e52000 rw-p 00000000 00:00 0 
7ffc6cb0e000-7ffc6cc0a000 rw-p 00000000 00:00 0                          [stack]
7ffc6ccf7000-7ffc6ccfa000 r--p 00000000 00:00 0                          [vvar]
7ffc6ccfa000-7ffc6ccfc000 r-xp 00000000 00:00 0                          [vdso]
ffffffffff600000-ffffffffff601000 r-xp 00000000 00:00 0                  [vsyscall]


VM Arguments:
jvm_args: -Xmx512m -Xrs vfprintf exit -XX:+UnlockExperimentalVMOptions -XX:+DisablePrimordialThreadGuardPages 
java_command: <unknown>
java_class_path (initial): /usr/lib/R/library/rJava/java/boot
Launcher Type: generic

[Global flags]
     intx CICompilerCount                          = 12                                        {product} {ergonomic}
     uint ConcGCThreads                            = 3                                         {product} {ergonomic}
     bool DisablePrimordialThreadGuardPages        = true                                 {experimental} {command line}
     uint G1ConcRefinementThreads                  = 13                                        {product} {ergonomic}
   size_t G1HeapRegionSize                         = 1048576                                   {product} {ergonomic}
    uintx GCDrainStackTargetSize                   = 64                                        {product} {ergonomic}
   size_t InitialHeapSize                          = 264241152                                 {product} {ergonomic}
   size_t MarkStackSize                            = 4194304                                   {product} {ergonomic}
   size_t MaxHeapSize                              = 536870912                                 {product} {command line}
   size_t MinHeapDeltaBytes                        = 1048576                                   {product} {ergonomic}
    uintx NonNMethodCodeHeapSize                   = 7591728                                {pd product} {ergonomic}
    uintx NonProfiledCodeHeapSize                  = 122033256                              {pd product} {ergonomic}
    uintx ProfiledCodeHeapSize                     = 122033256                              {pd product} {ergonomic}
     bool ReduceSignalUsage                        = true                                      {product} {command line}
    uintx ReservedCodeCacheSize                    = 251658240                              {pd product} {ergonomic}
     bool SegmentedCodeCache                       = true                                      {product} {ergonomic}
     bool UnlockExperimentalVMOptions              = true                                 {experimental} {command line}
     bool UseCompressedClassPointers               = true                                 {lp64_product} {ergonomic}
     bool UseCompressedOops                        = true                                 {lp64_product} {ergonomic}
     bool UseG1GC                                  = true                                      {product} {ergonomic}

Logging:
Log output configuration:
 #0: stdout all=warning uptime,level,tags
 #1: stderr all=off uptime,level,tags

Environment Variables:
PATH=/usr/local/sbin:/usr/local/bin:/usr/sbin:/usr/bin:/sbin:/bin:/usr/games:/usr/local/games:/snap/bin
LD_LIBRARY_PATH=/usr/lib/R/lib:/usr/lib/x86_64-linux-gnu:/usr/lib/jvm/default-java/lib/server
SHELL=/bin/bash

Signal Handlers:
SIGSEGV: [libjvm.so+0xde5f50], sa_mask[0]=11111111011111111101111111111110, sa_flags=SA_RESTART|SA_SIGINFO
SIGBUS: [libjvm.so+0xde5f50], sa_mask[0]=11111111011111111101111111111110, sa_flags=SA_RESTART|SA_SIGINFO
SIGFPE: [libjvm.so+0xde5f50], sa_mask[0]=11111111011111111101111111111110, sa_flags=SA_RESTART|SA_SIGINFO
SIGPIPE: [libjvm.so+0xbba5b0], sa_mask[0]=11111111011111111101111111111110, sa_flags=SA_RESTART|SA_SIGINFO
SIGXFSZ: [libjvm.so+0xbba5b0], sa_mask[0]=11111111011111111101111111111110, sa_flags=SA_RESTART|SA_SIGINFO
SIGILL: [libjvm.so+0xde5f50], sa_mask[0]=11111111011111111101111111111110, sa_flags=SA_RESTART|SA_SIGINFO
SIGUSR2: [libjvm.so+0xbba450], sa_mask[0]=00000000000000000000000000000000, sa_flags=SA_RESTART|SA_SIGINFO
SIGHUP: SIG_DFL, sa_mask[0]=00000000000000000000000000000000, sa_flags=none
SIGINT: [libR.so+0x169640], sa_mask[0]=01000000000000000000000000000000, sa_flags=SA_RESTART
SIGTERM: SIG_DFL, sa_mask[0]=00000000000000000000000000000000, sa_flags=none
SIGQUIT: SIG_DFL, sa_mask[0]=00000000000000000000000000000000, sa_flags=none


---------------  S Y S T E M  ---------------

OS:DISTRIB_ID=Ubuntu
DISTRIB_RELEASE=18.04
DISTRIB_CODENAME=bionic
DISTRIB_DESCRIPTION="Ubuntu 18.04.3 LTS"
uname:Linux 4.15.0-66-generic #75-Ubuntu SMP Tue Oct 1 05:24:09 UTC 2019 x86_64
libc:glibc 2.27 NPTL 2.27 
rlimit: STACK 8192k, CORE 0k, NPROC 63910, NOFILE 1048576, AS infinity, DATA infinity, FSIZE infinity
load average:1.05 2.68 2.57

/proc/meminfo:
MemTotal:       16422580 kB
MemFree:          240292 kB
MemAvailable:          0 kB
Buffers:            6228 kB
Cached:           186032 kB
SwapCached:         4744 kB
Active:         11637032 kB
Inactive:        3983276 kB
Active(anon):   11613952 kB
Inactive(anon):  3889668 kB
Active(file):      23080 kB
Inactive(file):    93608 kB
Unevictable:          96 kB
Mlocked:              96 kB
SwapTotal:       2097148 kB
SwapFree:              0 kB
Dirty:               104 kB
Writeback:             4 kB
AnonPages:      15423764 kB
Mapped:           128712 kB
Shmem:             75420 kB
Slab:             213076 kB
SReclaimable:      87228 kB
SUnreclaim:       125848 kB
KernelStack:       38192 kB
PageTables:       173080 kB
NFS_Unstable:          0 kB
Bounce:                0 kB
WritebackTmp:          0 kB
CommitLimit:    10308436 kB
Committed_AS:   65010772 kB
VmallocTotal:   34359738367 kB
VmallocUsed:           0 kB
VmallocChunk:          0 kB
HardwareCorrupted:     0 kB
AnonHugePages:         0 kB
ShmemHugePages:        0 kB
ShmemPmdMapped:        0 kB
CmaTotal:              0 kB
CmaFree:               0 kB
HugePages_Total:       0
HugePages_Free:        0
HugePages_Rsvd:        0
HugePages_Surp:        0
Hugepagesize:       2048 kB
DirectMap4k:      550848 kB
DirectMap2M:    16226304 kB
DirectMap1G:     2097152 kB


/proc/sys/kernel/threads-max (system-wide limit on the number of threads):
127820


/proc/sys/vm/max_map_count (maximum number of memory map areas a process may have):
65530


/proc/sys/kernel/pid_max (system-wide limit on number of process identifiers):
32768



container (cgroup) information:
container_type: cgroupv1
cpu_cpuset_cpus: 0-15
cpu_memory_nodes: 0-7
active_processor_count: 16
cpu_quota: -1
cpu_period: 100000
cpu_shares: -1
memory_limit_in_bytes: -1
memory_and_swap_limit_in_bytes: -2
memory_soft_limit_in_bytes: -1
memory_usage_in_bytes: 15994662912
memory_max_usage_in_bytes: 54989590528

Steal ticks since vm start: 0
Steal ticks percentage since vm start:  0.000

CPU:total 16 (initial active 16) (2 cores per cpu, 1 threads per core) family 6 model 79 stepping 1, cmov, cx8, fxsr, mmx, sse, sse2, sse3, ssse3, sse4.1, sse4.2, popcnt, avx, avx2, aes, clmul, erms, rtm, 3dnowpref, lzcnt, tsc, tscinvbit, bmi1, bmi2, adx, fma
CPU Model and flags from /proc/cpuinfo:
model name	: Intel(R) Xeon(R) CPU E5-2630 v4 @ 2.20GHz
flags		: fpu vme de pse tsc msr pae mce cx8 apic sep mtrr pge mca cmov pat pse36 clflush dts mmx fxsr sse sse2 ss ht syscall nx pdpe1gb rdtscp lm constant_tsc arch_perfmon pebs bts nopl xtopology tsc_reliable nonstop_tsc cpuid pni pclmulqdq ssse3 fma cx16 pcid sse4_1 sse4_2 x2apic movbe popcnt tsc_deadline_timer aes xsave avx f16c rdrand hypervisor lahf_lm abm 3dnowprefetch cpuid_fault invpcid_single pti ssbd ibrs ibpb stibp fsgsbase tsc_adjust bmi1 hle avx2 smep bmi2 invpcid rtm rdseed adx smap xsaveopt arat flush_l1d arch_capabilities

Memory: 4k page, physical 16422580k(240292k free), swap 2097148k(0k free)

vm_info: OpenJDK 64-Bit Server VM (11.0.4+11-post-Ubuntu-1ubuntu218.04.3) for linux-amd64 JRE (11.0.4+11-post-Ubuntu-1ubuntu218.04.3), built on Jul 18 2019 18:21:46 by "buildd" with gcc 7.4.0

END.
